<?xml version="1.0" encoding="UTF-8"?>
<testsuite xmlns:xsi="http://www.w3.org/2001/XMLSchema-instance" xsi:noNamespaceSchemaLocation="https://maven.apache.org/surefire/maven-surefire-plugin/xsd/surefire-test-report-3.0.xsd" version="3.0" name="ec.edu.uteq.sga.integration.AuditoriaFlywayMigrationContainerTest" time="27.068" tests="2" errors="0" skipped="0" failures="0">
  <properties>
[...]
</properties>
  <testcase name="pipelineRealDeFlywayCreaTriggerDeInmutabilidad" classname="ec.edu.uteq.sga.integration.AuditoriaFlywayMigrationContainerTest" time="3.477">
    <system-out><![CDATA[21:52:58.127 [main] INFO org.testcontainers.images.PullPolicy -- Image pull policy will be performed by: DefaultPullPolicy()
21:52:58.157 [main] INFO org.testcontainers.utility.ImageNameSubstitutor -- Image name substitution will be performed by: DefaultImageNameSubstitutor (composite of 'ConfigurationFileImageNameSubstitutor' and 'PrefixingImageNameSubstitutor')
21:52:59.209 [main] INFO org.testcontainers.dockerclient.DockerClientProviderStrategy -- Loaded org.testcontainers.dockerclient.NpipeSocketClientProviderStrategy from ~/.testcontainers.properties, will try it first
21:53:00.362 [main] INFO org.testcontainers.dockerclient.DockerClientProviderStrategy -- Found Docker environment with local Npipe socket (npipe:////./pipe/docker_engine)
21:53:00.366 [main] INFO org.testcontainers.DockerClientFactory -- Docker host IP address is localhost
21:53:00.440 [main] INFO org.testcontainers.DockerClientFactory -- Connected to docker: 
  Server Version: 29.7.2
  API Version: 1.55
  Operating System: Docker Desktop
  Total Memory: 7575 MB
21:53:01.544 [main] INFO tc.testcontainers/ryuk:0.6.0 -- Creating container for image: testcontainers/ryuk:0.6.0
21:53:02.580 [main] INFO tc.testcontainers/ryuk:0.6.0 -- Container testcontainers/ryuk:0.6.0 is starting: 0bd5617d526e4e6633eb2c95cc6793a29284f57782906ee1bf42d9cc02631430
21:53:04.162 [main] INFO tc.testcontainers/ryuk:0.6.0 -- Container testcontainers/ryuk:0.6.0 started in PT2.6178083S
21:53:04.193 [main] INFO org.testcontainers.utility.RyukResourceReaper -- Ryuk started - will monitor and terminate Testcontainers containers on JVM exit
21:53:04.193 [main] INFO org.testcontainers.DockerClientFactory -- Checking the system...
21:53:04.195 [main] INFO org.testcontainers.DockerClientFactory -- ✔︎ Docker server version should be at least 1.6.0
21:53:04.197 [main] INFO tc.postgres:16-alpine -- Creating container for image: postgres:16-alpine
21:53:04.823 [main] INFO tc.postgres:16-alpine -- Container postgres:16-alpine is starting: ed1c3c9ba76b247bf318d7ca573578c470f5976e64bcbddcae9fd39c1fb259fd
21:53:15.558 [main] INFO tc.postgres:16-alpine -- Container postgres:16-alpine started in PT11.3610159S
21:53:15.560 [main] INFO tc.postgres:16-alpine -- Container is started (JDBC URL: jdbc:postgresql://localhost:57282/e4_e13_migraciones?loggerLevel=OFF)
21:53:15.602 [main] INFO org.testcontainers.ext.ScriptUtils -- Executing database script from db/migration/V8__baseline_completo.sql
21:53:19.449 [main] INFO org.testcontainers.ext.ScriptUtils -- Executed database script from db/migration/V8__baseline_completo.sql in 3846 ms.
21:53:20.016 [main] INFO org.flywaydb.core.internal.license.VersionPrinter -- Flyway Community Edition 9.22.3 by Redgate
21:53:20.016 [main] INFO org.flywaydb.core.internal.license.VersionPrinter -- See release notes here: https://rd.gt/416ObMi
21:53:20.016 [main] INFO org.flywaydb.core.internal.license.VersionPrinter -- 
21:53:20.154 [main] INFO org.flywaydb.core.FlywayExecutor -- Database: jdbc:postgresql://localhost:57282/e4_e13_migraciones (PostgreSQL 16.15)
21:53:20.183 [main] WARN org.flywaydb.core.internal.database.base.Database -- Flyway upgrade recommended: PostgreSQL 16.15 is newer than this version of Flyway and support has not been tested. The latest supported version of PostgreSQL is 15.
21:53:20.355 [main] INFO org.flywaydb.core.internal.schemahistory.JdbcTableSchemaHistory -- Schema history table "sga_principal"."flyway_schema_history" does not exist yet
21:53:20.368 [main] INFO org.flywaydb.core.internal.command.DbValidate -- Successfully validated 18 migrations (execution time 00:00.153s)
21:53:20.490 [main] INFO org.flywaydb.core.internal.schemahistory.JdbcTableSchemaHistory -- Creating Schema History table "sga_principal"."flyway_schema_history" with baseline ...
21:53:20.568 [main] INFO org.flywaydb.core.internal.command.DbBaseline -- Successfully baselined schema with version: 8
21:53:20.666 [main] INFO org.flywaydb.core.internal.command.DbMigrate -- Current version of schema "sga_principal": 8
21:53:20.695 [main] INFO org.flywaydb.core.internal.command.DbMigrate -- Migrating schema "sga_principal" to version "9 - representante usuario y rol"
21:53:20.808 [main] INFO org.flywaydb.core.internal.command.DbMigrate -- Migrating schema "sga_principal" to version "10 - vincular cuentas representante"
21:53:20.878 [main] INFO org.flywaydb.core.internal.command.DbMigrate -- Migrating schema "sga_principal" to version "12 - notificaciones push fcm"
21:53:20.984 [main] INFO org.flywaydb.core.internal.command.DbMigrate -- Migrating schema "sga_principal" to version "13 - trigger y revocacion auditoria"
21:53:21.013 [main] INFO org.flywaydb.core.internal.sqlscript.DefaultSqlScriptExecutor -- DB: trigger "tg_auditoria_append_only" for relation "sga_principal.auditoria" does not exist, skipping
21:53:21.150 [main] INFO org.flywaydb.core.internal.command.DbMigrate -- Migrating schema "sga_principal" to version "14 - cadena auditoria lamport"
21:53:21.161 [main] WARN org.flywaydb.core.internal.sqlscript.DefaultSqlScriptExecutor -- DB: column "hash_anterior" of relation "auditoria" already exists, skipping (SQL State: 42701 - Error Code: 0)
21:53:21.161 [main] WARN org.flywaydb.core.internal.sqlscript.DefaultSqlScriptExecutor -- DB: column "hash_actual" of relation "auditoria" already exists, skipping (SQL State: 42701 - Error Code: 0)
21:53:21.161 [main] WARN org.flywaydb.core.internal.sqlscript.DefaultSqlScriptExecutor -- DB: column "reloj_lamport" of relation "auditoria" already exists, skipping (SQL State: 42701 - Error Code: 0)
21:53:21.213 [main] INFO org.flywaydb.core.internal.command.DbMigrate -- Migrating schema "sga_principal" to version "15 - auditoria campos criptograficos"
21:53:21.219 [main] WARN org.flywaydb.core.internal.sqlscript.DefaultSqlScriptExecutor -- DB: column "hash_anterior" of relation "auditoria" already exists, skipping (SQL State: 42701 - Error Code: 0)
21:53:21.220 [main] WARN org.flywaydb.core.internal.sqlscript.DefaultSqlScriptExecutor -- DB: column "hash_actual" of relation "auditoria" already exists, skipping (SQL State: 42701 - Error Code: 0)
21:53:21.221 [main] WARN org.flywaydb.core.internal.sqlscript.DefaultSqlScriptExecutor -- DB: column "reloj_lamport" of relation "auditoria" already exists, skipping (SQL State: 42701 - Error Code: 0)
21:53:21.222 [main] WARN org.flywaydb.core.internal.sqlscript.DefaultSqlScriptExecutor -- DB: column "vector_reloj" of relation "auditoria" already exists, skipping (SQL State: 42701 - Error Code: 0)
21:53:21.287 [main] INFO org.flywaydb.core.internal.command.DbMigrate -- Migrating schema "sga_principal" to version "16 - estado cadena auditoria"
21:53:21.293 [main] WARN org.flywaydb.core.internal.sqlscript.DefaultSqlScriptExecutor -- DB: column "contenido_canonico" of relation "auditoria" already exists, skipping (SQL State: 42701 - Error Code: 0)
21:53:21.297 [main] WARN org.flywaydb.core.internal.sqlscript.DefaultSqlScriptExecutor -- DB: column "version_canonica" of relation "auditoria" already exists, skipping (SQL State: 42701 - Error Code: 0)
21:53:21.368 [main] INFO org.flywaydb.core.internal.command.DbMigrate -- Migrating schema "sga_principal" to version "17 - accion auditoria docente"
21:53:21.418 [main] INFO org.flywaydb.core.internal.command.DbMigrate -- Migrating schema "sga_principal" to version "18 - rol aplicacion y revocacion auditoria"
21:53:21.503 [main] INFO org.flywaydb.core.internal.command.DbMigrate -- Migrating schema "sga_principal" to version "19 - ampliar permisos sga app"
21:53:21.509 [main] WARN org.flywaydb.core.internal.sqlscript.DefaultSqlScriptExecutor -- DB: schema "sga_docente" already exists, skipping (SQL State: 42P06 - Error Code: 0)
21:53:21.512 [main] WARN org.flywaydb.core.internal.sqlscript.DefaultSqlScriptExecutor -- DB: schema "sga_secretaria" already exists, skipping (SQL State: 42P06 - Error Code: 0)
21:53:21.515 [main] WARN org.flywaydb.core.internal.sqlscript.DefaultSqlScriptExecutor -- DB: schema "sga_soporte" already exists, skipping (SQL State: 42P06 - Error Code: 0)
21:53:21.611 [main] INFO org.flywaydb.core.internal.command.DbMigrate -- Migrating schema "sga_principal" to version "20 - reparar checksum v18"
21:53:21.630 [main] INFO org.flywaydb.core.internal.sqlscript.DefaultSqlScriptExecutor -- DB: V20: marca de reparacion aplicada. El checksum de V18 fue reparado por FlywayMigrationStrategy en el arranque de sga-principal.
21:53:21.675 [main] INFO org.flywaydb.core.internal.command.DbMigrate -- Migrating schema "sga_principal" to version "21 - trigger truncate auditoria"
21:53:21.686 [main] INFO org.flywaydb.core.internal.sqlscript.DefaultSqlScriptExecutor -- DB: trigger "tg_auditoria_no_truncate" for relation "sga_principal.auditoria" does not exist, skipping
21:53:21.742 [main] INFO org.flywaydb.core.internal.command.DbMigrate -- Migrating schema "sga_principal" to version "22 - marca reparacion v18 confirmada"
21:53:21.748 [main] INFO org.flywaydb.core.internal.sqlscript.DefaultSqlScriptExecutor -- DB: V22: reparacion del checksum de V18 confirmada el 2026-09-18. Ejecutada por FlywayConfig.repairAntesDeMigrar antes del migrate. Validacion de Flyway activa (validateOnMigrate=true por defecto).
21:53:21.789 [main] INFO org.flywaydb.core.internal.command.DbMigrate -- Migrating schema "sga_principal" to version "23 - grants sga secretaria y auditoria diferidos"
21:53:21.846 [main] INFO org.flywaydb.core.internal.command.DbMigrate -- Migrating schema "sga_principal" to version "24 - acotar revocacion bitacora"
21:53:21.938 [main] INFO org.flywaydb.core.internal.command.DbMigrate -- Migrating schema "sga_principal" to version "25 - delta v8 tablas vistas"
21:53:21.945 [main] WARN org.flywaydb.core.internal.sqlscript.DefaultSqlScriptExecutor -- DB: schema "sga_secretaria" already exists, skipping (SQL State: 42P06 - Error Code: 0)
21:53:21.950 [main] WARN org.flywaydb.core.internal.sqlscript.DefaultSqlScriptExecutor -- DB: relation "estudiantes" already exists, skipping (SQL State: 42P07 - Error Code: 0)
21:53:21.954 [main] WARN org.flywaydb.core.internal.sqlscript.DefaultSqlScriptExecutor -- DB: relation "matriculas" already exists, skipping (SQL State: 42P07 - Error Code: 0)
21:53:21.958 [main] WARN org.flywaydb.core.internal.sqlscript.DefaultSqlScriptExecutor -- DB: relation "fichas_estudiante" already exists, skipping (SQL State: 42P07 - Error Code: 0)
21:53:22.079 [main] WARN org.flywaydb.core.internal.sqlscript.DefaultSqlScriptExecutor -- DB: relation "escala_calificaciones" already exists, skipping (SQL State: 42P07 - Error Code: 0)
21:53:22.093 [main] WARN org.flywaydb.core.internal.sqlscript.DefaultSqlScriptExecutor -- DB: column "id_usuario" of relation "representantes" already exists, skipping (SQL State: 42701 - Error Code: 0)
21:53:22.128 [main] WARN org.flywaydb.core.internal.sqlscript.DefaultSqlScriptExecutor -- DB: relation "dispositivos_representante" already exists, skipping (SQL State: 42P07 - Error Code: 0)
21:53:22.132 [main] WARN org.flywaydb.core.internal.sqlscript.DefaultSqlScriptExecutor -- DB: relation "eventos_notificacion_push" already exists, skipping (SQL State: 42P07 - Error Code: 0)
21:53:22.136 [main] WARN org.flywaydb.core.internal.sqlscript.DefaultSqlScriptExecutor -- DB: column "contenido_canonico" of relation "auditoria" already exists, skipping (SQL State: 42701 - Error Code: 0)
21:53:22.136 [main] WARN org.flywaydb.core.internal.sqlscript.DefaultSqlScriptExecutor -- DB: column "version_canonica" of relation "auditoria" already exists, skipping (SQL State: 42701 - Error Code: 0)
21:53:22.142 [main] WARN org.flywaydb.core.internal.sqlscript.DefaultSqlScriptExecutor -- DB: relation "estado_cadena_auditoria" already exists, skipping (SQL State: 42P07 - Error Code: 0)
21:53:22.198 [main] INFO org.flywaydb.core.internal.command.DbMigrate -- Migrating schema "sga_principal" to version "26 - objetos faltantes codigo"
21:53:22.203 [main] WARN org.flywaydb.core.internal.sqlscript.DefaultSqlScriptExecutor -- DB: schema "sga_principal" already exists, skipping (SQL State: 42P06 - Error Code: 0)
21:53:22.208 [main] WARN org.flywaydb.core.internal.sqlscript.DefaultSqlScriptExecutor -- DB: schema "sga_secretaria" already exists, skipping (SQL State: 42P06 - Error Code: 0)
21:53:22.211 [main] WARN org.flywaydb.core.internal.sqlscript.DefaultSqlScriptExecutor -- DB: schema "sga_soporte" already exists, skipping (SQL State: 42P06 - Error Code: 0)
21:53:22.430 [main] INFO org.flywaydb.core.internal.sqlscript.DefaultSqlScriptExecutor -- DB: trigger "tg_horario_no_choque" for relation "sga_principal.horarios" does not exist, skipping
21:53:22.483 [main] INFO org.flywaydb.core.internal.command.DbMigrate -- Successfully applied 17 migrations to schema "sga_principal", now at version v26 (execution time 00:01.034s)
]]></system-out>
  </testcase>
  <testcase name="criterioE6_rolCreadoPorMigracionRechazaModificacionInclusoSinTrigger" classname="ec.edu.uteq.sga.integration.AuditoriaFlywayMigrationContainerTest" time="0.727">
    <system-out><![CDATA[21:53:23.056 [main] INFO org.flywaydb.core.FlywayExecutor -- Database: jdbc:postgresql://localhost:57282/e4_e13_migraciones (PostgreSQL 16.15)
21:53:23.073 [main] WARN org.flywaydb.core.internal.database.base.Database -- Flyway upgrade recommended: PostgreSQL 16.15 is newer than this version of Flyway and support has not been tested. The latest supported version of PostgreSQL is 15.
21:53:23.191 [main] INFO org.flywaydb.core.internal.command.DbValidate -- Successfully validated 19 migrations (execution time 00:00.109s)
21:53:23.387 [main] INFO org.flywaydb.core.internal.command.DbMigrate -- Current version of schema "sga_principal": 26
21:53:23.399 [main] INFO org.flywaydb.core.internal.command.DbMigrate -- Schema "sga_principal" is up to date. No migration necessary.
]]></system-out>
  </testcase>
</testsuite>