<?xml version="1.0" encoding="UTF-8"?>
<testsuite xmlns:xsi="http://www.w3.org/2001/XMLSchema-instance" xsi:noNamespaceSchemaLocation="https://maven.apache.org/surefire/maven-surefire-plugin/xsd/surefire-test-report-3.0.xsd" version="3.0" name="ec.edu.uteq.sga.integration.AuditoriaPostgresContainerTest" time="19.971" tests="2" errors="0" skipped="0" failures="0">
  <properties>
[...]
</properties>
  <testcase name="dosEscriturasConcurrentesMantienenUnaSolaCadena" classname="ec.edu.uteq.sga.integration.AuditoriaPostgresContainerTest" time="1.282">
    <system-out><![CDATA[17:38:26.398 [main] INFO org.springframework.test.context.support.AnnotationConfigContextLoaderUtils -- Could not detect default configuration classes for test class [ec.edu.uteq.sga.integration.AuditoriaPostgresContainerTest]: AuditoriaPostgresContainerTest does not declare any static, non-private, non-final, nested classes annotated with @Configuration.
17:38:26.674 [main] INFO org.springframework.boot.test.context.SpringBootTestContextBootstrapper -- Found @SpringBootConfiguration ec.edu.uteq.sga.SgaPrincipalApplication for test class ec.edu.uteq.sga.integration.AuditoriaPostgresContainerTest
17:38:26.969 [main] INFO tc.postgres:16-alpine -- Creating container for image: postgres:16-alpine
17:38:26.989 [main] INFO tc.postgres:16-alpine -- Container postgres:16-alpine is starting: 9134a8098d1fcb28340e5b775ffc88b07cccf466337ece3263b777b63bcb3391
17:38:28.423 [main] INFO tc.postgres:16-alpine -- Container postgres:16-alpine started in PT1.45428868S
17:38:28.424 [main] INFO tc.postgres:16-alpine -- Container is started (JDBC URL: jdbc:postgresql://localhost:32771/testdb?loggerLevel=OFF)
17:38:28.425 [main] INFO org.testcontainers.ext.ScriptUtils -- Executing database script from db/init/V0__baseline.sql
17:38:28.467 [main] INFO org.testcontainers.ext.ScriptUtils -- Executed database script from db/init/V0__baseline.sql in 42 ms.
17:38:28.556 [main] INFO org.springframework.boot.devtools.restart.RestartApplicationListener -- Restart disabled due to context in which it is running

  .   ____          _            __ _ _
 /\\ / ___'_ __ _ _(_)_ __  __ _ \ \ \ \
( ( )\___ | '_ | '_| | '_ \/ _` | \ \ \ \
 \\/  ___)| |_)| | | | | || (_| |  ) ) ) )
  '  |____| .__|_| |_|_| |_\__, | / / / /
 =========|_|==============|___/=/_/_/_/
 :: Spring Boot ::                (v3.2.5)

2026-09-18T17:38:29.186Z  INFO 2493 --- [sga-principal] [           main] e.e.u.s.i.AuditoriaPostgresContainerTest : Starting AuditoriaPostgresContainerTest using Java 17.0.20.1 with PID 2493 (started by runner in /home/runner/work/acadtrace/acadtrace/sga-principal)
2026-09-18T17:38:29.188Z  INFO 2493 --- [sga-principal] [           main] e.e.u.s.i.AuditoriaPostgresContainerTest : No active profile set, falling back to 1 default profile: "default"
2026-09-18T17:38:31.832Z  INFO 2493 --- [sga-principal] [           main] .s.d.r.c.RepositoryConfigurationDelegate : Bootstrapping Spring Data JPA repositories in DEFAULT mode.
2026-09-18T17:38:32.003Z  INFO 2493 --- [sga-principal] [           main] .s.d.r.c.RepositoryConfigurationDelegate : Finished Spring Data repository scanning in 158 ms. Found 25 JPA repository interfaces.
2026-09-18T17:38:33.991Z  INFO 2493 --- [sga-principal] [           main] o.s.b.w.embedded.tomcat.TomcatWebServer  : Tomcat initialized with port 0 (http)
2026-09-18T17:38:34.026Z  INFO 2493 --- [sga-principal] [           main] o.apache.catalina.core.StandardService   : Starting service [Tomcat]
2026-09-18T17:38:34.027Z  INFO 2493 --- [sga-principal] [           main] o.apache.catalina.core.StandardEngine    : Starting Servlet engine: [Apache Tomcat/10.1.20]
2026-09-18T17:38:34.134Z  INFO 2493 --- [sga-principal] [           main] o.a.c.c.C.[Tomcat].[localhost].[/]       : Initializing Spring embedded WebApplicationContext
2026-09-18T17:38:34.134Z  INFO 2493 --- [sga-principal] [           main] w.s.c.ServletWebServerApplicationContext : Root WebApplicationContext: initialization completed in 4910 ms
2026-09-18T17:38:34.807Z  INFO 2493 --- [sga-principal] [           main] o.hibernate.jpa.internal.util.LogHelper  : HHH000204: Processing PersistenceUnitInfo [name: default]
2026-09-18T17:38:34.997Z  INFO 2493 --- [sga-principal] [           main] org.hibernate.Version                    : HHH000412: Hibernate ORM core version 6.4.4.Final
2026-09-18T17:38:35.072Z  INFO 2493 --- [sga-principal] [           main] o.h.c.internal.RegionFactoryInitiator    : HHH000026: Second-level cache disabled
2026-09-18T17:38:35.608Z  INFO 2493 --- [sga-principal] [           main] o.s.o.j.p.SpringPersistenceUnitInfo      : No LoadTimeWeaver setup: ignoring JPA class transformer
2026-09-18T17:38:35.663Z  INFO 2493 --- [sga-principal] [           main] com.zaxxer.hikari.HikariDataSource       : HikariPool-1 - Starting...
2026-09-18T17:38:35.686Z  INFO 2493 --- [sga-principal] [           main] com.zaxxer.hikari.pool.HikariPool        : HikariPool-1 - Added connection org.postgresql.jdbc.PgConnection@52a08618
2026-09-18T17:38:35.689Z  INFO 2493 --- [sga-principal] [           main] com.zaxxer.hikari.HikariDataSource       : HikariPool-1 - Start completed.
2026-09-18T17:38:35.741Z  WARN 2493 --- [sga-principal] [           main] org.hibernate.orm.deprecation            : HHH90000025: PostgreSQLDialect does not need to be specified explicitly using 'hibernate.dialect' (remove the property setting and it will be selected by default)
2026-09-18T17:38:38.182Z  INFO 2493 --- [sga-principal] [           main] o.h.e.t.j.p.i.JtaPlatformInitiator       : HHH000489: No JTA platform available (set 'hibernate.transaction.jta.platform' to enable JTA platform integration)
Hibernate: 
    alter table if exists sga_docente.periodos_evaluacion 
       drop constraint if exists FKnw82wxlwu9legeae6ui66y973
2026-09-18T17:38:38.233Z  WARN 2493 --- [sga-principal] [           main] o.h.engine.jdbc.spi.SqlExceptionHelper   : SQL Warning Code: 0, SQLState: 00000
2026-09-18T17:38:38.233Z  WARN 2493 --- [sga-principal] [           main] o.h.engine.jdbc.spi.SqlExceptionHelper   : relation "periodos_evaluacion" does not exist, skipping
Hibernate: 
    drop table if exists sga_docente.periodos_evaluacion cascade
2026-09-18T17:38:38.234Z  WARN 2493 --- [sga-principal] [           main] o.h.engine.jdbc.spi.SqlExceptionHelper   : SQL Warning Code: 0, SQLState: 00000
2026-09-18T17:38:38.234Z  WARN 2493 --- [sga-principal] [           main] o.h.engine.jdbc.spi.SqlExceptionHelper   : table "periodos_evaluacion" does not exist, skipping
Hibernate: 
    alter table if exists sga_principal.anos_lectivos 
       drop constraint if exists FK5fr8khsqdb2knw0sgipbk9ji0
2026-09-18T17:38:38.234Z  WARN 2493 --- [sga-principal] [           main] o.h.engine.jdbc.spi.SqlExceptionHelper   : SQL Warning Code: 0, SQLState: 00000
2026-09-18T17:38:38.234Z  WARN 2493 --- [sga-principal] [           main] o.h.engine.jdbc.spi.SqlExceptionHelper   : relation "anos_lectivos" does not exist, skipping
Hibernate: 
    alter table if exists sga_principal.asignaciones 
       drop constraint if exists FK15qtewhcookxb8nlo74dlvyso
2026-09-18T17:38:38.235Z  WARN 2493 --- [sga-principal] [           main] o.h.engine.jdbc.spi.SqlExceptionHelper   : SQL Warning Code: 0, SQLState: 00000
2026-09-18T17:38:38.235Z  WARN 2493 --- [sga-principal] [           main] o.h.engine.jdbc.spi.SqlExceptionHelper   : relation "asignaciones" does not exist, skipping
Hibernate: 
    alter table if exists sga_principal.asignaciones 
       drop constraint if exists FKsgrhaank1w22951sjtrmrpvi4
2026-09-18T17:38:38.235Z  WARN 2493 --- [sga-principal] [           main] o.h.engine.jdbc.spi.SqlExceptionHelper   : SQL Warning Code: 0, SQLState: 00000
2026-09-18T17:38:38.235Z  WARN 2493 --- [sga-principal] [           main] o.h.engine.jdbc.spi.SqlExceptionHelper   : relation "asignaciones" does not exist, skipping
Hibernate: 
    alter table if exists sga_principal.asignaciones 
       drop constraint if exists FKm78f2c73hqdkrm4j2usvxy1hd
2026-09-18T17:38:38.236Z  WARN 2493 --- [sga-principal] [           main] o.h.engine.jdbc.spi.SqlExceptionHelper   : SQL Warning Code: 0, SQLState: 00000
2026-09-18T17:38:38.236Z  WARN 2493 --- [sga-principal] [           main] o.h.engine.jdbc.spi.SqlExceptionHelper   : relation "asignaciones" does not exist, skipping
Hibernate: 
    alter table if exists sga_principal.asignaciones 
       drop constraint if exists FKqddggy6ciew5wapr1ne06x18e
2026-09-18T17:38:38.237Z  WARN 2493 --- [sga-principal] [           main] o.h.engine.jdbc.spi.SqlExceptionHelper   : SQL Warning Code: 0, SQLState: 00000
2026-09-18T17:38:38.237Z  WARN 2493 --- [sga-principal] [           main] o.h.engine.jdbc.spi.SqlExceptionHelper   : relation "asignaciones" does not exist, skipping
Hibernate: 
    alter table if exists sga_principal.asignaciones 
       drop constraint if exists FKnnr5024hpvv7k252j8hu1f6aa
2026-09-18T17:38:38.237Z  WARN 2493 --- [sga-principal] [           main] o.h.engine.jdbc.spi.SqlExceptionHelper   : SQL Warning Code: 0, SQLState: 00000
2026-09-18T17:38:38.238Z  WARN 2493 --- [sga-principal] [           main] o.h.engine.jdbc.spi.SqlExceptionHelper   : relation "asignaciones" does not exist, skipping
Hibernate: 
    alter table if exists sga_principal.asignaciones 
       drop constraint if exists FKpyyihqeowt0d8hm8lv2afhmj
2026-09-18T17:38:38.238Z  WARN 2493 --- [sga-principal] [           main] o.h.engine.jdbc.spi.SqlExceptionHelper   : SQL Warning Code: 0, SQLState: 00000
2026-09-18T17:38:38.238Z  WARN 2493 --- [sga-principal] [           main] o.h.engine.jdbc.spi.SqlExceptionHelper   : relation "asignaciones" does not exist, skipping
Hibernate: 
    alter table if exists sga_principal.auditoria 
       drop constraint if exists FKmc60a5takcm6k0hp4psrdnttm
2026-09-18T17:38:38.239Z  WARN 2493 --- [sga-principal] [           main] o.h.engine.jdbc.spi.SqlExceptionHelper   : SQL Warning Code: 0, SQLState: 00000
2026-09-18T17:38:38.239Z  WARN 2493 --- [sga-principal] [           main] o.h.engine.jdbc.spi.SqlExceptionHelper   : relation "auditoria" does not exist, skipping
Hibernate: 
    alter table if exists sga_principal.dispositivos_representante 
       drop constraint if exists FKj6v9o825ugwcduixs2f5vi3iw
2026-09-18T17:38:38.239Z  WARN 2493 --- [sga-principal] [           main] o.h.engine.jdbc.spi.SqlExceptionHelper   : SQL Warning Code: 0, SQLState: 00000
2026-09-18T17:38:38.239Z  WARN 2493 --- [sga-principal] [           main] o.h.engine.jdbc.spi.SqlExceptionHelper   : relation "dispositivos_representante" does not exist, skipping
Hibernate: 
    alter table if exists sga_principal.escala_calificaciones 
       drop constraint if exists FKhmlflarc6kcjneyk5ekexpa04
2026-09-18T17:38:38.240Z  WARN 2493 --- [sga-principal] [           main] o.h.engine.jdbc.spi.SqlExceptionHelper   : SQL Warning Code: 0, SQLState: 00000
2026-09-18T17:38:38.240Z  WARN 2493 --- [sga-principal] [           main] o.h.engine.jdbc.spi.SqlExceptionHelper   : relation "escala_calificaciones" does not exist, skipping
Hibernate: 
    alter table if exists sga_principal.escala_calificaciones 
       drop constraint if exists FKslgq7jggrmbs0r1gaw2beo0sj
2026-09-18T17:38:38.240Z  WARN 2493 --- [sga-principal] [           main] o.h.engine.jdbc.spi.SqlExceptionHelper   : SQL Warning Code: 0, SQLState: 00000
2026-09-18T17:38:38.241Z  WARN 2493 --- [sga-principal] [           main] o.h.engine.jdbc.spi.SqlExceptionHelper   : relation "escala_calificaciones" does not exist, skipping
Hibernate: 
    alter table if exists sga_principal.esquema_calificacion 
       drop constraint if exists FKau0altyij50xrf4l9rkh28aei
2026-09-18T17:38:38.242Z  WARN 2493 --- [sga-principal] [           main] o.h.engine.jdbc.spi.SqlExceptionHelper   : SQL Warning Code: 0, SQLState: 00000
2026-09-18T17:38:38.242Z  WARN 2493 --- [sga-principal] [           main] o.h.engine.jdbc.spi.SqlExceptionHelper   : relation "esquema_calificacion" does not exist, skipping
Hibernate: 
    alter table if exists sga_principal.estudiantes 
       drop constraint if exists FKn58open8v1psf9ftgaydac58g
2026-09-18T17:38:38.242Z  WARN 2493 --- [sga-principal] [           main] o.h.engine.jdbc.spi.SqlExceptionHelper   : SQL Warning Code: 0, SQLState: 00000
2026-09-18T17:38:38.242Z  WARN 2493 --- [sga-principal] [           main] o.h.engine.jdbc.spi.SqlExceptionHelper   : relation "estudiantes" does not exist, skipping
Hibernate: 
    alter table if exists sga_principal.estudiantes 
       drop constraint if exists FKop8x0d7ovf1kjevli0eo67mhn
2026-09-18T17:38:38.244Z  WARN 2493 --- [sga-principal] [           main] o.h.engine.jdbc.spi.SqlExceptionHelper   : SQL Warning Code: 0, SQLState: 00000
2026-09-18T17:38:38.244Z  WARN 2493 --- [sga-principal] [           main] o.h.engine.jdbc.spi.SqlExceptionHelper   : relation "estudiantes" does not exist, skipping
Hibernate: 
    alter table if exists sga_principal.eventos_notificacion_push 
       drop constraint if exists FKm4c4yin4rn0brg6fnrb65q0d4
2026-09-18T17:38:38.244Z  WARN 2493 --- [sga-principal] [           main] o.h.engine.jdbc.spi.SqlExceptionHelper   : SQL Warning Code: 0, SQLState: 00000
2026-09-18T17:38:38.244Z  WARN 2493 --- [sga-principal] [           main] o.h.engine.jdbc.spi.SqlExceptionHelper   : relation "eventos_notificacion_push" does not exist, skipping
Hibernate: 
    alter table if exists sga_principal.fichas_estudiante 
       drop constraint if exists FKiuwxqp0pbfu6c9e6bk72f5v15
2026-09-18T17:38:38.245Z  WARN 2493 --- [sga-principal] [           main] o.h.engine.jdbc.spi.SqlExceptionHelper   : SQL Warning Code: 0, SQLState: 00000
2026-09-18T17:38:38.245Z  WARN 2493 --- [sga-principal] [           main] o.h.engine.jdbc.spi.SqlExceptionHelper   : relation "fichas_estudiante" does not exist, skipping
Hibernate: 
    alter table if exists sga_principal.grados 
       drop constraint if exists FKk6tk4lo8pchmfqgmsmrurvv9q
2026-09-18T17:38:38.246Z  WARN 2493 --- [sga-principal] [           main] o.h.engine.jdbc.spi.SqlExceptionHelper   : SQL Warning Code: 0, SQLState: 00000
2026-09-18T17:38:38.246Z  WARN 2493 --- [sga-principal] [           main] o.h.engine.jdbc.spi.SqlExceptionHelper   : relation "grados" does not exist, skipping
Hibernate: 
    alter table if exists sga_principal.horarios 
       drop constraint if exists FKkxfg69grd43nvig8drn0mv2ab
2026-09-18T17:38:38.247Z  WARN 2493 --- [sga-principal] [           main] o.h.engine.jdbc.spi.SqlExceptionHelper   : SQL Warning Code: 0, SQLState: 00000
2026-09-18T17:38:38.247Z  WARN 2493 --- [sga-principal] [           main] o.h.engine.jdbc.spi.SqlExceptionHelper   : relation "horarios" does not exist, skipping
Hibernate: 
    alter table if exists sga_principal.malla_curricular 
       drop constraint if exists FKodv6yokkqte45gmgfbp3ugux
2026-09-18T17:38:38.247Z  WARN 2493 --- [sga-principal] [           main] o.h.engine.jdbc.spi.SqlExceptionHelper   : SQL Warning Code: 0, SQLState: 00000
2026-09-18T17:38:38.248Z  WARN 2493 --- [sga-principal] [           main] o.h.engine.jdbc.spi.SqlExceptionHelper   : relation "malla_curricular" does not exist, skipping
Hibernate: 
    alter table if exists sga_principal.malla_curricular 
       drop constraint if exists FKnksiqlymk39v2fjrmjnb6io3c
2026-09-18T17:38:38.248Z  WARN 2493 --- [sga-principal] [           main] o.h.engine.jdbc.spi.SqlExceptionHelper   : SQL Warning Code: 0, SQLState: 00000
2026-09-18T17:38:38.248Z  WARN 2493 --- [sga-principal] [           main] o.h.engine.jdbc.spi.SqlExceptionHelper   : relation "malla_curricular" does not exist, skipping
Hibernate: 
    alter table if exists sga_principal.malla_curricular 
       drop constraint if exists FKqvk6mhgstpyo83qay6flju6du
2026-09-18T17:38:38.249Z  WARN 2493 --- [sga-principal] [           main] o.h.engine.jdbc.spi.SqlExceptionHelper   : SQL Warning Code: 0, SQLState: 00000
2026-09-18T17:38:38.249Z  WARN 2493 --- [sga-principal] [           main] o.h.engine.jdbc.spi.SqlExceptionHelper   : relation "malla_curricular" does not exist, skipping
Hibernate: 
    alter table if exists sga_principal.matriculas 
       drop constraint if exists FKt1hkgjtp9fjepdigmajrnko9l
2026-09-18T17:38:38.249Z  WARN 2493 --- [sga-principal] [           main] o.h.engine.jdbc.spi.SqlExceptionHelper   : SQL Warning Code: 0, SQLState: 00000
2026-09-18T17:38:38.250Z  WARN 2493 --- [sga-principal] [           main] o.h.engine.jdbc.spi.SqlExceptionHelper   : relation "matriculas" does not exist, skipping
Hibernate: 
    alter table if exists sga_principal.matriculas 
       drop constraint if exists FK7teemxeuh2m9ttodar3bwapdw
2026-09-18T17:38:38.250Z  WARN 2493 --- [sga-principal] [           main] o.h.engine.jdbc.spi.SqlExceptionHelper   : SQL Warning Code: 0, SQLState: 00000
2026-09-18T17:38:38.250Z  WARN 2493 --- [sga-principal] [           main] o.h.engine.jdbc.spi.SqlExceptionHelper   : relation "matriculas" does not exist, skipping
Hibernate: 
    alter table if exists sga_principal.matriculas 
       drop constraint if exists FKbr9u30k6wxjnho0ix3nrsc7to
2026-09-18T17:38:38.251Z  WARN 2493 --- [sga-principal] [           main] o.h.engine.jdbc.spi.SqlExceptionHelper   : SQL Warning Code: 0, SQLState: 00000
2026-09-18T17:38:38.251Z  WARN 2493 --- [sga-principal] [           main] o.h.engine.jdbc.spi.SqlExceptionHelper   : relation "matriculas" does not exist, skipping
Hibernate: 
    alter table if exists sga_principal.matriculas 
       drop constraint if exists FK9bhv4scanv29sak1ukw726xbg
2026-09-18T17:38:38.251Z  WARN 2493 --- [sga-principal] [           main] o.h.engine.jdbc.spi.SqlExceptionHelper   : SQL Warning Code: 0, SQLState: 00000
2026-09-18T17:38:38.252Z  WARN 2493 --- [sga-principal] [           main] o.h.engine.jdbc.spi.SqlExceptionHelper   : relation "matriculas" does not exist, skipping
Hibernate: 
    alter table if exists sga_principal.matriculas 
       drop constraint if exists FKbopdwr46cpyl8ut2jp3hdrtxu
2026-09-18T17:38:38.252Z  WARN 2493 --- [sga-principal] [           main] o.h.engine.jdbc.spi.SqlExceptionHelper   : SQL Warning Code: 0, SQLState: 00000
2026-09-18T17:38:38.252Z  WARN 2493 --- [sga-principal] [           main] o.h.engine.jdbc.spi.SqlExceptionHelper   : relation "matriculas" does not exist, skipping
Hibernate: 
    alter table if exists sga_principal.notificaciones 
       drop constraint if exists FKrr0ikjdv4qycj44q3lohskm4k
2026-09-18T17:38:38.253Z  WARN 2493 --- [sga-principal] [           main] o.h.engine.jdbc.spi.SqlExceptionHelper   : SQL Warning Code: 0, SQLState: 00000
2026-09-18T17:38:38.253Z  WARN 2493 --- [sga-principal] [           main] o.h.engine.jdbc.spi.SqlExceptionHelper   : relation "notificaciones" does not exist, skipping
Hibernate: 
    alter table if exists sga_principal.paralelos 
       drop constraint if exists FKklkoqsl0yy6g828oh67bvxrsr
2026-09-18T17:38:38.253Z  WARN 2493 --- [sga-principal] [           main] o.h.engine.jdbc.spi.SqlExceptionHelper   : SQL Warning Code: 0, SQLState: 00000
2026-09-18T17:38:38.253Z  WARN 2493 --- [sga-principal] [           main] o.h.engine.jdbc.spi.SqlExceptionHelper   : relation "paralelos" does not exist, skipping
Hibernate: 
    alter table if exists sga_principal.personas 
       drop constraint if exists FK5lt3cefmp53qkehyrfy5r4flg
2026-09-18T17:38:38.254Z  WARN 2493 --- [sga-principal] [           main] o.h.engine.jdbc.spi.SqlExceptionHelper   : SQL Warning Code: 0, SQLState: 00000
2026-09-18T17:38:38.254Z  WARN 2493 --- [sga-principal] [           main] o.h.engine.jdbc.spi.SqlExceptionHelper   : relation "personas" does not exist, skipping
Hibernate: 
    alter table if exists sga_principal.representantes 
       drop constraint if exists FKc01hl3t4gipn16pyhvcxutifk
2026-09-18T17:38:38.255Z  WARN 2493 --- [sga-principal] [           main] o.h.engine.jdbc.spi.SqlExceptionHelper   : SQL Warning Code: 0, SQLState: 00000
2026-09-18T17:38:38.255Z  WARN 2493 --- [sga-principal] [           main] o.h.engine.jdbc.spi.SqlExceptionHelper   : relation "representantes" does not exist, skipping
Hibernate: 
    alter table if exists sga_principal.tipos_aporte 
       drop constraint if exists FKil72cfpwmugvhtq6r5tocy6ay
2026-09-18T17:38:38.255Z  WARN 2493 --- [sga-principal] [           main] o.h.engine.jdbc.spi.SqlExceptionHelper   : SQL Warning Code: 0, SQLState: 00000
2026-09-18T17:38:38.255Z  WARN 2493 --- [sga-principal] [           main] o.h.engine.jdbc.spi.SqlExceptionHelper   : relation "tipos_aporte" does not exist, skipping
Hibernate: 
    alter table if exists sga_principal.usuario_roles 
       drop constraint if exists FKo74ec96jhrl0qnl41u14osa2b
2026-09-18T17:38:38.256Z  WARN 2493 --- [sga-principal] [           main] o.h.engine.jdbc.spi.SqlExceptionHelper   : SQL Warning Code: 0, SQLState: 00000
2026-09-18T17:38:38.256Z  WARN 2493 --- [sga-principal] [           main] o.h.engine.jdbc.spi.SqlExceptionHelper   : relation "usuario_roles" does not exist, skipping
Hibernate: 
    alter table if exists sga_principal.usuario_roles 
       drop constraint if exists FKor5vdfg7bv12b37vaawa9lee2
2026-09-18T17:38:38.256Z  WARN 2493 --- [sga-principal] [           main] o.h.engine.jdbc.spi.SqlExceptionHelper   : SQL Warning Code: 0, SQLState: 00000
2026-09-18T17:38:38.256Z  WARN 2493 --- [sga-principal] [           main] o.h.engine.jdbc.spi.SqlExceptionHelper   : relation "usuario_roles" does not exist, skipping
Hibernate: 
    drop table if exists sga_principal.anos_lectivos cascade
2026-09-18T17:38:38.257Z  WARN 2493 --- [sga-principal] [           main] o.h.engine.jdbc.spi.SqlExceptionHelper   : SQL Warning Code: 0, SQLState: 00000
2026-09-18T17:38:38.257Z  WARN 2493 --- [sga-principal] [           main] o.h.engine.jdbc.spi.SqlExceptionHelper   : table "anos_lectivos" does not exist, skipping
Hibernate: 
    drop table if exists sga_principal.asignaciones cascade
2026-09-18T17:38:38.257Z  WARN 2493 --- [sga-principal] [           main] o.h.engine.jdbc.spi.SqlExceptionHelper   : SQL Warning Code: 0, SQLState: 00000
2026-09-18T17:38:38.257Z  WARN 2493 --- [sga-principal] [           main] o.h.engine.jdbc.spi.SqlExceptionHelper   : table "asignaciones" does not exist, skipping
Hibernate: 
    drop table if exists sga_principal.asignaturas cascade
2026-09-18T17:38:38.258Z  WARN 2493 --- [sga-principal] [           main] o.h.engine.jdbc.spi.SqlExceptionHelper   : SQL Warning Code: 0, SQLState: 00000
2026-09-18T17:38:38.258Z  WARN 2493 --- [sga-principal] [           main] o.h.engine.jdbc.spi.SqlExceptionHelper   : table "asignaturas" does not exist, skipping
Hibernate: 
    drop table if exists sga_principal.auditoria cascade
2026-09-18T17:38:38.259Z  WARN 2493 --- [sga-principal] [           main] o.h.engine.jdbc.spi.SqlExceptionHelper   : SQL Warning Code: 0, SQLState: 00000
2026-09-18T17:38:38.259Z  WARN 2493 --- [sga-principal] [           main] o.h.engine.jdbc.spi.SqlExceptionHelper   : table "auditoria" does not exist, skipping
Hibernate: 
    drop table if exists sga_principal.dispositivos_representante cascade
2026-09-18T17:38:38.259Z  WARN 2493 --- [sga-principal] [           main] o.h.engine.jdbc.spi.SqlExceptionHelper   : SQL Warning Code: 0, SQLState: 00000
2026-09-18T17:38:38.259Z  WARN 2493 --- [sga-principal] [           main] o.h.engine.jdbc.spi.SqlExceptionHelper   : table "dispositivos_representante" does not exist, skipping
Hibernate: 
    drop table if exists sga_principal.escala_calificaciones cascade
2026-09-18T17:38:38.260Z  WARN 2493 --- [sga-principal] [           main] o.h.engine.jdbc.spi.SqlExceptionHelper   : SQL Warning Code: 0, SQLState: 00000
2026-09-18T17:38:38.260Z  WARN 2493 --- [sga-principal] [           main] o.h.engine.jdbc.spi.SqlExceptionHelper   : table "escala_calificaciones" does not exist, skipping
Hibernate: 
    drop table if exists sga_principal.esquema_calificacion cascade
2026-09-18T17:38:38.260Z  WARN 2493 --- [sga-principal] [           main] o.h.engine.jdbc.spi.SqlExceptionHelper   : SQL Warning Code: 0, SQLState: 00000
2026-09-18T17:38:38.260Z  WARN 2493 --- [sga-principal] [           main] o.h.engine.jdbc.spi.SqlExceptionHelper   : table "esquema_calificacion" does not exist, skipping
Hibernate: 
    drop table if exists sga_principal.estado_cadena_auditoria cascade
2026-09-18T17:38:38.262Z  WARN 2493 --- [sga-principal] [           main] o.h.engine.jdbc.spi.SqlExceptionHelper   : SQL Warning Code: 0, SQLState: 00000
2026-09-18T17:38:38.262Z  WARN 2493 --- [sga-principal] [           main] o.h.engine.jdbc.spi.SqlExceptionHelper   : table "estado_cadena_auditoria" does not exist, skipping
Hibernate: 
    drop table if exists sga_principal.estudiantes cascade
2026-09-18T17:38:38.262Z  WARN 2493 --- [sga-principal] [           main] o.h.engine.jdbc.spi.SqlExceptionHelper   : SQL Warning Code: 0, SQLState: 00000
2026-09-18T17:38:38.262Z  WARN 2493 --- [sga-principal] [           main] o.h.engine.jdbc.spi.SqlExceptionHelper   : table "estudiantes" does not exist, skipping
Hibernate: 
    drop table if exists sga_principal.eventos_notificacion_push cascade
2026-09-18T17:38:38.263Z  WARN 2493 --- [sga-principal] [           main] o.h.engine.jdbc.spi.SqlExceptionHelper   : SQL Warning Code: 0, SQLState: 00000
2026-09-18T17:38:38.263Z  WARN 2493 --- [sga-principal] [           main] o.h.engine.jdbc.spi.SqlExceptionHelper   : table "eventos_notificacion_push" does not exist, skipping
Hibernate: 
    drop table if exists sga_principal.fichas_estudiante cascade
2026-09-18T17:38:38.264Z  WARN 2493 --- [sga-principal] [           main] o.h.engine.jdbc.spi.SqlExceptionHelper   : SQL Warning Code: 0, SQLState: 00000
2026-09-18T17:38:38.264Z  WARN 2493 --- [sga-principal] [           main] o.h.engine.jdbc.spi.SqlExceptionHelper   : table "fichas_estudiante" does not exist, skipping
Hibernate: 
    drop table if exists sga_principal.grados cascade
2026-09-18T17:38:38.265Z  WARN 2493 --- [sga-principal] [           main] o.h.engine.jdbc.spi.SqlExceptionHelper   : SQL Warning Code: 0, SQLState: 00000
2026-09-18T17:38:38.265Z  WARN 2493 --- [sga-principal] [           main] o.h.engine.jdbc.spi.SqlExceptionHelper   : table "grados" does not exist, skipping
Hibernate: 
    drop table if exists sga_principal.horarios cascade
2026-09-18T17:38:38.265Z  WARN 2493 --- [sga-principal] [           main] o.h.engine.jdbc.spi.SqlExceptionHelper   : SQL Warning Code: 0, SQLState: 00000
2026-09-18T17:38:38.265Z  WARN 2493 --- [sga-principal] [           main] o.h.engine.jdbc.spi.SqlExceptionHelper   : table "horarios" does not exist, skipping
Hibernate: 
    drop table if exists sga_principal.malla_curricular cascade
2026-09-18T17:38:38.266Z  WARN 2493 --- [sga-principal] [           main] o.h.engine.jdbc.spi.SqlExceptionHelper   : SQL Warning Code: 0, SQLState: 00000
2026-09-18T17:38:38.266Z  WARN 2493 --- [sga-principal] [           main] o.h.engine.jdbc.spi.SqlExceptionHelper   : table "malla_curricular" does not exist, skipping
Hibernate: 
    drop table if exists sga_principal.matriculas cascade
2026-09-18T17:38:38.266Z  WARN 2493 --- [sga-principal] [           main] o.h.engine.jdbc.spi.SqlExceptionHelper   : SQL Warning Code: 0, SQLState: 00000
2026-09-18T17:38:38.266Z  WARN 2493 --- [sga-principal] [           main] o.h.engine.jdbc.spi.SqlExceptionHelper   : table "matriculas" does not exist, skipping
Hibernate: 
    drop table if exists sga_principal.niveles_educativos cascade
2026-09-18T17:38:38.267Z  WARN 2493 --- [sga-principal] [           main] o.h.engine.jdbc.spi.SqlExceptionHelper   : SQL Warning Code: 0, SQLState: 00000
2026-09-18T17:38:38.267Z  WARN 2493 --- [sga-principal] [           main] o.h.engine.jdbc.spi.SqlExceptionHelper   : table "niveles_educativos" does not exist, skipping
Hibernate: 
    drop table if exists sga_principal.notificaciones cascade
2026-09-18T17:38:38.267Z  WARN 2493 --- [sga-principal] [           main] o.h.engine.jdbc.spi.SqlExceptionHelper   : SQL Warning Code: 0, SQLState: 00000
2026-09-18T17:38:38.267Z  WARN 2493 --- [sga-principal] [           main] o.h.engine.jdbc.spi.SqlExceptionHelper   : table "notificaciones" does not exist, skipping
Hibernate: 
    drop table if exists sga_principal.paralelos cascade
2026-09-18T17:38:38.268Z  WARN 2493 --- [sga-principal] [           main] o.h.engine.jdbc.spi.SqlExceptionHelper   : SQL Warning Code: 0, SQLState: 00000
2026-09-18T17:38:38.268Z  WARN 2493 --- [sga-principal] [           main] o.h.engine.jdbc.spi.SqlExceptionHelper   : table "paralelos" does not exist, skipping
Hibernate: 
    drop table if exists sga_principal.periodos_horario cascade
2026-09-18T17:38:38.268Z  WARN 2493 --- [sga-principal] [           main] o.h.engine.jdbc.spi.SqlExceptionHelper   : SQL Warning Code: 0, SQLState: 00000
2026-09-18T17:38:38.268Z  WARN 2493 --- [sga-principal] [           main] o.h.engine.jdbc.spi.SqlExceptionHelper   : table "periodos_horario" does not exist, skipping
Hibernate: 
    drop table if exists sga_principal.personas cascade
2026-09-18T17:38:38.269Z  WARN 2493 --- [sga-principal] [           main] o.h.engine.jdbc.spi.SqlExceptionHelper   : SQL Warning Code: 0, SQLState: 00000
2026-09-18T17:38:38.269Z  WARN 2493 --- [sga-principal] [           main] o.h.engine.jdbc.spi.SqlExceptionHelper   : table "personas" does not exist, skipping
Hibernate: 
    drop table if exists sga_principal.representantes cascade
2026-09-18T17:38:38.269Z  WARN 2493 --- [sga-principal] [           main] o.h.engine.jdbc.spi.SqlExceptionHelper   : SQL Warning Code: 0, SQLState: 00000
2026-09-18T17:38:38.269Z  WARN 2493 --- [sga-principal] [           main] o.h.engine.jdbc.spi.SqlExceptionHelper   : table "representantes" does not exist, skipping
Hibernate: 
    drop table if exists sga_principal.roles cascade
2026-09-18T17:38:38.270Z  WARN 2493 --- [sga-principal] [           main] o.h.engine.jdbc.spi.SqlExceptionHelper   : SQL Warning Code: 0, SQLState: 00000
2026-09-18T17:38:38.270Z  WARN 2493 --- [sga-principal] [           main] o.h.engine.jdbc.spi.SqlExceptionHelper   : table "roles" does not exist, skipping
Hibernate: 
    drop table if exists sga_principal.tipos_aporte cascade
2026-09-18T17:38:38.270Z  WARN 2493 --- [sga-principal] [           main] o.h.engine.jdbc.spi.SqlExceptionHelper   : SQL Warning Code: 0, SQLState: 00000
2026-09-18T17:38:38.270Z  WARN 2493 --- [sga-principal] [           main] o.h.engine.jdbc.spi.SqlExceptionHelper   : table "tipos_aporte" does not exist, skipping
Hibernate: 
    drop table if exists sga_principal.usuario_roles cascade
2026-09-18T17:38:38.271Z  WARN 2493 --- [sga-principal] [           main] o.h.engine.jdbc.spi.SqlExceptionHelper   : SQL Warning Code: 0, SQLState: 00000
2026-09-18T17:38:38.271Z  WARN 2493 --- [sga-principal] [           main] o.h.engine.jdbc.spi.SqlExceptionHelper   : table "usuario_roles" does not exist, skipping
Hibernate: 
    drop table if exists sga_principal.usuarios cascade
2026-09-18T17:38:38.271Z  WARN 2493 --- [sga-principal] [           main] o.h.engine.jdbc.spi.SqlExceptionHelper   : SQL Warning Code: 0, SQLState: 00000
2026-09-18T17:38:38.271Z  WARN 2493 --- [sga-principal] [           main] o.h.engine.jdbc.spi.SqlExceptionHelper   : table "usuarios" does not exist, skipping
Hibernate: 
    create table sga_docente.periodos_evaluacion (
        activo boolean,
        fecha_fin date not null,
        fecha_inicio date not null,
        id_ano_lectivo bigint not null,
        id_periodo bigserial not null,
        tipo varchar(20) not null,
        nombre varchar(100) not null,
        primary key (id_periodo)
    )
Hibernate: 
    create table sga_principal.anos_lectivos (
        es_actual boolean,
        fecha_fin date not null,
        fecha_inicio date not null,
        creado_por bigint,
        fecha_creacion timestamp(6) with time zone,
        id_ano_lectivo bigserial not null,
        nombre varchar(20) not null unique,
        primary key (id_ano_lectivo)
    )
Hibernate: 
    create table sga_principal.asignaciones (
        activo boolean,
        es_tutor boolean,
        horas_semanales integer,
        asignado_por bigint,
        fecha_asignacion timestamp(6) with time zone,
        id_ano_lectivo bigint not null,
        id_asignacion bigserial not null,
        id_asignatura bigint not null,
        id_docente bigint not null,
        id_grado bigint not null,
        id_paralelo bigint not null,
        primary key (id_asignacion)
    )
Hibernate: 
    create table sga_principal.asignaturas (
        activa boolean,
        horas_semana smallint,
        fecha_creacion timestamp(6) with time zone,
        id_asignatura bigserial not null,
        codigo varchar(20) unique,
        nombre varchar(100) not null unique,
        descripcion text,
        primary key (id_asignatura)
    )
Hibernate: 
    create table sga_principal.auditoria (
        fecha timestamp(6) with time zone not null,
        id_auditoria bigserial not null,
        id_usuario bigint,
        registro_id bigint,
        reloj_lamport bigint,
        resultado varchar(10) not null,
        trace_id uuid not null,
        schema_origen varchar(20) not null,
        version_canonica varchar(20),
        accion varchar(50) not null,
        ip_address varchar(50),
        tabla_afectada varchar(50),
        username varchar(50),
        hash_actual varchar(64),
        hash_anterior varchar(64),
        hmac varchar(64),
        contenido_canonico text,
        descripcion text,
        user_agent text,
        vector_reloj text,
        primary key (id_auditoria)
    )
Hibernate: 
    create table sga_principal.dispositivos_representante (
        activo boolean not null,
        fecha_actualizacion timestamp(6) with time zone not null,
        fecha_registro timestamp(6) with time zone not null,
        id_dispositivo bigserial not null,
        id_usuario bigint not null,
        plataforma varchar(20) not null,
        token varchar(512) not null unique,
        primary key (id_dispositivo)
    )
Hibernate: 
    create table sga_principal.escala_calificaciones (
        nota_maxima numeric(38,2) not null,
        nota_minima numeric(38,2) not null,
        equivalente_cualitativo varchar(5),
        id_ano_lectivo bigint not null,
        id_escala bigserial not null,
        id_nivel bigint not null,
        descripcion varchar(100),
        primary key (id_escala)
    )
Hibernate: 
    create table sga_principal.esquema_calificacion (
        peso_formativa numeric(38,2) not null,
        peso_sumativa numeric(38,2) not null,
        id_ano_lectivo bigint not null unique,
        id_esquema bigserial not null,
        primary key (id_esquema)
    )
Hibernate: 
    create table sga_principal.estado_cadena_auditoria (
        id_estado smallint not null,
        ultimo_lamport bigint not null,
        ultimo_hash varchar(64) not null,
        vector_reloj text,
        primary key (id_estado)
    )
Hibernate: 
    create table sga_principal.estudiantes (
        beneficio_social boolean,
        discapacidad boolean,
        fecha_nacimiento date,
        numeros_hermanos smallint,
        porcentaje_disc smallint,
        creado_por bigint,
        fecha_actualizacion timestamp(6) with time zone,
        fecha_creacion timestamp(6) with time zone,
        id_estudiante bigserial not null,
        id_representante bigint,
        genero varchar(10),
        cedula varchar(20) unique,
        codigo_estudiante varchar(20) unique,
        estado varchar(20),
        telefono varchar(20),
        telefono_alt varchar(20),
        carnet_conadis varchar(30),
        etnia varchar(50),
        nacionalidad varchar(50),
        origen_listado varchar(50),
        vive_con varchar(50),
        apellidos varchar(100) not null,
        correo varchar(100),
        nombres varchar(100) not null,
        tipo_discapacidad varchar(100),
        lugar_nacimiento varchar(150),
        direccion text,
        foto_url varchar(255),
        primary key (id_estudiante)
    )
Hibernate: 
    create table sga_principal.eventos_notificacion_push (
        fecha_creacion timestamp(6) with time zone not null,
        fecha_envio timestamp(6) with time zone,
        id_evento bigserial not null,
        id_usuario bigint not null,
        estado varchar(20) not null,
        tipo varchar(30) not null,
        clave_evento varchar(180) not null,
        primary key (id_evento),
        constraint uq_evento_push_destinatario unique (clave_evento, id_usuario)
    )
Hibernate: 
    create table sga_principal.fichas_estudiante (
        enfermedad_catastrofica boolean,
        tipo_sangre varchar(5),
        fecha_actualizacion timestamp(6) with time zone,
        id_estudiante bigint not null unique,
        id_ficha bigserial not null,
        telefono_emergencia varchar(20),
        contacto_emergencia varchar(100),
        alergias text,
        detalle_enfermedad text,
        direccion_referencia text,
        medicacion_permanente text,
        primary key (id_ficha)
    )
Hibernate: 
    create table sga_principal.grados (
        activo boolean,
        capacidad_max smallint,
        orden smallint not null,
        id_grado bigserial not null,
        id_nivel bigint,
        nombre varchar(100) not null,
        primary key (id_grado)
    )
Hibernate: 
    create table sga_principal.horarios (
        dia_semana smallint not null,
        hora_fin time(6) not null,
        hora_inicio time(6) not null,
        id_periodo integer,
        id_asignacion bigint not null,
        id_horario bigserial not null,
        aula varchar(50),
        primary key (id_horario)
    )
Hibernate: 
    create table sga_principal.malla_curricular (
        activo boolean not null,
        dias_semana smallint,
        duracion smallint,
        horas_semana smallint not null,
        fecha_creacion timestamp(6) with time zone,
        id_ano_lectivo bigint not null,
        id_asignatura bigint not null,
        id_grado bigint not null,
        id_malla bigserial not null,
        primary key (id_malla)
    )
Hibernate: 
    create table sga_principal.matriculas (
        fecha_registro date,
        numero_orden smallint,
        fecha_creacion timestamp(6) with time zone,
        id_ano_lectivo bigint not null,
        id_estudiante bigint not null,
        id_grado bigint not null,
        id_matricula bigserial not null,
        id_paralelo bigint not null,
        registrado_por bigint,
        estado sga_principal.estado_matricula_t not null,
        observaciones text,
        primary key (id_matricula)
    )
Hibernate: 
    create table sga_principal.niveles_educativos (
        grado_fin smallint,
        grado_inicio smallint,
        id_nivel bigserial not null,
        tipo_escala varchar(20) not null,
        nombre varchar(100) not null,
        primary key (id_nivel)
    )
Hibernate: 
    create table sga_principal.notificaciones (
        leida boolean not null,
        fecha timestamp(6) with time zone not null,
        id_notificacion bigserial not null,
        id_usuario bigint,
        tipo varchar(30) not null,
        titulo varchar(150) not null,
        mensaje text,
        url_destino varchar(255),
        primary key (id_notificacion)
    )
Hibernate: 
    create table sga_principal.paralelos (
        activo boolean,
        letra varchar(1) not null,
        id_grado bigint not null,
        id_paralelo bigserial not null,
        primary key (id_paralelo)
    )
Hibernate: 
    create table sga_principal.periodos_horario (
        activo boolean not null,
        hora_fin time(6) not null,
        hora_inicio time(6) not null,
        id_periodo serial not null,
        orden integer not null,
        nombre varchar(30) not null,
        primary key (id_periodo)
    )
Hibernate: 
    create table sga_principal.personas (
        fecha_nacimiento date,
        fecha_actualizacion timestamp(6) with time zone,
        fecha_creacion timestamp(6) with time zone,
        id_persona bigserial not null,
        id_usuario bigint not null unique,
        cedula varchar(20) not null unique,
        telefono varchar(20),
        telefono_alt varchar(20),
        apellidos varchar(100) not null,
        correo_personal varchar(100),
        especializacion varchar(100),
        nombres varchar(100) not null,
        titulo_academico varchar(100),
        direccion text,
        foto_url varchar(255),
        genero sga_principal.genero_t,
        primary key (id_persona)
    )
Hibernate: 
    create table sga_principal.representantes (
        convive_con_estudiante boolean,
        fecha_nacimiento date,
        ingreso_mensual numeric(10,2),
        fecha_creacion timestamp(6) with time zone,
        id_representante bigserial not null,
        id_usuario bigint unique,
        cedula varchar(20) unique,
        contacto_emergencia_telefono varchar(20),
        genero varchar(20),
        telefono_alt varchar(20),
        telefono_principal varchar(20) not null,
        telefono_trabajo varchar(20),
        estado_civil varchar(30),
        nacionalidad varchar(50),
        nivel_instruccion varchar(50),
        parentesco varchar(50),
        apellidos varchar(100) not null,
        cargo varchar(100),
        correo varchar(100),
        nombres varchar(100) not null,
        ocupacion varchar(100),
        contacto_emergencia_nombre varchar(150),
        lugar_trabajo varchar(150),
        direccion text,
        observaciones text,
        primary key (id_representante)
    )
Hibernate: 
    create table sga_principal.roles (
        activo boolean,
        id_rol bigserial not null,
        nombre varchar not null unique,
        descripcion varchar(255),
        primary key (id_rol)
    )
Hibernate: 
    create table sga_principal.tipos_aporte (
        activo boolean not null,
        orden integer not null,
        id_ano_lectivo bigint not null,
        id_tipo_aporte bigserial not null,
        tipo_evaluacion varchar(12) not null,
        nombre varchar(60) not null,
        primary key (id_tipo_aporte)
    )
Hibernate: 
    create table sga_principal.usuario_roles (
        id_rol bigint not null,
        id_usuario bigint not null,
        primary key (id_rol, id_usuario)
    )
Hibernate: 
    create table sga_principal.usuarios (
        estado boolean not null,
        intentos_fallidos integer,
        primer_ingreso boolean,
        bloqueado_hasta timestamp(6) with time zone,
        fecha_actualizacion timestamp(6) with time zone,
        fecha_creacion timestamp(6) with time zone,
        id_usuario bigserial not null,
        ultimo_acceso timestamp(6) with time zone,
        username varchar(50) not null unique,
        correo varchar(100) not null unique,
        password_hash varchar(255) not null,
        primary key (id_usuario)
    )
Hibernate: 
    alter table if exists sga_docente.periodos_evaluacion 
       add constraint FKnw82wxlwu9legeae6ui66y973 
       foreign key (id_ano_lectivo) 
       references sga_principal.anos_lectivos
Hibernate: 
    alter table if exists sga_principal.anos_lectivos 
       add constraint FK5fr8khsqdb2knw0sgipbk9ji0 
       foreign key (creado_por) 
       references sga_principal.usuarios
Hibernate: 
    alter table if exists sga_principal.asignaciones 
       add constraint FK15qtewhcookxb8nlo74dlvyso 
       foreign key (id_ano_lectivo) 
       references sga_principal.anos_lectivos
Hibernate: 
    alter table if exists sga_principal.asignaciones 
       add constraint FKsgrhaank1w22951sjtrmrpvi4 
       foreign key (asignado_por) 
       references sga_principal.usuarios
Hibernate: 
    alter table if exists sga_principal.asignaciones 
       add constraint FKm78f2c73hqdkrm4j2usvxy1hd 
       foreign key (id_asignatura) 
       references sga_principal.asignaturas
Hibernate: 
    alter table if exists sga_principal.asignaciones 
       add constraint FKqddggy6ciew5wapr1ne06x18e 
       foreign key (id_docente) 
       references sga_principal.personas
Hibernate: 
    alter table if exists sga_principal.asignaciones 
       add constraint FKnnr5024hpvv7k252j8hu1f6aa 
       foreign key (id_grado) 
       references sga_principal.grados
Hibernate: 
    alter table if exists sga_principal.asignaciones 
       add constraint FKpyyihqeowt0d8hm8lv2afhmj 
       foreign key (id_paralelo) 
       references sga_principal.paralelos
Hibernate: 
    alter table if exists sga_principal.auditoria 
       add constraint FKmc60a5takcm6k0hp4psrdnttm 
       foreign key (id_usuario) 
       references sga_principal.usuarios
Hibernate: 
    alter table if exists sga_principal.dispositivos_representante 
       add constraint FKj6v9o825ugwcduixs2f5vi3iw 
       foreign key (id_usuario) 
       references sga_principal.usuarios
Hibernate: 
    alter table if exists sga_principal.escala_calificaciones 
       add constraint FKhmlflarc6kcjneyk5ekexpa04 
       foreign key (id_ano_lectivo) 
       references sga_principal.anos_lectivos
Hibernate: 
    alter table if exists sga_principal.escala_calificaciones 
       add constraint FKslgq7jggrmbs0r1gaw2beo0sj 
       foreign key (id_nivel) 
       references sga_principal.niveles_educativos
Hibernate: 
    alter table if exists sga_principal.esquema_calificacion 
       add constraint FKau0altyij50xrf4l9rkh28aei 
       foreign key (id_ano_lectivo) 
       references sga_principal.anos_lectivos
Hibernate: 
    alter table if exists sga_principal.estudiantes 
       add constraint FKn58open8v1psf9ftgaydac58g 
       foreign key (creado_por) 
       references sga_principal.usuarios
Hibernate: 
    alter table if exists sga_principal.estudiantes 
       add constraint FKop8x0d7ovf1kjevli0eo67mhn 
       foreign key (id_representante) 
       references sga_principal.representantes
Hibernate: 
    alter table if exists sga_principal.eventos_notificacion_push 
       add constraint FKm4c4yin4rn0brg6fnrb65q0d4 
       foreign key (id_usuario) 
       references sga_principal.usuarios
Hibernate: 
    alter table if exists sga_principal.fichas_estudiante 
       add constraint FKiuwxqp0pbfu6c9e6bk72f5v15 
       foreign key (id_estudiante) 
       references sga_principal.estudiantes
Hibernate: 
    alter table if exists sga_principal.grados 
       add constraint FKk6tk4lo8pchmfqgmsmrurvv9q 
       foreign key (id_nivel) 
       references sga_principal.niveles_educativos
Hibernate: 
    alter table if exists sga_principal.horarios 
       add constraint FKkxfg69grd43nvig8drn0mv2ab 
       foreign key (id_asignacion) 
       references sga_principal.asignaciones
Hibernate: 
    alter table if exists sga_principal.malla_curricular 
       add constraint FKodv6yokkqte45gmgfbp3ugux 
       foreign key (id_ano_lectivo) 
       references sga_principal.anos_lectivos
Hibernate: 
    alter table if exists sga_principal.malla_curricular 
       add constraint FKnksiqlymk39v2fjrmjnb6io3c 
       foreign key (id_asignatura) 
       references sga_principal.asignaturas
Hibernate: 
    alter table if exists sga_principal.malla_curricular 
       add constraint FKqvk6mhgstpyo83qay6flju6du 
       foreign key (id_grado) 
       references sga_principal.grados
Hibernate: 
    alter table if exists sga_principal.matriculas 
       add constraint FKt1hkgjtp9fjepdigmajrnko9l 
       foreign key (id_ano_lectivo) 
       references sga_principal.anos_lectivos
Hibernate: 
    alter table if exists sga_principal.matriculas 
       add constraint FK7teemxeuh2m9ttodar3bwapdw 
       foreign key (id_estudiante) 
       references sga_principal.estudiantes
Hibernate: 
    alter table if exists sga_principal.matriculas 
       add constraint FKbr9u30k6wxjnho0ix3nrsc7to 
       foreign key (id_grado) 
       references sga_principal.grados
Hibernate: 
    alter table if exists sga_principal.matriculas 
       add constraint FK9bhv4scanv29sak1ukw726xbg 
       foreign key (id_paralelo) 
       references sga_principal.paralelos
Hibernate: 
    alter table if exists sga_principal.matriculas 
       add constraint FKbopdwr46cpyl8ut2jp3hdrtxu 
       foreign key (registrado_por) 
       references sga_principal.usuarios
Hibernate: 
    alter table if exists sga_principal.notificaciones 
       add constraint FKrr0ikjdv4qycj44q3lohskm4k 
       foreign key (id_usuario) 
       references sga_principal.usuarios
Hibernate: 
    alter table if exists sga_principal.paralelos 
       add constraint FKklkoqsl0yy6g828oh67bvxrsr 
       foreign key (id_grado) 
       references sga_principal.grados
Hibernate: 
    alter table if exists sga_principal.personas 
       add constraint FK5lt3cefmp53qkehyrfy5r4flg 
       foreign key (id_usuario) 
       references sga_principal.usuarios
Hibernate: 
    alter table if exists sga_principal.representantes 
       add constraint FKc01hl3t4gipn16pyhvcxutifk 
       foreign key (id_usuario) 
       references sga_principal.usuarios
Hibernate: 
    alter table if exists sga_principal.tipos_aporte 
       add constraint FKil72cfpwmugvhtq6r5tocy6ay 
       foreign key (id_ano_lectivo) 
       references sga_principal.anos_lectivos
Hibernate: 
    alter table if exists sga_principal.usuario_roles 
       add constraint FKo74ec96jhrl0qnl41u14osa2b 
       foreign key (id_rol) 
       references sga_principal.roles
Hibernate: 
    alter table if exists sga_principal.usuario_roles 
       add constraint FKor5vdfg7bv12b37vaawa9lee2 
       foreign key (id_usuario) 
       references sga_principal.usuarios
2026-09-18T17:38:38.472Z  INFO 2493 --- [sga-principal] [           main] j.LocalContainerEntityManagerFactoryBean : Initialized JPA EntityManagerFactory for persistence unit 'default'
2026-09-18T17:38:39.174Z  INFO 2493 --- [sga-principal] [           main] o.s.d.j.r.query.QueryEnhancerFactory     : Hibernate is in classpath; If applicable, HQL parser will be used.
2026-09-18T17:38:41.336Z  INFO 2493 --- [sga-principal] [           main] n.d.b.g.c.a.GrpcClientAutoConfiguration  : Detected grpc-netty-shaded: Creating ShadedNettyChannelFactory + InProcessChannelFactory
2026-09-18T17:38:41.746Z  WARN 2493 --- [sga-principal] [           main] e.e.u.s.i.c.RestriccionBitacoraValidator : Validacion de restriccion de bitacora omitida: el usuario efectivo test es superusuario. Este arranque no acredita la restriccion.
2026-09-18T17:38:41.789Z  WARN 2493 --- [sga-principal] [           main] o.s.aop.framework.CglibAopProxy          : Unable to proxy interface-implementing method [public final io.grpc.ServerServiceDefinition ec.edu.uteq.sga.grpc.principal.PrincipalServiceGrpc$PrincipalServiceImplBase.bindService()] because it is marked as final, consider using interface-based JDK proxies instead.
2026-09-18T17:38:41.800Z  WARN 2493 --- [sga-principal] [           main] o.s.aop.framework.CglibAopProxy          : Unable to proxy interface-implementing method [public final io.grpc.ServerServiceDefinition ec.edu.uteq.sga.grpc.contexto.TeacherContextServiceGrpc$TeacherContextServiceImplBase.bindService()] because it is marked as final, consider using interface-based JDK proxies instead.
2026-09-18T17:38:43.147Z  INFO 2493 --- [sga-principal] [           main] o.s.b.a.e.web.EndpointLinksResolver      : Exposing 3 endpoint(s) beneath base path '/actuator'
2026-09-18T17:38:43.321Z  INFO 2493 --- [sga-principal] [           main] o.s.s.web.DefaultSecurityFilterChain     : Will secure any request with [org.springframework.security.web.session.DisableEncodeUrlFilter@35378600, org.springframework.security.web.context.request.async.WebAsyncManagerIntegrationFilter@d84dca4, org.springframework.security.web.context.SecurityContextHolderFilter@62bf5775, org.springframework.security.web.header.HeaderWriterFilter@ae8f742, org.springframework.web.filter.CorsFilter@7088051d, org.springframework.security.web.authentication.logout.LogoutFilter@cae2fa, ec.edu.uteq.sga.infrastructure.security.JwtFilter@22d0b2d0, org.springframework.security.web.savedrequest.RequestCacheAwareFilter@584c8fb7, org.springframework.security.web.servletapi.SecurityContextHolderAwareRequestFilter@1d9825aa, org.springframework.security.web.authentication.AnonymousAuthenticationFilter@2fbba454, org.springframework.security.web.session.SessionManagementFilter@2e80b5c8, org.springframework.security.web.access.ExceptionTranslationFilter@4ecebaad, org.springframework.security.web.access.intercept.AuthorizationFilter@6c344f22]
2026-09-18T17:38:43.691Z  INFO 2493 --- [sga-principal] [           main] g.s.a.GrpcServerFactoryAutoConfiguration : Detected grpc-netty-shaded: Creating ShadedNettyGrpcServerFactory
2026-09-18T17:38:44.413Z  INFO 2493 --- [sga-principal] [           main] o.s.b.w.embedded.tomcat.TomcatWebServer  : Tomcat started on port 34633 (http) with context path ''
2026-09-18T17:38:44.420Z  INFO 2493 --- [sga-principal] [           main] n.d.b.g.s.s.AbstractGrpcServerFactory    : Registered gRPC service: sga.principal.PrincipalService, bean: principalGrpcService, class: ec.edu.uteq.sga.infrastructure.grpc.PrincipalGrpcService$$SpringCGLIB$$0
2026-09-18T17:38:44.420Z  INFO 2493 --- [sga-principal] [           main] n.d.b.g.s.s.AbstractGrpcServerFactory    : Registered gRPC service: sga.contexto.TeacherContextService, bean: teacherContextGrpcService, class: ec.edu.uteq.sga.infrastructure.grpc.TeacherContextGrpcService$$SpringCGLIB$$0
2026-09-18T17:38:44.420Z  INFO 2493 --- [sga-principal] [           main] n.d.b.g.s.s.AbstractGrpcServerFactory    : Registered gRPC service: grpc.health.v1.Health, bean: grpcHealthService, class: io.grpc.protobuf.services.HealthServiceImpl
2026-09-18T17:38:44.420Z  INFO 2493 --- [sga-principal] [           main] n.d.b.g.s.s.AbstractGrpcServerFactory    : Registered gRPC service: grpc.reflection.v1alpha.ServerReflection, bean: protoReflectionService, class: io.grpc.protobuf.services.ProtoReflectionService
2026-09-18T17:38:44.501Z  INFO 2493 --- [sga-principal] [           main] n.d.b.g.s.s.GrpcServerLifecycle          : gRPC Server started, listening on address: *, port: 27279
2026-09-18T17:38:44.531Z  INFO 2493 --- [sga-principal] [           main] e.e.u.s.i.AuditoriaPostgresContainerTest : Started AuditoriaPostgresContainerTest in 16.0 seconds (process running for 35.765)
Hibernate: 
    select
        eca1_0.id_estado,
        eca1_0.ultimo_hash,
        eca1_0.ultimo_lamport,
        eca1_0.vector_reloj 
    from
        sga_principal.estado_cadena_auditoria eca1_0 
    where
        eca1_0.id_estado=?
Hibernate: 
    select
        eca1_0.id_estado,
        eca1_0.ultimo_hash,
        eca1_0.ultimo_lamport,
        eca1_0.vector_reloj 
    from
        sga_principal.estado_cadena_auditoria eca1_0 
    where
        eca1_0.id_estado=?
Hibernate: 
    insert 
    into
        sga_principal.estado_cadena_auditoria
        (ultimo_hash, ultimo_lamport, vector_reloj, id_estado) 
    values
        (?, ?, ?, ?)
Hibernate: 
    select
        eca1_0.id_estado,
        eca1_0.ultimo_hash,
        eca1_0.ultimo_lamport,
        eca1_0.vector_reloj 
    from
        sga_principal.estado_cadena_auditoria eca1_0 
    where
        eca1_0.id_estado=?
Hibernate: 
    select
        eca1_0.id_estado,
        eca1_0.ultimo_hash,
        eca1_0.ultimo_lamport,
        eca1_0.vector_reloj 
    from
        sga_principal.estado_cadena_auditoria eca1_0 
    where
        eca1_0.id_estado=? for no key update
Hibernate: 
    select
        eca1_0.id_estado,
        eca1_0.ultimo_hash,
        eca1_0.ultimo_lamport,
        eca1_0.vector_reloj 
    from
        sga_principal.estado_cadena_auditoria eca1_0 
    where
        eca1_0.id_estado=? for no key update
Hibernate: 
    insert 
    into
        sga_principal.auditoria
        (accion, contenido_canonico, descripcion, fecha, hash_actual, hash_anterior, hmac, ip_address, registro_id, reloj_lamport, resultado, schema_origen, tabla_afectada, trace_id, user_agent, username, id_usuario, vector_reloj, version_canonica) 
    values
        (?::sga_principal.accion_auditoria_t, ?, ?, ?, ?, ?, ?, ?, ?, ?, ?, ?, ?, ?, ?, ?, ?, ?, ?)
Hibernate: 
    update
        sga_principal.estado_cadena_auditoria 
    set
        ultimo_hash=?,
        ultimo_lamport=?,
        vector_reloj=? 
    where
        id_estado=?
Hibernate: 
    insert 
    into
        sga_principal.auditoria
        (accion, contenido_canonico, descripcion, fecha, hash_actual, hash_anterior, hmac, ip_address, registro_id, reloj_lamport, resultado, schema_origen, tabla_afectada, trace_id, user_agent, username, id_usuario, vector_reloj, version_canonica) 
    values
        (?::sga_principal.accion_auditoria_t, ?, ?, ?, ?, ?, ?, ?, ?, ?, ?, ?, ?, ?, ?, ?, ?, ?, ?)
Hibernate: 
    update
        sga_principal.estado_cadena_auditoria 
    set
        ultimo_hash=?,
        ultimo_lamport=?,
        vector_reloj=? 
    where
        id_estado=?
Hibernate: 
    select
        a1_0.id_auditoria,
        a1_0.accion,
        a1_0.contenido_canonico,
        a1_0.descripcion,
        a1_0.fecha,
        a1_0.hash_actual,
        a1_0.hash_anterior,
        a1_0.hmac,
        a1_0.ip_address,
        a1_0.registro_id,
        a1_0.reloj_lamport,
        a1_0.resultado,
        a1_0.schema_origen,
        a1_0.tabla_afectada,
        a1_0.trace_id,
        a1_0.user_agent,
        a1_0.username,
        a1_0.id_usuario,
        a1_0.vector_reloj,
        a1_0.version_canonica 
    from
        sga_principal.auditoria a1_0 
    where
        a1_0.tabla_afectada=?
Hibernate: 
    select
        eca1_0.id_estado,
        eca1_0.ultimo_hash,
        eca1_0.ultimo_lamport,
        eca1_0.vector_reloj 
    from
        sga_principal.estado_cadena_auditoria eca1_0 
    where
        eca1_0.id_estado=?
]]></system-out>
  </testcase>
  <testcase name="usaPostgresTemporalYGuardaAuditoriaConCamposCriptograficos" classname="ec.edu.uteq.sga.integration.AuditoriaPostgresContainerTest" time="0.053">
    <system-out><![CDATA[Hibernate: 
    select
        eca1_0.id_estado,
        eca1_0.ultimo_hash,
        eca1_0.ultimo_lamport,
        eca1_0.vector_reloj 
    from
        sga_principal.estado_cadena_auditoria eca1_0 
    where
        eca1_0.id_estado=?
Hibernate: 
    insert 
    into
        sga_principal.usuarios
        (bloqueado_hasta, correo, estado, fecha_actualizacion, fecha_creacion, intentos_fallidos, password_hash, primer_ingreso, ultimo_acceso, username) 
    values
        (?, ?, ?, ?, ?, ?, ?, ?, ?, ?)
Hibernate: 
    select
        eca1_0.id_estado,
        eca1_0.ultimo_hash,
        eca1_0.ultimo_lamport,
        eca1_0.vector_reloj 
    from
        sga_principal.estado_cadena_auditoria eca1_0 
    where
        eca1_0.id_estado=? for no key update
Hibernate: 
    insert 
    into
        sga_principal.auditoria
        (accion, contenido_canonico, descripcion, fecha, hash_actual, hash_anterior, hmac, ip_address, registro_id, reloj_lamport, resultado, schema_origen, tabla_afectada, trace_id, user_agent, username, id_usuario, vector_reloj, version_canonica) 
    values
        (?::sga_principal.accion_auditoria_t, ?, ?, ?, ?, ?, ?, ?, ?, ?, ?, ?, ?, ?, ?, ?, ?, ?, ?)
Hibernate: 
    update
        sga_principal.estado_cadena_auditoria 
    set
        ultimo_hash=?,
        ultimo_lamport=?,
        vector_reloj=? 
    where
        id_estado=?
Hibernate: 
    select
        a1_0.id_auditoria,
        a1_0.accion,
        a1_0.contenido_canonico,
        a1_0.descripcion,
        a1_0.fecha,
        a1_0.hash_actual,
        a1_0.hash_anterior,
        a1_0.hmac,
        a1_0.ip_address,
        a1_0.registro_id,
        a1_0.reloj_lamport,
        a1_0.resultado,
        a1_0.schema_origen,
        a1_0.tabla_afectada,
        a1_0.trace_id,
        a1_0.user_agent,
        a1_0.username,
        a1_0.id_usuario,
        a1_0.vector_reloj,
        a1_0.version_canonica 
    from
        sga_principal.auditoria a1_0
]]></system-out>
  </testcase>
</testsuite>