<?xml version="1.0" encoding="UTF-8"?>
<testsuite xmlns:xsi="http://www.w3.org/2001/XMLSchema-instance" xsi:noNamespaceSchemaLocation="https://maven.apache.org/surefire/maven-surefire-plugin/xsd/surefire-test-report-3.0.xsd" version="3.0" name="ec.edu.uteq.sga.integration.AuditoriaPostgresContainerTest" time="47.929" tests="2" errors="0" skipped="0" failures="0">
  <properties>
[...]
</properties>
  <testcase name="dosEscriturasConcurrentesMantienenUnaSolaCadena" classname="ec.edu.uteq.sga.integration.AuditoriaPostgresContainerTest" time="2.513">
    <system-out><![CDATA[08:15:24.964 [main] INFO org.springframework.test.context.support.AnnotationConfigContextLoaderUtils -- Could not detect default configuration classes for test class [ec.edu.uteq.sga.integration.AuditoriaPostgresContainerTest]: AuditoriaPostgresContainerTest does not declare any static, non-private, non-final, nested classes annotated with @Configuration.
08:15:25.371 [main] INFO org.springframework.boot.test.context.SpringBootTestContextBootstrapper -- Found @SpringBootConfiguration ec.edu.uteq.sga.SgaPrincipalApplication for test class ec.edu.uteq.sga.integration.AuditoriaPostgresContainerTest
08:15:25.762 [main] INFO tc.postgres:16-alpine -- Creating container for image: postgres:16-alpine
08:15:26.349 [main] INFO tc.postgres:16-alpine -- Container postgres:16-alpine is starting: e841bc27161b6feb6d0abb48f9fcfd96de65cc769aeea17046a23f98ada914b7
08:15:33.081 [main] INFO tc.postgres:16-alpine -- Container postgres:16-alpine started in PT7.3192779S
08:15:33.081 [main] INFO tc.postgres:16-alpine -- Container is started (JDBC URL: jdbc:postgresql://localhost:64390/testdb?loggerLevel=OFF)
08:15:33.083 [main] INFO org.testcontainers.ext.ScriptUtils -- Executing database script from db/migration/V8__baseline_completo.sql
08:15:34.620 [main] INFO org.testcontainers.ext.ScriptUtils -- Executed database script from db/migration/V8__baseline_completo.sql in 1536 ms.
08:15:34.850 [main] INFO org.springframework.boot.devtools.restart.RestartApplicationListener -- Restart disabled due to context in which it is running

  .   ____          _            __ _ _
 /\\ / ___'_ __ _ _(_)_ __  __ _ \ \ \ \
( ( )\___ | '_ | '_| | '_ \/ _` | \ \ \ \
 \\/  ___)| |_)| | | | | || (_| |  ) ) ) )
  '  |____| .__|_| |_|_| |_\__, | / / / /
 =========|_|==============|___/=/_/_/_/
 :: Spring Boot ::                (v3.2.5)

2026-09-22T08:15:35.707-05:00  INFO 19880 --- [sga-principal] [           main] e.e.u.s.i.AuditoriaPostgresContainerTest : Starting AuditoriaPostgresContainerTest using Java 21.0.11 with PID 19880 (started by DEYNER in C:\Users\DEYNER\Documents\acadtrace\sga-principal)
2026-09-22T08:15:35.709-05:00  INFO 19880 --- [sga-principal] [           main] e.e.u.s.i.AuditoriaPostgresContainerTest : No active profile set, falling back to 1 default profile: "default"
2026-09-22T08:15:41.232-05:00  INFO 19880 --- [sga-principal] [           main] .s.d.r.c.RepositoryConfigurationDelegate : Bootstrapping Spring Data JPA repositories in DEFAULT mode.
2026-09-22T08:15:41.797-05:00  INFO 19880 --- [sga-principal] [           main] .s.d.r.c.RepositoryConfigurationDelegate : Finished Spring Data repository scanning in 541 ms. Found 25 JPA repository interfaces.
2026-09-22T08:15:44.450-05:00  INFO 19880 --- [sga-principal] [           main] o.s.b.w.embedded.tomcat.TomcatWebServer  : Tomcat initialized with port 0 (http)
2026-09-22T08:15:44.489-05:00  INFO 19880 --- [sga-principal] [           main] o.apache.catalina.core.StandardService   : Starting service [Tomcat]
2026-09-22T08:15:44.490-05:00  INFO 19880 --- [sga-principal] [           main] o.apache.catalina.core.StandardEngine    : Starting Servlet engine: [Apache Tomcat/10.1.20]
2026-09-22T08:15:44.783-05:00  INFO 19880 --- [sga-principal] [           main] o.a.c.c.C.[Tomcat].[localhost].[/]       : Initializing Spring embedded WebApplicationContext
2026-09-22T08:15:44.786-05:00  INFO 19880 --- [sga-principal] [           main] w.s.c.ServletWebServerApplicationContext : Root WebApplicationContext: initialization completed in 9030 ms
2026-09-22T08:15:45.794-05:00  INFO 19880 --- [sga-principal] [           main] org.flywaydb.core.FlywayExecutor         : Database: jdbc:postgresql://localhost:64390/testdb (PostgreSQL 16.14)
2026-09-22T08:15:45.813-05:00  WARN 19880 --- [sga-principal] [           main] o.f.c.internal.database.base.Database    : Flyway upgrade recommended: PostgreSQL 16.14 is newer than this version of Flyway and support has not been tested. The latest supported version of PostgreSQL is 15.
2026-09-22T08:15:45.902-05:00  INFO 19880 --- [sga-principal] [           main] o.f.c.i.s.JdbcTableSchemaHistory         : Schema history table "sga_principal"."flyway_schema_history" does not exist yet
2026-09-22T08:15:45.923-05:00  INFO 19880 --- [sga-principal] [           main] o.f.core.internal.command.DbValidate     : Successfully validated 18 migrations (execution time 00:00.101s)
2026-09-22T08:15:46.027-05:00  INFO 19880 --- [sga-principal] [           main] o.f.c.i.s.JdbcTableSchemaHistory         : Creating Schema History table "sga_principal"."flyway_schema_history" with baseline ...
2026-09-22T08:15:46.112-05:00  INFO 19880 --- [sga-principal] [           main] o.f.core.internal.command.DbBaseline     : Successfully baselined schema with version: 8
2026-09-22T08:15:46.186-05:00  INFO 19880 --- [sga-principal] [           main] o.f.core.internal.command.DbMigrate      : Current version of schema "sga_principal": 8
2026-09-22T08:15:46.231-05:00  INFO 19880 --- [sga-principal] [           main] o.f.core.internal.command.DbMigrate      : Migrating schema "sga_principal" to version "9 - representante usuario y rol"
2026-09-22T08:15:46.392-05:00  INFO 19880 --- [sga-principal] [           main] o.f.core.internal.command.DbMigrate      : Migrating schema "sga_principal" to version "10 - vincular cuentas representante"
2026-09-22T08:15:46.468-05:00  INFO 19880 --- [sga-principal] [           main] o.f.core.internal.command.DbMigrate      : Migrating schema "sga_principal" to version "12 - notificaciones push fcm"
2026-09-22T08:15:46.668-05:00  INFO 19880 --- [sga-principal] [           main] o.f.core.internal.command.DbMigrate      : Migrating schema "sga_principal" to version "13 - trigger y revocacion auditoria"
2026-09-22T08:15:46.685-05:00  INFO 19880 --- [sga-principal] [           main] o.f.c.i.s.DefaultSqlScriptExecutor       : DB: trigger "tg_auditoria_append_only" for relation "sga_principal.auditoria" does not exist, skipping
2026-09-22T08:15:46.807-05:00  INFO 19880 --- [sga-principal] [           main] o.f.core.internal.command.DbMigrate      : Migrating schema "sga_principal" to version "14 - cadena auditoria lamport"
2026-09-22T08:15:46.814-05:00  WARN 19880 --- [sga-principal] [           main] o.f.c.i.s.DefaultSqlScriptExecutor       : DB: column "hash_anterior" of relation "auditoria" already exists, skipping (SQL State: 42701 - Error Code: 0)
2026-09-22T08:15:46.815-05:00  WARN 19880 --- [sga-principal] [           main] o.f.c.i.s.DefaultSqlScriptExecutor       : DB: column "hash_actual" of relation "auditoria" already exists, skipping (SQL State: 42701 - Error Code: 0)
2026-09-22T08:15:46.816-05:00  WARN 19880 --- [sga-principal] [           main] o.f.c.i.s.DefaultSqlScriptExecutor       : DB: column "reloj_lamport" of relation "auditoria" already exists, skipping (SQL State: 42701 - Error Code: 0)
2026-09-22T08:15:46.916-05:00  INFO 19880 --- [sga-principal] [           main] o.f.core.internal.command.DbMigrate      : Migrating schema "sga_principal" to version "15 - auditoria campos criptograficos"
2026-09-22T08:15:46.930-05:00  WARN 19880 --- [sga-principal] [           main] o.f.c.i.s.DefaultSqlScriptExecutor       : DB: column "hash_anterior" of relation "auditoria" already exists, skipping (SQL State: 42701 - Error Code: 0)
2026-09-22T08:15:46.931-05:00  WARN 19880 --- [sga-principal] [           main] o.f.c.i.s.DefaultSqlScriptExecutor       : DB: column "hash_actual" of relation "auditoria" already exists, skipping (SQL State: 42701 - Error Code: 0)
2026-09-22T08:15:46.931-05:00  WARN 19880 --- [sga-principal] [           main] o.f.c.i.s.DefaultSqlScriptExecutor       : DB: column "reloj_lamport" of relation "auditoria" already exists, skipping (SQL State: 42701 - Error Code: 0)
2026-09-22T08:15:46.931-05:00  WARN 19880 --- [sga-principal] [           main] o.f.c.i.s.DefaultSqlScriptExecutor       : DB: column "vector_reloj" of relation "auditoria" already exists, skipping (SQL State: 42701 - Error Code: 0)
2026-09-22T08:15:47.126-05:00  INFO 19880 --- [sga-principal] [           main] o.f.core.internal.command.DbMigrate      : Migrating schema "sga_principal" to version "16 - estado cadena auditoria"
2026-09-22T08:15:47.132-05:00  WARN 19880 --- [sga-principal] [           main] o.f.c.i.s.DefaultSqlScriptExecutor       : DB: column "contenido_canonico" of relation "auditoria" already exists, skipping (SQL State: 42701 - Error Code: 0)
2026-09-22T08:15:47.135-05:00  WARN 19880 --- [sga-principal] [           main] o.f.c.i.s.DefaultSqlScriptExecutor       : DB: column "version_canonica" of relation "auditoria" already exists, skipping (SQL State: 42701 - Error Code: 0)
2026-09-22T08:15:47.208-05:00  INFO 19880 --- [sga-principal] [           main] o.f.core.internal.command.DbMigrate      : Migrating schema "sga_principal" to version "17 - accion auditoria docente"
2026-09-22T08:15:47.253-05:00  INFO 19880 --- [sga-principal] [           main] o.f.core.internal.command.DbMigrate      : Migrating schema "sga_principal" to version "18 - rol aplicacion y revocacion auditoria"
2026-09-22T08:15:47.382-05:00  INFO 19880 --- [sga-principal] [           main] o.f.core.internal.command.DbMigrate      : Migrating schema "sga_principal" to version "19 - ampliar permisos sga app"
2026-09-22T08:15:47.390-05:00  WARN 19880 --- [sga-principal] [           main] o.f.c.i.s.DefaultSqlScriptExecutor       : DB: schema "sga_docente" already exists, skipping (SQL State: 42P06 - Error Code: 0)
2026-09-22T08:15:47.393-05:00  WARN 19880 --- [sga-principal] [           main] o.f.c.i.s.DefaultSqlScriptExecutor       : DB: schema "sga_secretaria" already exists, skipping (SQL State: 42P06 - Error Code: 0)
2026-09-22T08:15:47.397-05:00  WARN 19880 --- [sga-principal] [           main] o.f.c.i.s.DefaultSqlScriptExecutor       : DB: schema "sga_soporte" already exists, skipping (SQL State: 42P06 - Error Code: 0)
2026-09-22T08:15:47.538-05:00  INFO 19880 --- [sga-principal] [           main] o.f.core.internal.command.DbMigrate      : Migrating schema "sga_principal" to version "20 - reparar checksum v18"
2026-09-22T08:15:47.544-05:00  INFO 19880 --- [sga-principal] [           main] o.f.c.i.s.DefaultSqlScriptExecutor       : DB: V20: marca de reparacion aplicada. El checksum de V18 fue reparado por FlywayMigrationStrategy en el arranque de sga-principal.
2026-09-22T08:15:47.613-05:00  INFO 19880 --- [sga-principal] [           main] o.f.core.internal.command.DbMigrate      : Migrating schema "sga_principal" to version "21 - trigger truncate auditoria"
2026-09-22T08:15:47.623-05:00  INFO 19880 --- [sga-principal] [           main] o.f.c.i.s.DefaultSqlScriptExecutor       : DB: trigger "tg_auditoria_no_truncate" for relation "sga_principal.auditoria" does not exist, skipping
2026-09-22T08:15:47.667-05:00  INFO 19880 --- [sga-principal] [           main] o.f.core.internal.command.DbMigrate      : Migrating schema "sga_principal" to version "22 - marca reparacion v18 confirmada"
2026-09-22T08:15:47.671-05:00  INFO 19880 --- [sga-principal] [           main] o.f.c.i.s.DefaultSqlScriptExecutor       : DB: V22: reparacion del checksum de V18 confirmada el 2026-09-18. Ejecutada por FlywayConfig.repairAntesDeMigrar antes del migrate. Validacion de Flyway activa (validateOnMigrate=true por defecto).
2026-09-22T08:15:47.708-05:00  INFO 19880 --- [sga-principal] [           main] o.f.core.internal.command.DbMigrate      : Migrating schema "sga_principal" to version "23 - grants sga secretaria y auditoria diferidos"
2026-09-22T08:15:47.788-05:00  INFO 19880 --- [sga-principal] [           main] o.f.core.internal.command.DbMigrate      : Migrating schema "sga_principal" to version "24 - acotar revocacion bitacora"
2026-09-22T08:15:47.842-05:00  INFO 19880 --- [sga-principal] [           main] o.f.core.internal.command.DbMigrate      : Migrating schema "sga_principal" to version "25 - delta v8 tablas vistas"
2026-09-22T08:15:47.849-05:00  WARN 19880 --- [sga-principal] [           main] o.f.c.i.s.DefaultSqlScriptExecutor       : DB: schema "sga_secretaria" already exists, skipping (SQL State: 42P06 - Error Code: 0)
2026-09-22T08:15:47.855-05:00  WARN 19880 --- [sga-principal] [           main] o.f.c.i.s.DefaultSqlScriptExecutor       : DB: relation "estudiantes" already exists, skipping (SQL State: 42P07 - Error Code: 0)
2026-09-22T08:15:47.860-05:00  WARN 19880 --- [sga-principal] [           main] o.f.c.i.s.DefaultSqlScriptExecutor       : DB: relation "matriculas" already exists, skipping (SQL State: 42P07 - Error Code: 0)
2026-09-22T08:15:47.876-05:00  WARN 19880 --- [sga-principal] [           main] o.f.c.i.s.DefaultSqlScriptExecutor       : DB: relation "fichas_estudiante" already exists, skipping (SQL State: 42P07 - Error Code: 0)
2026-09-22T08:15:48.035-05:00  WARN 19880 --- [sga-principal] [           main] o.f.c.i.s.DefaultSqlScriptExecutor       : DB: relation "escala_calificaciones" already exists, skipping (SQL State: 42P07 - Error Code: 0)
2026-09-22T08:15:48.065-05:00  WARN 19880 --- [sga-principal] [           main] o.f.c.i.s.DefaultSqlScriptExecutor       : DB: column "id_usuario" of relation "representantes" already exists, skipping (SQL State: 42701 - Error Code: 0)
2026-09-22T08:15:48.090-05:00  WARN 19880 --- [sga-principal] [           main] o.f.c.i.s.DefaultSqlScriptExecutor       : DB: relation "dispositivos_representante" already exists, skipping (SQL State: 42P07 - Error Code: 0)
2026-09-22T08:15:48.093-05:00  WARN 19880 --- [sga-principal] [           main] o.f.c.i.s.DefaultSqlScriptExecutor       : DB: relation "eventos_notificacion_push" already exists, skipping (SQL State: 42P07 - Error Code: 0)
2026-09-22T08:15:48.096-05:00  WARN 19880 --- [sga-principal] [           main] o.f.c.i.s.DefaultSqlScriptExecutor       : DB: column "contenido_canonico" of relation "auditoria" already exists, skipping (SQL State: 42701 - Error Code: 0)
2026-09-22T08:15:48.096-05:00  WARN 19880 --- [sga-principal] [           main] o.f.c.i.s.DefaultSqlScriptExecutor       : DB: column "version_canonica" of relation "auditoria" already exists, skipping (SQL State: 42701 - Error Code: 0)
2026-09-22T08:15:48.098-05:00  WARN 19880 --- [sga-principal] [           main] o.f.c.i.s.DefaultSqlScriptExecutor       : DB: relation "estado_cadena_auditoria" already exists, skipping (SQL State: 42P07 - Error Code: 0)
2026-09-22T08:15:48.143-05:00  INFO 19880 --- [sga-principal] [           main] o.f.core.internal.command.DbMigrate      : Migrating schema "sga_principal" to version "26 - objetos faltantes codigo"
2026-09-22T08:15:48.150-05:00  WARN 19880 --- [sga-principal] [           main] o.f.c.i.s.DefaultSqlScriptExecutor       : DB: schema "sga_principal" already exists, skipping (SQL State: 42P06 - Error Code: 0)
2026-09-22T08:15:48.153-05:00  WARN 19880 --- [sga-principal] [           main] o.f.c.i.s.DefaultSqlScriptExecutor       : DB: schema "sga_secretaria" already exists, skipping (SQL State: 42P06 - Error Code: 0)
2026-09-22T08:15:48.157-05:00  WARN 19880 --- [sga-principal] [           main] o.f.c.i.s.DefaultSqlScriptExecutor       : DB: schema "sga_soporte" already exists, skipping (SQL State: 42P06 - Error Code: 0)
2026-09-22T08:15:48.388-05:00  INFO 19880 --- [sga-principal] [           main] o.f.c.i.s.DefaultSqlScriptExecutor       : DB: trigger "tg_horario_no_choque" for relation "sga_principal.horarios" does not exist, skipping
2026-09-22T08:15:48.424-05:00  INFO 19880 --- [sga-principal] [           main] o.f.core.internal.command.DbMigrate      : Successfully applied 17 migrations to schema "sga_principal", now at version v26 (execution time 00:01.321s)
2026-09-22T08:15:48.747-05:00  INFO 19880 --- [sga-principal] [           main] o.hibernate.jpa.internal.util.LogHelper  : HHH000204: Processing PersistenceUnitInfo [name: default]
2026-09-22T08:15:49.022-05:00  INFO 19880 --- [sga-principal] [           main] org.hibernate.Version                    : HHH000412: Hibernate ORM core version 6.4.4.Final
2026-09-22T08:15:49.204-05:00  INFO 19880 --- [sga-principal] [           main] o.h.c.internal.RegionFactoryInitiator    : HHH000026: Second-level cache disabled
2026-09-22T08:15:49.960-05:00  INFO 19880 --- [sga-principal] [           main] o.s.o.j.p.SpringPersistenceUnitInfo      : No LoadTimeWeaver setup: ignoring JPA class transformer
2026-09-22T08:15:50.059-05:00  INFO 19880 --- [sga-principal] [           main] com.zaxxer.hikari.HikariDataSource       : HikariPool-1 - Starting...
2026-09-22T08:15:50.135-05:00  INFO 19880 --- [sga-principal] [           main] com.zaxxer.hikari.pool.HikariPool        : HikariPool-1 - Added connection org.postgresql.jdbc.PgConnection@207358ad
2026-09-22T08:15:50.140-05:00  INFO 19880 --- [sga-principal] [           main] com.zaxxer.hikari.HikariDataSource       : HikariPool-1 - Start completed.
2026-09-22T08:15:50.282-05:00  WARN 19880 --- [sga-principal] [           main] org.hibernate.orm.deprecation            : HHH90000025: PostgreSQLDialect does not need to be specified explicitly using 'hibernate.dialect' (remove the property setting and it will be selected by default)
2026-09-22T08:15:54.687-05:00  INFO 19880 --- [sga-principal] [           main] o.h.e.t.j.p.i.JtaPlatformInitiator       : HHH000489: No JTA platform available (set 'hibernate.transaction.jta.platform' to enable JTA platform integration)
2026-09-22T08:15:54.695-05:00  INFO 19880 --- [sga-principal] [           main] j.LocalContainerEntityManagerFactoryBean : Initialized JPA EntityManagerFactory for persistence unit 'default'
2026-09-22T08:15:55.967-05:00  INFO 19880 --- [sga-principal] [           main] o.s.d.j.r.query.QueryEnhancerFactory     : Hibernate is in classpath; If applicable, HQL parser will be used.
2026-09-22T08:16:00.361-05:00  INFO 19880 --- [sga-principal] [           main] n.d.b.g.c.a.GrpcClientAutoConfiguration  : Detected grpc-netty-shaded: Creating ShadedNettyChannelFactory + InProcessChannelFactory
2026-09-22T08:16:01.704-05:00  INFO 19880 --- [sga-principal] [           main] e.e.u.s.i.c.RestriccionBitacoraValidator : Verificado: usuario sga_app no puede modificar la bitacora
2026-09-22T08:16:01.985-05:00  WARN 19880 --- [sga-principal] [           main] o.s.aop.framework.CglibAopProxy          : Unable to proxy interface-implementing method [public final io.grpc.ServerServiceDefinition ec.edu.uteq.sga.grpc.principal.PrincipalServiceGrpc$PrincipalServiceImplBase.bindService()] because it is marked as final, consider using interface-based JDK proxies instead.
2026-09-22T08:16:02.020-05:00  WARN 19880 --- [sga-principal] [           main] o.s.aop.framework.CglibAopProxy          : Unable to proxy interface-implementing method [public final io.grpc.ServerServiceDefinition ec.edu.uteq.sga.grpc.contexto.TeacherContextServiceGrpc$TeacherContextServiceImplBase.bindService()] because it is marked as final, consider using interface-based JDK proxies instead.
2026-09-22T08:16:05.157-05:00  INFO 19880 --- [sga-principal] [           main] o.s.b.a.e.web.EndpointLinksResolver      : Exposing 3 endpoint(s) beneath base path '/actuator'
2026-09-22T08:16:05.417-05:00  INFO 19880 --- [sga-principal] [           main] o.s.s.web.DefaultSecurityFilterChain     : Will secure any request with [org.springframework.security.web.session.DisableEncodeUrlFilter@65fcdaeb, org.springframework.security.web.context.request.async.WebAsyncManagerIntegrationFilter@6cb51283, org.springframework.security.web.context.SecurityContextHolderFilter@1389c566, org.springframework.security.web.header.HeaderWriterFilter@4dd08e5b, org.springframework.web.filter.CorsFilter@d48c11a, org.springframework.security.web.authentication.logout.LogoutFilter@5a8d411f, ec.edu.uteq.sga.infrastructure.security.JwtFilter@351fadfa, org.springframework.security.web.savedrequest.RequestCacheAwareFilter@354dbfa3, org.springframework.security.web.servletapi.SecurityContextHolderAwareRequestFilter@36d29faf, org.springframework.security.web.authentication.AnonymousAuthenticationFilter@6f6ce71d, org.springframework.security.web.session.SessionManagementFilter@ff2e200, org.springframework.security.web.access.ExceptionTranslationFilter@269782e, org.springframework.security.web.access.intercept.AuthorizationFilter@5c537c01]
2026-09-22T08:16:06.138-05:00  INFO 19880 --- [sga-principal] [           main] g.s.a.GrpcServerFactoryAutoConfiguration : Detected grpc-netty-shaded: Creating ShadedNettyGrpcServerFactory
2026-09-22T08:16:07.700-05:00  INFO 19880 --- [sga-principal] [           main] o.s.b.w.embedded.tomcat.TomcatWebServer  : Tomcat started on port 54182 (http) with context path ''
2026-09-22T08:16:07.720-05:00  INFO 19880 --- [sga-principal] [           main] n.d.b.g.s.s.AbstractGrpcServerFactory    : Registered gRPC service: sga.principal.PrincipalService, bean: principalGrpcService, class: ec.edu.uteq.sga.infrastructure.grpc.PrincipalGrpcService$$SpringCGLIB$$0
2026-09-22T08:16:07.734-05:00  INFO 19880 --- [sga-principal] [           main] n.d.b.g.s.s.AbstractGrpcServerFactory    : Registered gRPC service: sga.contexto.TeacherContextService, bean: teacherContextGrpcService, class: ec.edu.uteq.sga.infrastructure.grpc.TeacherContextGrpcService$$SpringCGLIB$$0
2026-09-22T08:16:07.734-05:00  INFO 19880 --- [sga-principal] [           main] n.d.b.g.s.s.AbstractGrpcServerFactory    : Registered gRPC service: grpc.health.v1.Health, bean: grpcHealthService, class: io.grpc.protobuf.services.HealthServiceImpl
2026-09-22T08:16:07.736-05:00  INFO 19880 --- [sga-principal] [           main] n.d.b.g.s.s.AbstractGrpcServerFactory    : Registered gRPC service: grpc.reflection.v1alpha.ServerReflection, bean: protoReflectionService, class: io.grpc.protobuf.services.ProtoReflectionService
2026-09-22T08:16:08.071-05:00  INFO 19880 --- [sga-principal] [           main] n.d.b.g.s.s.GrpcServerLifecycle          : gRPC Server started, listening on address: *, port: 22254
2026-09-22T08:16:08.128-05:00  INFO 19880 --- [sga-principal] [           main] e.e.u.s.i.AuditoriaPostgresContainerTest : Started AuditoriaPostgresContainerTest in 33.313 seconds (process running for 66.225)
Hibernate: 
    select
        eca1_0.id_estado,
        eca1_0.ultimo_hash,
        eca1_0.ultimo_lamport,
        eca1_0.vector_reloj 
    from
        sga_principal.estado_cadena_auditoria eca1_0 
    where
        eca1_0.id_estado=?
Hibernate: 
    select
        eca1_0.id_estado,
        eca1_0.ultimo_hash,
        eca1_0.ultimo_lamport,
        eca1_0.vector_reloj 
    from
        sga_principal.estado_cadena_auditoria eca1_0 
    where
        eca1_0.id_estado=?
Hibernate: 
    select
        eca1_0.id_estado,
        eca1_0.ultimo_hash,
        eca1_0.ultimo_lamport,
        eca1_0.vector_reloj 
    from
        sga_principal.estado_cadena_auditoria eca1_0 
    where
        eca1_0.id_estado=? for no key update
Hibernate: 
    select
        eca1_0.id_estado,
        eca1_0.ultimo_hash,
        eca1_0.ultimo_lamport,
        eca1_0.vector_reloj 
    from
        sga_principal.estado_cadena_auditoria eca1_0 
    where
        eca1_0.id_estado=? for no key update
Hibernate: 
    insert 
    into
        sga_principal.auditoria
        (accion, contenido_canonico, descripcion, fecha, hash_actual, hash_anterior, hmac, ip_address, registro_id, reloj_lamport, resultado, schema_origen, tabla_afectada, trace_id, user_agent, username, id_usuario, vector_reloj, version_canonica) 
    values
        (?::sga_principal.accion_auditoria_t, ?, ?, ?, ?, ?, ?, ?, ?, ?, ?, ?, ?, ?, ?, ?, ?, ?, ?)
Hibernate: 
    update
        sga_principal.estado_cadena_auditoria 
    set
        ultimo_hash=?,
        ultimo_lamport=?,
        vector_reloj=? 
    where
        id_estado=?
Hibernate: 
    insert 
    into
        sga_principal.auditoria
        (accion, contenido_canonico, descripcion, fecha, hash_actual, hash_anterior, hmac, ip_address, registro_id, reloj_lamport, resultado, schema_origen, tabla_afectada, trace_id, user_agent, username, id_usuario, vector_reloj, version_canonica) 
    values
        (?::sga_principal.accion_auditoria_t, ?, ?, ?, ?, ?, ?, ?, ?, ?, ?, ?, ?, ?, ?, ?, ?, ?, ?)
Hibernate: 
    update
        sga_principal.estado_cadena_auditoria 
    set
        ultimo_hash=?,
        ultimo_lamport=?,
        vector_reloj=? 
    where
        id_estado=?
Hibernate: 
    select
        a1_0.id_auditoria,
        a1_0.accion,
        a1_0.contenido_canonico,
        a1_0.descripcion,
        a1_0.fecha,
        a1_0.hash_actual,
        a1_0.hash_anterior,
        a1_0.hmac,
        a1_0.ip_address,
        a1_0.registro_id,
        a1_0.reloj_lamport,
        a1_0.resultado,
        a1_0.schema_origen,
        a1_0.tabla_afectada,
        a1_0.trace_id,
        a1_0.user_agent,
        a1_0.username,
        a1_0.id_usuario,
        a1_0.vector_reloj,
        a1_0.version_canonica 
    from
        sga_principal.auditoria a1_0 
    where
        a1_0.tabla_afectada=?
Hibernate: 
    select
        eca1_0.id_estado,
        eca1_0.ultimo_hash,
        eca1_0.ultimo_lamport,
        eca1_0.vector_reloj 
    from
        sga_principal.estado_cadena_auditoria eca1_0 
    where
        eca1_0.id_estado=?
]]></system-out>
  </testcase>
  <testcase name="usaPostgresTemporalYGuardaAuditoriaConCamposCriptograficos" classname="ec.edu.uteq.sga.integration.AuditoriaPostgresContainerTest" time="0.242">
    <system-out><![CDATA[Hibernate: 
    select
        eca1_0.id_estado,
        eca1_0.ultimo_hash,
        eca1_0.ultimo_lamport,
        eca1_0.vector_reloj 
    from
        sga_principal.estado_cadena_auditoria eca1_0 
    where
        eca1_0.id_estado=?
Hibernate: 
    insert 
    into
        sga_principal.usuarios
        (bloqueado_hasta, correo, estado, fecha_actualizacion, fecha_creacion, intentos_fallidos, password_hash, primer_ingreso, ultimo_acceso, username) 
    values
        (?, ?, ?, ?, ?, ?, ?, ?, ?, ?)
Hibernate: 
    select
        eca1_0.id_estado,
        eca1_0.ultimo_hash,
        eca1_0.ultimo_lamport,
        eca1_0.vector_reloj 
    from
        sga_principal.estado_cadena_auditoria eca1_0 
    where
        eca1_0.id_estado=? for no key update
Hibernate: 
    insert 
    into
        sga_principal.auditoria
        (accion, contenido_canonico, descripcion, fecha, hash_actual, hash_anterior, hmac, ip_address, registro_id, reloj_lamport, resultado, schema_origen, tabla_afectada, trace_id, user_agent, username, id_usuario, vector_reloj, version_canonica) 
    values
        (?::sga_principal.accion_auditoria_t, ?, ?, ?, ?, ?, ?, ?, ?, ?, ?, ?, ?, ?, ?, ?, ?, ?, ?)
Hibernate: 
    update
        sga_principal.estado_cadena_auditoria 
    set
        ultimo_hash=?,
        ultimo_lamport=?,
        vector_reloj=? 
    where
        id_estado=?
Hibernate: 
    select
        a1_0.id_auditoria,
        a1_0.accion,
        a1_0.contenido_canonico,
        a1_0.descripcion,
        a1_0.fecha,
        a1_0.hash_actual,
        a1_0.hash_anterior,
        a1_0.hmac,
        a1_0.ip_address,
        a1_0.registro_id,
        a1_0.reloj_lamport,
        a1_0.resultado,
        a1_0.schema_origen,
        a1_0.tabla_afectada,
        a1_0.trace_id,
        a1_0.user_agent,
        a1_0.username,
        a1_0.id_usuario,
        a1_0.vector_reloj,
        a1_0.version_canonica 
    from
        sga_principal.auditoria a1_0
]]></system-out>
  </testcase>
</testsuite>