<?xml version="1.0" encoding="UTF-8"?>
<testsuite xmlns:xsi="http://www.w3.org/2001/XMLSchema-instance" xsi:noNamespaceSchemaLocation="https://maven.apache.org/surefire/maven-surefire-plugin/xsd/surefire-test-report-3.0.xsd" version="3.0" name="ec.edu.uteq.sga.integration.AuditoriaFlywayMigrationContainerTest" time="9.673" tests="2" errors="0" skipped="0" failures="0">
  <properties>
[...]
</properties>
  <testcase name="pipelineRealDeFlywayCreaTriggerDeInmutabilidad" classname="ec.edu.uteq.sga.integration.AuditoriaFlywayMigrationContainerTest" time="1.611">
    <system-out><![CDATA[2026-09-22T15:39:19.597-05:00  INFO 7276 --- [sga-principal] [           main] tc.postgres:16-alpine                    : Creating container for image: postgres:16-alpine
2026-09-22T15:39:20.089-05:00  INFO 7276 --- [sga-principal] [           main] tc.postgres:16-alpine                    : Container postgres:16-alpine is starting: a2d062edf9ae8ee4469f27e1cb5441f0b60e472e18a50ee3622985676cb3cde6
2026-09-22T15:39:25.099-05:00  INFO 7276 --- [sga-principal] [           main] tc.postgres:16-alpine                    : Container postgres:16-alpine started in PT5.5020886S
2026-09-22T15:39:25.099-05:00  INFO 7276 --- [sga-principal] [           main] tc.postgres:16-alpine                    : Container is started (JDBC URL: jdbc:postgresql://localhost:63017/e4_e13_migraciones?loggerLevel=OFF)
2026-09-22T15:39:25.102-05:00  INFO 7276 --- [sga-principal] [           main] org.testcontainers.ext.ScriptUtils       : Executing database script from db/migration/V8__baseline_completo.sql
2026-09-22T15:39:26.221-05:00  INFO 7276 --- [sga-principal] [           main] org.testcontainers.ext.ScriptUtils       : Executed database script from db/migration/V8__baseline_completo.sql in 1118 ms.
2026-09-22T15:39:26.340-05:00  INFO 7276 --- [sga-principal] [           main] org.flywaydb.core.FlywayExecutor         : Database: jdbc:postgresql://localhost:63017/e4_e13_migraciones (PostgreSQL 16.14)
2026-09-22T15:39:26.350-05:00  WARN 7276 --- [sga-principal] [           main] o.f.c.internal.database.base.Database    : Flyway upgrade recommended: PostgreSQL 16.14 is newer than this version of Flyway and support has not been tested. The latest supported version of PostgreSQL is 15.
2026-09-22T15:39:26.394-05:00  INFO 7276 --- [sga-principal] [           main] o.f.c.i.s.JdbcTableSchemaHistory         : Schema history table "sga_principal"."flyway_schema_history" does not exist yet
2026-09-22T15:39:26.397-05:00  INFO 7276 --- [sga-principal] [           main] o.f.core.internal.command.DbValidate     : Successfully validated 18 migrations (execution time 00:00.037s)
2026-09-22T15:39:26.426-05:00  INFO 7276 --- [sga-principal] [           main] o.f.c.i.s.JdbcTableSchemaHistory         : Creating Schema History table "sga_principal"."flyway_schema_history" with baseline ...
2026-09-22T15:39:26.453-05:00  INFO 7276 --- [sga-principal] [           main] o.f.core.internal.command.DbBaseline     : Successfully baselined schema with version: 8
2026-09-22T15:39:26.504-05:00  INFO 7276 --- [sga-principal] [           main] o.f.core.internal.command.DbMigrate      : Current version of schema "sga_principal": 8
2026-09-22T15:39:26.513-05:00  INFO 7276 --- [sga-principal] [           main] o.f.core.internal.command.DbMigrate      : Migrating schema "sga_principal" to version "9 - representante usuario y rol"
2026-09-22T15:39:26.573-05:00  INFO 7276 --- [sga-principal] [           main] o.f.core.internal.command.DbMigrate      : Migrating schema "sga_principal" to version "10 - vincular cuentas representante"
2026-09-22T15:39:26.611-05:00  INFO 7276 --- [sga-principal] [           main] o.f.core.internal.command.DbMigrate      : Migrating schema "sga_principal" to version "12 - notificaciones push fcm"
2026-09-22T15:39:26.678-05:00  INFO 7276 --- [sga-principal] [           main] o.f.core.internal.command.DbMigrate      : Migrating schema "sga_principal" to version "13 - trigger y revocacion auditoria"
2026-09-22T15:39:26.686-05:00  INFO 7276 --- [sga-principal] [           main] o.f.c.i.s.DefaultSqlScriptExecutor       : DB: trigger "tg_auditoria_append_only" for relation "sga_principal.auditoria" does not exist, skipping
2026-09-22T15:39:26.733-05:00  INFO 7276 --- [sga-principal] [           main] o.f.core.internal.command.DbMigrate      : Migrating schema "sga_principal" to version "14 - cadena auditoria lamport"
2026-09-22T15:39:26.738-05:00  WARN 7276 --- [sga-principal] [           main] o.f.c.i.s.DefaultSqlScriptExecutor       : DB: column "hash_anterior" of relation "auditoria" already exists, skipping (SQL State: 42701 - Error Code: 0)
2026-09-22T15:39:26.738-05:00  WARN 7276 --- [sga-principal] [           main] o.f.c.i.s.DefaultSqlScriptExecutor       : DB: column "hash_actual" of relation "auditoria" already exists, skipping (SQL State: 42701 - Error Code: 0)
2026-09-22T15:39:26.738-05:00  WARN 7276 --- [sga-principal] [           main] o.f.c.i.s.DefaultSqlScriptExecutor       : DB: column "reloj_lamport" of relation "auditoria" already exists, skipping (SQL State: 42701 - Error Code: 0)
2026-09-22T15:39:26.775-05:00  INFO 7276 --- [sga-principal] [           main] o.f.core.internal.command.DbMigrate      : Migrating schema "sga_principal" to version "15 - auditoria campos criptograficos"
2026-09-22T15:39:26.780-05:00  WARN 7276 --- [sga-principal] [           main] o.f.c.i.s.DefaultSqlScriptExecutor       : DB: column "hash_anterior" of relation "auditoria" already exists, skipping (SQL State: 42701 - Error Code: 0)
2026-09-22T15:39:26.781-05:00  WARN 7276 --- [sga-principal] [           main] o.f.c.i.s.DefaultSqlScriptExecutor       : DB: column "hash_actual" of relation "auditoria" already exists, skipping (SQL State: 42701 - Error Code: 0)
2026-09-22T15:39:26.781-05:00  WARN 7276 --- [sga-principal] [           main] o.f.c.i.s.DefaultSqlScriptExecutor       : DB: column "reloj_lamport" of relation "auditoria" already exists, skipping (SQL State: 42701 - Error Code: 0)
2026-09-22T15:39:26.781-05:00  WARN 7276 --- [sga-principal] [           main] o.f.c.i.s.DefaultSqlScriptExecutor       : DB: column "vector_reloj" of relation "auditoria" already exists, skipping (SQL State: 42701 - Error Code: 0)
2026-09-22T15:39:26.832-05:00  INFO 7276 --- [sga-principal] [           main] o.f.core.internal.command.DbMigrate      : Migrating schema "sga_principal" to version "16 - estado cadena auditoria"
2026-09-22T15:39:26.839-05:00  WARN 7276 --- [sga-principal] [           main] o.f.c.i.s.DefaultSqlScriptExecutor       : DB: column "contenido_canonico" of relation "auditoria" already exists, skipping (SQL State: 42701 - Error Code: 0)
2026-09-22T15:39:26.841-05:00  WARN 7276 --- [sga-principal] [           main] o.f.c.i.s.DefaultSqlScriptExecutor       : DB: column "version_canonica" of relation "auditoria" already exists, skipping (SQL State: 42701 - Error Code: 0)
2026-09-22T15:39:26.902-05:00  INFO 7276 --- [sga-principal] [           main] o.f.core.internal.command.DbMigrate      : Migrating schema "sga_principal" to version "17 - accion auditoria docente"
2026-09-22T15:39:26.938-05:00  INFO 7276 --- [sga-principal] [           main] o.f.core.internal.command.DbMigrate      : Migrating schema "sga_principal" to version "18 - rol aplicacion y revocacion auditoria"
2026-09-22T15:39:27.007-05:00  INFO 7276 --- [sga-principal] [           main] o.f.core.internal.command.DbMigrate      : Migrating schema "sga_principal" to version "19 - ampliar permisos sga app"
2026-09-22T15:39:27.011-05:00  WARN 7276 --- [sga-principal] [           main] o.f.c.i.s.DefaultSqlScriptExecutor       : DB: schema "sga_docente" already exists, skipping (SQL State: 42P06 - Error Code: 0)
2026-09-22T15:39:27.015-05:00  WARN 7276 --- [sga-principal] [           main] o.f.c.i.s.DefaultSqlScriptExecutor       : DB: schema "sga_secretaria" already exists, skipping (SQL State: 42P06 - Error Code: 0)
2026-09-22T15:39:27.018-05:00  WARN 7276 --- [sga-principal] [           main] o.f.c.i.s.DefaultSqlScriptExecutor       : DB: schema "sga_soporte" already exists, skipping (SQL State: 42P06 - Error Code: 0)
2026-09-22T15:39:27.107-05:00  INFO 7276 --- [sga-principal] [           main] o.f.core.internal.command.DbMigrate      : Migrating schema "sga_principal" to version "20 - reparar checksum v18"
2026-09-22T15:39:27.111-05:00  INFO 7276 --- [sga-principal] [           main] o.f.c.i.s.DefaultSqlScriptExecutor       : DB: V20: marca de reparacion aplicada. El checksum de V18 fue reparado por FlywayMigrationStrategy en el arranque de sga-principal.
2026-09-22T15:39:27.141-05:00  INFO 7276 --- [sga-principal] [           main] o.f.core.internal.command.DbMigrate      : Migrating schema "sga_principal" to version "21 - trigger truncate auditoria"
2026-09-22T15:39:27.149-05:00  INFO 7276 --- [sga-principal] [           main] o.f.c.i.s.DefaultSqlScriptExecutor       : DB: trigger "tg_auditoria_no_truncate" for relation "sga_principal.auditoria" does not exist, skipping
2026-09-22T15:39:27.180-05:00  INFO 7276 --- [sga-principal] [           main] o.f.core.internal.command.DbMigrate      : Migrating schema "sga_principal" to version "22 - marca reparacion v18 confirmada"
2026-09-22T15:39:27.186-05:00  INFO 7276 --- [sga-principal] [           main] o.f.c.i.s.DefaultSqlScriptExecutor       : DB: V22: reparacion del checksum de V18 confirmada el 2026-09-18. Ejecutada por FlywayConfig.repairAntesDeMigrar antes del migrate. Validacion de Flyway activa (validateOnMigrate=true por defecto).
2026-09-22T15:39:27.215-05:00  INFO 7276 --- [sga-principal] [           main] o.f.core.internal.command.DbMigrate      : Migrating schema "sga_principal" to version "23 - grants sga secretaria y auditoria diferidos"
2026-09-22T15:39:27.261-05:00  INFO 7276 --- [sga-principal] [           main] o.f.core.internal.command.DbMigrate      : Migrating schema "sga_principal" to version "24 - acotar revocacion bitacora"
2026-09-22T15:39:27.313-05:00  INFO 7276 --- [sga-principal] [           main] o.f.core.internal.command.DbMigrate      : Migrating schema "sga_principal" to version "25 - delta v8 tablas vistas"
2026-09-22T15:39:27.317-05:00  WARN 7276 --- [sga-principal] [           main] o.f.c.i.s.DefaultSqlScriptExecutor       : DB: schema "sga_secretaria" already exists, skipping (SQL State: 42P06 - Error Code: 0)
2026-09-22T15:39:27.320-05:00  WARN 7276 --- [sga-principal] [           main] o.f.c.i.s.DefaultSqlScriptExecutor       : DB: relation "estudiantes" already exists, skipping (SQL State: 42P07 - Error Code: 0)
2026-09-22T15:39:27.323-05:00  WARN 7276 --- [sga-principal] [           main] o.f.c.i.s.DefaultSqlScriptExecutor       : DB: relation "matriculas" already exists, skipping (SQL State: 42P07 - Error Code: 0)
2026-09-22T15:39:27.325-05:00  WARN 7276 --- [sga-principal] [           main] o.f.c.i.s.DefaultSqlScriptExecutor       : DB: relation "fichas_estudiante" already exists, skipping (SQL State: 42P07 - Error Code: 0)
2026-09-22T15:39:27.391-05:00  WARN 7276 --- [sga-principal] [           main] o.f.c.i.s.DefaultSqlScriptExecutor       : DB: relation "escala_calificaciones" already exists, skipping (SQL State: 42P07 - Error Code: 0)
2026-09-22T15:39:27.399-05:00  WARN 7276 --- [sga-principal] [           main] o.f.c.i.s.DefaultSqlScriptExecutor       : DB: column "id_usuario" of relation "representantes" already exists, skipping (SQL State: 42701 - Error Code: 0)
2026-09-22T15:39:27.421-05:00  WARN 7276 --- [sga-principal] [           main] o.f.c.i.s.DefaultSqlScriptExecutor       : DB: relation "dispositivos_representante" already exists, skipping (SQL State: 42P07 - Error Code: 0)
2026-09-22T15:39:27.423-05:00  WARN 7276 --- [sga-principal] [           main] o.f.c.i.s.DefaultSqlScriptExecutor       : DB: relation "eventos_notificacion_push" already exists, skipping (SQL State: 42P07 - Error Code: 0)
2026-09-22T15:39:27.426-05:00  WARN 7276 --- [sga-principal] [           main] o.f.c.i.s.DefaultSqlScriptExecutor       : DB: column "contenido_canonico" of relation "auditoria" already exists, skipping (SQL State: 42701 - Error Code: 0)
2026-09-22T15:39:27.427-05:00  WARN 7276 --- [sga-principal] [           main] o.f.c.i.s.DefaultSqlScriptExecutor       : DB: column "version_canonica" of relation "auditoria" already exists, skipping (SQL State: 42701 - Error Code: 0)
2026-09-22T15:39:27.430-05:00  WARN 7276 --- [sga-principal] [           main] o.f.c.i.s.DefaultSqlScriptExecutor       : DB: relation "estado_cadena_auditoria" already exists, skipping (SQL State: 42P07 - Error Code: 0)
2026-09-22T15:39:27.468-05:00  INFO 7276 --- [sga-principal] [           main] o.f.core.internal.command.DbMigrate      : Migrating schema "sga_principal" to version "26 - objetos faltantes codigo"
2026-09-22T15:39:27.472-05:00  WARN 7276 --- [sga-principal] [           main] o.f.c.i.s.DefaultSqlScriptExecutor       : DB: schema "sga_principal" already exists, skipping (SQL State: 42P06 - Error Code: 0)
2026-09-22T15:39:27.475-05:00  WARN 7276 --- [sga-principal] [           main] o.f.c.i.s.DefaultSqlScriptExecutor       : DB: schema "sga_secretaria" already exists, skipping (SQL State: 42P06 - Error Code: 0)
2026-09-22T15:39:27.478-05:00  WARN 7276 --- [sga-principal] [           main] o.f.c.i.s.DefaultSqlScriptExecutor       : DB: schema "sga_soporte" already exists, skipping (SQL State: 42P06 - Error Code: 0)
2026-09-22T15:39:27.609-05:00  INFO 7276 --- [sga-principal] [           main] o.f.c.i.s.DefaultSqlScriptExecutor       : DB: trigger "tg_horario_no_choque" for relation "sga_principal.horarios" does not exist, skipping
2026-09-22T15:39:27.638-05:00  INFO 7276 --- [sga-principal] [           main] o.f.core.internal.command.DbMigrate      : Successfully applied 17 migrations to schema "sga_principal", now at version v26 (execution time 00:00.657s)
]]></system-out>
  </testcase>
  <testcase name="criterioE6_rolCreadoPorMigracionRechazaModificacionInclusoSinTrigger" classname="ec.edu.uteq.sga.integration.AuditoriaFlywayMigrationContainerTest" time="0.398">
    <system-out><![CDATA[2026-09-22T15:39:27.888-05:00  INFO 7276 --- [sga-principal] [           main] org.flywaydb.core.FlywayExecutor         : Database: jdbc:postgresql://localhost:63017/e4_e13_migraciones (PostgreSQL 16.14)
2026-09-22T15:39:27.900-05:00  WARN 7276 --- [sga-principal] [           main] o.f.c.internal.database.base.Database    : Flyway upgrade recommended: PostgreSQL 16.14 is newer than this version of Flyway and support has not been tested. The latest supported version of PostgreSQL is 15.
2026-09-22T15:39:27.958-05:00  INFO 7276 --- [sga-principal] [           main] o.f.core.internal.command.DbValidate     : Successfully validated 19 migrations (execution time 00:00.051s)
2026-09-22T15:39:28.029-05:00  INFO 7276 --- [sga-principal] [           main] o.f.core.internal.command.DbMigrate      : Current version of schema "sga_principal": 26
2026-09-22T15:39:28.032-05:00  INFO 7276 --- [sga-principal] [           main] o.f.core.internal.command.DbMigrate      : Schema "sga_principal" is up to date. No migration necessary.
]]></system-out>
  </testcase>
</testsuite>