<?xml version="1.0" encoding="UTF-8"?>
<testsuite xmlns:xsi="http://www.w3.org/2001/XMLSchema-instance" xsi:noNamespaceSchemaLocation="https://maven.apache.org/surefire/maven-surefire-plugin/xsd/surefire-test-report-3.0.xsd" version="3.0" name="ec.uteq.sga.secretaria.integration.SecretariaContainerIntegrationTest" time="20.737" tests="5" errors="0" skipped="0" failures="0">
  <properties>
[...]
</properties>
  <testcase name="test_01_PostgresLimpioYMigraciones" classname="ec.uteq.sga.secretaria.integration.SecretariaContainerIntegrationTest" time="0.046">
    <system-out><![CDATA[10:13:22.961 [main] INFO org.springframework.test.context.support.AnnotationConfigContextLoaderUtils -- Could not detect default configuration classes for test class [ec.uteq.sga.secretaria.integration.SecretariaContainerIntegrationTest]: SecretariaContainerIntegrationTest does not declare any static, non-private, non-final, nested classes annotated with @Configuration.
10:13:23.467 [main] INFO org.springframework.boot.test.context.SpringBootTestContextBootstrapper -- Found @SpringBootConfiguration ec.uteq.sga.secretaria.SgaSecretariaApplication for test class ec.uteq.sga.secretaria.integration.SecretariaContainerIntegrationTest
10:13:23.753 [main] INFO org.testcontainers.images.PullPolicy -- Image pull policy will be performed by: DefaultPullPolicy()
10:13:23.764 [main] INFO org.testcontainers.utility.ImageNameSubstitutor -- Image name substitution will be performed by: DefaultImageNameSubstitutor (composite of 'ConfigurationFileImageNameSubstitutor' and 'PrefixingImageNameSubstitutor')
10:13:24.539 [main] INFO org.testcontainers.dockerclient.DockerClientProviderStrategy -- Loaded org.testcontainers.dockerclient.NpipeSocketClientProviderStrategy from ~/.testcontainers.properties, will try it first
10:13:25.710 [main] INFO org.testcontainers.dockerclient.DockerClientProviderStrategy -- Found Docker environment with local Npipe socket (npipe:////./pipe/docker_engine)
10:13:25.716 [main] INFO org.testcontainers.DockerClientFactory -- Docker host IP address is localhost
10:13:25.819 [main] INFO org.testcontainers.DockerClientFactory -- Connected to docker: 
  Server Version: 29.5.3
  API Version: 1.54
  Operating System: Docker Desktop
  Total Memory: 7557 MB
10:13:26.771 [main] INFO tc.testcontainers/ryuk:0.6.0 -- Creating container for image: testcontainers/ryuk:0.6.0
10:13:27.009 [main] INFO org.testcontainers.utility.RegistryAuthLocator -- Credential helper/store (docker-credential-desktop) does not have credentials for https://index.docker.io/v1/
10:13:27.421 [main] INFO tc.testcontainers/ryuk:0.6.0 -- Container testcontainers/ryuk:0.6.0 is starting: 6ee9498e984ae7e7cd6cc1b2a622af50bd8e50f1966dcc3698278997c97c1a7f
10:13:28.370 [main] INFO tc.testcontainers/ryuk:0.6.0 -- Container testcontainers/ryuk:0.6.0 started in PT1.5991832S
10:13:28.384 [main] INFO org.testcontainers.utility.RyukResourceReaper -- Ryuk started - will monitor and terminate Testcontainers containers on JVM exit
10:13:28.385 [main] INFO org.testcontainers.DockerClientFactory -- Checking the system...
10:13:28.386 [main] INFO org.testcontainers.DockerClientFactory -- ✔︎ Docker server version should be at least 1.6.0
10:13:28.387 [main] INFO tc.postgres:16-alpine -- Creating container for image: postgres:16-alpine
10:13:28.676 [main] INFO tc.postgres:16-alpine -- Container postgres:16-alpine is starting: c4b9edb38ae6f9038a4a72129f309cad4f742ee535431f3aa721668f420182be
10:13:31.485 [main] INFO tc.postgres:16-alpine -- Container postgres:16-alpine started in PT3.0977861S
10:13:31.487 [main] INFO tc.postgres:16-alpine -- Container is started (JDBC URL: jdbc:postgresql://localhost:55620/sga?loggerLevel=OFF)
10:13:31.531 [main] INFO org.testcontainers.ext.ScriptUtils -- Executing database script from db/init/baseline_flyway_v8.sql
10:13:32.693 [main] INFO org.testcontainers.ext.ScriptUtils -- Executed database script from db/init/baseline_flyway_v8.sql in 1162 ms.
10:13:32.829 [main] INFO org.springframework.boot.devtools.restart.RestartApplicationListener -- Restart disabled due to context in which it is running

  .   ____          _            __ _ _
 /\\ / ___'_ __ _ _(_)_ __  __ _ \ \ \ \
( ( )\___ | '_ | '_| | '_ \/ _` | \ \ \ \
 \\/  ___)| |_)| | | | | || (_| |  ) ) ) )
  '  |____| .__|_| |_|_| |_\__, | / / / /
 =========|_|==============|___/=/_/_/_/
 :: Spring Boot ::                (v3.2.5)

{"timestamp":"2026-09-18T15:13:33.867Z","level":"INFO","service":"microservicio-secretaria","traceId":null,"thread":"main","logger":"ec.uteq.sga.secretaria.integration.SecretariaContainerIntegrationTest","message":"Starting SecretariaContainerIntegrationTest using Java 21.0.11 with PID 23412 (started by DEYNER in C:\\Users\\DEYNER\\Documents\\acadtrace\\microservicio-secretaria\\backend)"}
{"timestamp":"2026-09-18T15:13:33.868Z","level":"DEBUG","service":"microservicio-secretaria","traceId":null,"thread":"main","logger":"ec.uteq.sga.secretaria.integration.SecretariaContainerIntegrationTest","message":"Running with Spring Boot v3.2.5, Spring v6.1.6"}
{"timestamp":"2026-09-18T15:13:33.870Z","level":"INFO","service":"microservicio-secretaria","traceId":null,"thread":"main","logger":"ec.uteq.sga.secretaria.integration.SecretariaContainerIntegrationTest","message":"No active profile set, falling back to 1 default profile: \"default\""}
{"timestamp":"2026-09-18T15:13:37.581Z","level":"INFO","service":"microservicio-secretaria","traceId":null,"thread":"main","logger":"com.zaxxer.hikari.HikariDataSource","message":"HikariPool-1 - Starting..."}
{"timestamp":"2026-09-18T15:13:37.702Z","level":"INFO","service":"microservicio-secretaria","traceId":null,"thread":"main","logger":"com.zaxxer.hikari.pool.HikariPool","message":"HikariPool-1 - Added connection org.postgresql.jdbc.PgConnection@5fc2520c"}
{"timestamp":"2026-09-18T15:13:37.707Z","level":"INFO","service":"microservicio-secretaria","traceId":null,"thread":"main","logger":"com.zaxxer.hikari.HikariDataSource","message":"HikariPool-1 - Start completed."}
{"timestamp":"2026-09-18T15:13:37.997Z","level":"INFO","service":"microservicio-secretaria","traceId":null,"thread":"main","logger":"org.flywaydb.core.internal.license.VersionPrinter","message":"Flyway Community Edition 9.22.3 by Redgate"}
{"timestamp":"2026-09-18T15:13:37.997Z","level":"INFO","service":"microservicio-secretaria","traceId":null,"thread":"main","logger":"org.flywaydb.core.internal.license.VersionPrinter","message":"See release notes here: https://rd.gt/416ObMi"}
{"timestamp":"2026-09-18T15:13:37.999Z","level":"INFO","service":"microservicio-secretaria","traceId":null,"thread":"main","logger":"org.flywaydb.core.internal.license.VersionPrinter","message":""}
{"timestamp":"2026-09-18T15:13:38.061Z","level":"INFO","service":"microservicio-secretaria","traceId":null,"thread":"main","logger":"org.flywaydb.core.FlywayExecutor","message":"Database: jdbc:postgresql://localhost:55620/sga (PostgreSQL 16.14)"}
{"timestamp":"2026-09-18T15:13:38.094Z","level":"WARN","service":"microservicio-secretaria","traceId":null,"thread":"main","logger":"org.flywaydb.core.internal.database.base.Database","message":"Flyway upgrade recommended: PostgreSQL 16.14 is newer than this version of Flyway and support has not been tested. The latest supported version of PostgreSQL is 15."}
{"timestamp":"2026-09-18T15:13:38.219Z","level":"INFO","service":"microservicio-secretaria","traceId":null,"thread":"main","logger":"org.flywaydb.core.internal.schemahistory.JdbcTableSchemaHistory","message":"Schema history table \"sga_principal\".\"flyway_schema_history\" does not exist yet"}
{"timestamp":"2026-09-18T15:13:38.228Z","level":"INFO","service":"microservicio-secretaria","traceId":null,"thread":"main","logger":"org.flywaydb.core.internal.command.DbValidate","message":"Successfully validated 12 migrations (execution time 00:00.091s)"}
{"timestamp":"2026-09-18T15:13:38.303Z","level":"INFO","service":"microservicio-secretaria","traceId":null,"thread":"main","logger":"org.flywaydb.core.internal.schemahistory.JdbcTableSchemaHistory","message":"Creating Schema History table \"sga_principal\".\"flyway_schema_history\" with baseline ..."}
{"timestamp":"2026-09-18T15:13:38.379Z","level":"INFO","service":"microservicio-secretaria","traceId":null,"thread":"main","logger":"org.flywaydb.core.internal.command.DbBaseline","message":"Successfully baselined schema with version: 8"}
{"timestamp":"2026-09-18T15:13:38.432Z","level":"INFO","service":"microservicio-secretaria","traceId":null,"thread":"main","logger":"org.flywaydb.core.internal.command.DbMigrate","message":"Current version of schema \"sga_principal\": 8"}
{"timestamp":"2026-09-18T15:13:38.448Z","level":"INFO","service":"microservicio-secretaria","traceId":null,"thread":"main","logger":"org.flywaydb.core.internal.command.DbMigrate","message":"Migrating schema \"sga_principal\" to version \"9 - representante usuario y rol\""}
{"timestamp":"2026-09-18T15:13:38.533Z","level":"INFO","service":"microservicio-secretaria","traceId":null,"thread":"main","logger":"org.flywaydb.core.internal.command.DbMigrate","message":"Migrating schema \"sga_principal\" to version \"10 - vincular cuentas representante\""}
{"timestamp":"2026-09-18T15:13:38.594Z","level":"INFO","service":"microservicio-secretaria","traceId":null,"thread":"main","logger":"org.flywaydb.core.internal.command.DbMigrate","message":"Migrating schema \"sga_principal\" to version \"12 - notificaciones push fcm\""}
{"timestamp":"2026-09-18T15:13:38.671Z","level":"INFO","service":"microservicio-secretaria","traceId":null,"thread":"main","logger":"org.flywaydb.core.internal.command.DbMigrate","message":"Migrating schema \"sga_principal\" to version \"13 - trigger y revocacion auditoria\""}
{"timestamp":"2026-09-18T15:13:38.684Z","level":"INFO","service":"microservicio-secretaria","traceId":null,"thread":"main","logger":"org.flywaydb.core.internal.sqlscript.DefaultSqlScriptExecutor","message":"DB: trigger \"tg_auditoria_append_only\" for relation \"sga_principal.auditoria\" does not exist, skipping"}
{"timestamp":"2026-09-18T15:13:38.744Z","level":"INFO","service":"microservicio-secretaria","traceId":null,"thread":"main","logger":"org.flywaydb.core.internal.command.DbMigrate","message":"Migrating schema \"sga_principal\" to version \"14 - cadena auditoria lamport\""}
{"timestamp":"2026-09-18T15:13:38.749Z","level":"WARN","service":"microservicio-secretaria","traceId":null,"thread":"main","logger":"org.flywaydb.core.internal.sqlscript.DefaultSqlScriptExecutor","message":"DB: column \"hash_anterior\" of relation \"auditoria\" already exists, skipping (SQL State: 42701 - Error Code: 0)"}
{"timestamp":"2026-09-18T15:13:38.749Z","level":"WARN","service":"microservicio-secretaria","traceId":null,"thread":"main","logger":"org.flywaydb.core.internal.sqlscript.DefaultSqlScriptExecutor","message":"DB: column \"hash_actual\" of relation \"auditoria\" already exists, skipping (SQL State: 42701 - Error Code: 0)"}
{"timestamp":"2026-09-18T15:13:38.750Z","level":"WARN","service":"microservicio-secretaria","traceId":null,"thread":"main","logger":"org.flywaydb.core.internal.sqlscript.DefaultSqlScriptExecutor","message":"DB: column \"reloj_lamport\" of relation \"auditoria\" already exists, skipping (SQL State: 42701 - Error Code: 0)"}
{"timestamp":"2026-09-18T15:13:38.804Z","level":"INFO","service":"microservicio-secretaria","traceId":null,"thread":"main","logger":"org.flywaydb.core.internal.command.DbMigrate","message":"Migrating schema \"sga_principal\" to version \"15 - auditoria campos criptograficos\""}
{"timestamp":"2026-09-18T15:13:38.810Z","level":"WARN","service":"microservicio-secretaria","traceId":null,"thread":"main","logger":"org.flywaydb.core.internal.sqlscript.DefaultSqlScriptExecutor","message":"DB: column \"hash_anterior\" of relation \"auditoria\" already exists, skipping (SQL State: 42701 - Error Code: 0)"}
{"timestamp":"2026-09-18T15:13:38.811Z","level":"WARN","service":"microservicio-secretaria","traceId":null,"thread":"main","logger":"org.flywaydb.core.internal.sqlscript.DefaultSqlScriptExecutor","message":"DB: column \"hash_actual\" of relation \"auditoria\" already exists, skipping (SQL State: 42701 - Error Code: 0)"}
{"timestamp":"2026-09-18T15:13:38.811Z","level":"WARN","service":"microservicio-secretaria","traceId":null,"thread":"main","logger":"org.flywaydb.core.internal.sqlscript.DefaultSqlScriptExecutor","message":"DB: column \"reloj_lamport\" of relation \"auditoria\" already exists, skipping (SQL State: 42701 - Error Code: 0)"}
{"timestamp":"2026-09-18T15:13:38.811Z","level":"WARN","service":"microservicio-secretaria","traceId":null,"thread":"main","logger":"org.flywaydb.core.internal.sqlscript.DefaultSqlScriptExecutor","message":"DB: column \"vector_reloj\" of relation \"auditoria\" already exists, skipping (SQL State: 42701 - Error Code: 0)"}
{"timestamp":"2026-09-18T15:13:38.868Z","level":"INFO","service":"microservicio-secretaria","traceId":null,"thread":"main","logger":"org.flywaydb.core.internal.command.DbMigrate","message":"Migrating schema \"sga_principal\" to version \"16 - estado cadena auditoria\""}
{"timestamp":"2026-09-18T15:13:38.875Z","level":"WARN","service":"microservicio-secretaria","traceId":null,"thread":"main","logger":"org.flywaydb.core.internal.sqlscript.DefaultSqlScriptExecutor","message":"DB: column \"contenido_canonico\" of relation \"auditoria\" already exists, skipping (SQL State: 42701 - Error Code: 0)"}
{"timestamp":"2026-09-18T15:13:38.879Z","level":"WARN","service":"microservicio-secretaria","traceId":null,"thread":"main","logger":"org.flywaydb.core.internal.sqlscript.DefaultSqlScriptExecutor","message":"DB: column \"version_canonica\" of relation \"auditoria\" already exists, skipping (SQL State: 42701 - Error Code: 0)"}
{"timestamp":"2026-09-18T15:13:38.937Z","level":"INFO","service":"microservicio-secretaria","traceId":null,"thread":"main","logger":"org.flywaydb.core.internal.command.DbMigrate","message":"Migrating schema \"sga_principal\" to version \"17 - accion auditoria docente\""}
{"timestamp":"2026-09-18T15:13:38.976Z","level":"INFO","service":"microservicio-secretaria","traceId":null,"thread":"main","logger":"org.flywaydb.core.internal.command.DbMigrate","message":"Migrating schema \"sga_principal\" to version \"18 - rol aplicacion y revocacion auditoria\""}
{"timestamp":"2026-09-18T15:13:39.057Z","level":"INFO","service":"microservicio-secretaria","traceId":null,"thread":"main","logger":"org.flywaydb.core.internal.command.DbMigrate","message":"Migrating schema \"sga_principal\" to version \"19 - ampliar permisos sga app\""}
{"timestamp":"2026-09-18T15:13:39.061Z","level":"WARN","service":"microservicio-secretaria","traceId":null,"thread":"main","logger":"org.flywaydb.core.internal.sqlscript.DefaultSqlScriptExecutor","message":"DB: schema \"sga_docente\" already exists, skipping (SQL State: 42P06 - Error Code: 0)"}
{"timestamp":"2026-09-18T15:13:39.067Z","level":"WARN","service":"microservicio-secretaria","traceId":null,"thread":"main","logger":"org.flywaydb.core.internal.sqlscript.DefaultSqlScriptExecutor","message":"DB: schema \"sga_soporte\" already exists, skipping (SQL State: 42P06 - Error Code: 0)"}
{"timestamp":"2026-09-18T15:13:39.185Z","level":"INFO","service":"microservicio-secretaria","traceId":null,"thread":"main","logger":"org.flywaydb.core.internal.command.DbMigrate","message":"Migrating schema \"sga_principal\" to version \"20 - reparar checksum v18\""}
{"timestamp":"2026-09-18T15:13:39.205Z","level":"INFO","service":"microservicio-secretaria","traceId":null,"thread":"main","logger":"org.flywaydb.core.internal.sqlscript.DefaultSqlScriptExecutor","message":"DB: V20: marca de reparacion aplicada. El checksum de V18 fue reparado por FlywayMigrationStrategy en el arranque de sga-principal."}
{"timestamp":"2026-09-18T15:13:39.240Z","level":"INFO","service":"microservicio-secretaria","traceId":null,"thread":"main","logger":"org.flywaydb.core.internal.command.DbMigrate","message":"Migrating schema \"sga_principal\" to version \"21 - trigger truncate auditoria\""}
{"timestamp":"2026-09-18T15:13:39.249Z","level":"INFO","service":"microservicio-secretaria","traceId":null,"thread":"main","logger":"org.flywaydb.core.internal.sqlscript.DefaultSqlScriptExecutor","message":"DB: trigger \"tg_auditoria_no_truncate\" for relation \"sga_principal.auditoria\" does not exist, skipping"}
{"timestamp":"2026-09-18T15:13:39.281Z","level":"INFO","service":"microservicio-secretaria","traceId":null,"thread":"main","logger":"org.flywaydb.core.internal.command.DbMigrate","message":"Successfully applied 12 migrations to schema \"sga_principal\", now at version v21 (execution time 00:00.449s)"}
{"timestamp":"2026-09-18T15:13:39.529Z","level":"INFO","service":"microservicio-secretaria","traceId":null,"thread":"main","logger":"net.devh.boot.grpc.client.autoconfigure.GrpcClientAutoConfiguration","message":"Detected grpc-netty-shaded: Creating ShadedNettyChannelFactory + InProcessChannelFactory"}
{"timestamp":"2026-09-18T15:13:40.207Z","level":"WARN","service":"microservicio-secretaria","traceId":null,"thread":"main","logger":"ec.uteq.sga.secretaria.application.service.HistorialService","message":"No se pudo leer lamport_ts (¿falta correr db/migrations/002_lamport_clock.sql?). El reloj logico arranca en 0.","exception":{"className":"org.springframework.jdbc.BadSqlGrammarException","message":"StatementCallback; bad SQL grammar [SELECT COALESCE(MAX(lamport_ts), 0) FROM sga_principal.historial_promocion]","stackTrace":["at org.springframework.jdbc.support.SQLStateSQLExceptionTranslator.doTranslate(SQLStateSQLExceptionTranslator.java:112)","at org.springframework.jdbc.support.AbstractFallbackSQLExceptionTranslator.translate(AbstractFallbackSQLExceptionTranslator.java:107)","at org.springframework.jdbc.support.AbstractFallbackSQLExceptionTranslator.translate(AbstractFallbackSQLExceptionTranslator.java:116)","at org.springframework.jdbc.core.JdbcTemplate.translateException(JdbcTemplate.java:1548)","at org.springframework.jdbc.core.JdbcTemplate.execute(JdbcTemplate.java:408)","at org.springframework.jdbc.core.JdbcTemplate.query(JdbcTemplate.java:476)","at org.springframework.jdbc.core.JdbcTemplate.query(JdbcTemplate.java:486)","at org.springframework.jdbc.core.JdbcTemplate.queryForObject(JdbcTemplate.java:519)","at org.springframework.jdbc.core.JdbcTemplate.queryForObject(JdbcTemplate.java:526)","at ec.uteq.sga.secretaria.application.service.HistorialService.seedLamportClock(HistorialService.java:44)","at java.base/jdk.internal.reflect.DirectMethodHandleAccessor.invoke(DirectMethodHandleAccessor.java:103)","at java.base/java.lang.reflect.Method.invoke(Method.java:580)","at org.springframework.beans.factory.annotation.InitDestroyAnnotationBeanPostProcessor$LifecycleMethod.invoke(InitDestroyAnnotationBeanPostProcessor.java:457)","at org.springframework.beans.factory.annotation.InitDestroyAnnotationBeanPostProcessor$LifecycleMetadata.invokeInitMethods(InitDestroyAnnotationBeanPostProcessor.java:401)","at org.springframework.beans.factory.annotation.InitDestroyAnnotationBeanPostProcessor.postProcessBeforeInitialization(InitDestroyAnnotationBeanPostProcessor.java:219)"]}}
{"timestamp":"2026-09-18T15:13:42.155Z","level":"DEBUG","service":"microservicio-secretaria","traceId":null,"thread":"main","logger":"ec.uteq.sga.secretaria.infrastructure.common.TraceIdFilter","message":"Filter 'traceIdFilterRegistration' configured for use"}
{"timestamp":"2026-09-18T15:13:42.155Z","level":"DEBUG","service":"microservicio-secretaria","traceId":null,"thread":"main","logger":"ec.uteq.sga.secretaria.infrastructure.security.JwtAuthFilter","message":"Filter 'jwtAuthFilterRegistration' configured for use"}
{"timestamp":"2026-09-18T15:13:42.155Z","level":"INFO","service":"microservicio-secretaria","traceId":null,"thread":"main","logger":"org.springframework.boot.test.mock.web.SpringBootMockServletContext","message":"Initializing Spring TestDispatcherServlet ''"}
{"timestamp":"2026-09-18T15:13:42.155Z","level":"INFO","service":"microservicio-secretaria","traceId":null,"thread":"main","logger":"org.springframework.test.web.servlet.TestDispatcherServlet","message":"Initializing Servlet ''"}
{"timestamp":"2026-09-18T15:13:42.171Z","level":"INFO","service":"microservicio-secretaria","traceId":null,"thread":"main","logger":"org.springframework.boot.actuate.endpoint.web.EndpointLinksResolver","message":"Exposing 3 endpoint(s) beneath base path '/actuator'"}
{"timestamp":"2026-09-18T15:13:42.192Z","level":"INFO","service":"microservicio-secretaria","traceId":null,"thread":"main","logger":"org.springframework.test.web.servlet.TestDispatcherServlet","message":"Completed initialization in 37 ms"}
{"timestamp":"2026-09-18T15:13:42.346Z","level":"INFO","service":"microservicio-secretaria","traceId":null,"thread":"main","logger":"ec.uteq.sga.secretaria.integration.SecretariaContainerIntegrationTest","message":"Started SecretariaContainerIntegrationTest in 9.548 seconds (process running for 42.526)"}
]]></system-out>
  </testcase>
  <testcase name="test_02_PersistenciaAuditoria" classname="ec.uteq.sga.secretaria.integration.SecretariaContainerIntegrationTest" time="0.065"/>
  <testcase name="test_03_TriggerAppendOnly_RechazaModificaciones" classname="ec.uteq.sga.secretaria.integration.SecretariaContainerIntegrationTest" time="0.025"/>
  <testcase name="test_04_RestriccionPrivilegios_DosConexiones" classname="ec.uteq.sga.secretaria.integration.SecretariaContainerIntegrationTest" time="0.136"/>
  <testcase name="test_05_ArranqueBackend_ActuatorHealth" classname="ec.uteq.sga.secretaria.integration.SecretariaContainerIntegrationTest" time="0.102"/>
</testsuite>