<?xml version="1.0" encoding="UTF-8" standalone="yes"?><!DOCTYPE report PUBLIC "-//JACOCO//DTD Report 1.1//EN" "report.dtd"><report name="sga-soporte-backend"><sessioninfo id="runnervmlun5p-b5a4c65c" start="1790041959359" dump="1790041968468"/><package name="ec/uteq/sga/soporte/common/jdbc"><class name="ec/uteq/sga/soporte/common/jdbc/GenericRowMapper" sourcefilename="GenericRowMapper.java"><method name="&lt;init&gt;" desc="()V" line="21"><counter type="INSTRUCTION" missed="0" covered="3"/><counter type="LINE" missed="0" covered="1"/><counter type="COMPLEXITY" missed="0" covered="1"/><counter type="METHOD" missed="0" covered="1"/></method><method name="mapRow" desc="(Ljava/sql/ResultSet;I)Ljava/util/Map;" line="27"><counter type="INSTRUCTION" missed="0" covered="30"/><counter type="BRANCH" missed="0" covered="2"/><counter type="LINE" missed="0" covered="6"/><counter type="COMPLEXITY" missed="0" covered="2"/><counter type="METHOD" missed="0" covered="1"/></method><method name="extractValue" desc="(Ljava/sql/ResultSet;Ljava/sql/ResultSetMetaData;I)Ljava/lang/Object;" line="37"><counter type="INSTRUCTION" missed="0" covered="47"/><counter type="BRANCH" missed="0" covered="9"/><counter type="LINE" missed="0" covered="12"/><counter type="COMPLEXITY" missed="0" covered="7"/><counter type="METHOD" missed="0" covered="1"/></method><method name="&lt;clinit&gt;" desc="()V" line="23"><counter type="INSTRUCTION" missed="0" covered="5"/><counter type="LINE" missed="0" covered="1"/><counter type="COMPLEXITY" missed="0" covered="1"/><counter type="METHOD" missed="0" covered="1"/></method><counter type="INSTRUCTION" missed="0" covered="85"/><counter type="BRANCH" missed="0" covered="11"/><counter type="LINE" missed="0" covered="20"/><counter type="COMPLEXITY" missed="0" covered="11"/><counter type="METHOD" missed="0" covered="4"/><counter type="CLASS" missed="0" covered="1"/></class><sourcefile name="GenericRowMapper.java"><line nr="21" mi="0" ci="3" mb="0" cb="0"/><line nr="23" mi="0" ci="5" mb="0" cb="0"/><line nr="27" mi="0" ci="3" mb="0" cb="0"/><line nr="28" mi="0" ci="3" mb="0" cb="0"/><line nr="29" mi="0" ci="4" mb="0" cb="0"/><line nr="30" mi="0" ci="7" mb="0" cb="2"/><line nr="31" mi="0" ci="11" mb="0" cb="0"/><line nr="33" mi="0" ci="2" mb="0" cb="0"/><line nr="37" mi="0" ci="4" mb="0" cb="0"/><line nr="38" mi="0" ci="2" mb="0" cb="5"/><line nr="40" mi="0" ci="5" mb="0" cb="0"/><line nr="42" mi="0" ci="5" mb="0" cb="0"/><line nr="44" mi="0" ci="5" mb="0" cb="0"/><line nr="46" mi="0" ci="4" mb="0" cb="0"/><line nr="47" mi="0" ci="4" mb="0" cb="2"/><line nr="48" mi="0" ci="3" mb="0" cb="0"/><line nr="49" mi="0" ci="6" mb="0" cb="2"/><line nr="50" mi="0" ci="3" mb="0" cb="0"/><line nr="52" mi="0" ci="2" mb="0" cb="0"/><line nr="54" mi="0" ci="4" mb="0" cb="0"/><counter type="INSTRUCTION" missed="0" covered="85"/><counter type="BRANCH" missed="0" covered="11"/><counter type="LINE" missed="0" covered="20"/><counter type="COMPLEXITY" missed="0" covered="11"/><counter type="METHOD" missed="0" covered="4"/><counter type="CLASS" missed="0" covered="1"/></sourcefile><counter type="INSTRUCTION" missed="0" covered="85"/><counter type="BRANCH" missed="0" covered="11"/><counter type="LINE" missed="0" covered="20"/><counter type="COMPLEXITY" missed="0" covered="11"/><counter type="METHOD" missed="0" covered="4"/><counter type="CLASS" missed="0" covered="1"/></package><package name="ec/uteq/sga/soporte/security"><class name="ec/uteq/sga/soporte/security/SecurityFilterConfig" sourcefilename="SecurityFilterConfig.java"><method name="&lt;init&gt;" desc="()V" line="9"><counter type="INSTRUCTION" missed="0" covered="3"/><counter type="LINE" missed="0" covered="1"/><counter type="COMPLEXITY" missed="0" covered="1"/><counter type="METHOD" missed="0" covered="1"/></method><method name="jwtAuthFilterRegistration" desc="(Lec/uteq/sga/soporte/security/JwtService;Lcom/fasterxml/jackson/databind/ObjectMapper;)Lorg/springframework/boot/web/servlet/FilterRegistrationBean;" line="14"><counter type="INSTRUCTION" missed="0" covered="24"/><counter type="LINE" missed="0" covered="5"/><counter type="COMPLEXITY" missed="0" covered="1"/><counter type="METHOD" missed="0" covered="1"/></method><counter type="INSTRUCTION" missed="0" covered="27"/><counter type="LINE" missed="0" covered="6"/><counter type="COMPLEXITY" missed="0" covered="2"/><counter type="METHOD" missed="0" covered="2"/><counter type="CLASS" missed="0" covered="1"/></class><class name="ec/uteq/sga/soporte/security/CurrentUserArgumentResolver" sourcefilename="CurrentUserArgumentResolver.java"><method name="&lt;init&gt;" desc="()V" line="14"><counter type="INSTRUCTION" missed="0" covered="3"/><counter type="LINE" missed="0" covered="1"/><counter type="COMPLEXITY" missed="0" covered="1"/><counter type="METHOD" missed="0" covered="1"/></method><method name="supportsParameter" desc="(Lorg/springframework/core/MethodParameter;)Z" line="18"><counter type="INSTRUCTION" missed="0" covered="5"/><counter type="LINE" missed="0" covered="1"/><counter type="COMPLEXITY" missed="0" covered="1"/><counter type="METHOD" missed="0" covered="1"/></method><method name="resolveArgument" desc="(Lorg/springframework/core/MethodParameter;Lorg/springframework/web/method/support/ModelAndViewContainer;Lorg/springframework/web/context/request/NativeWebRequest;Lorg/springframework/web/bind/support/WebDataBinderFactory;)Ljava/lang/Object;" line="24"><counter type="INSTRUCTION" missed="0" covered="15"/><counter type="BRANCH" missed="0" covered="2"/><counter type="LINE" missed="0" covered="4"/><counter type="COMPLEXITY" missed="0" covered="2"/><counter type="METHOD" missed="0" covered="1"/></method><counter type="INSTRUCTION" missed="0" covered="23"/><counter type="BRANCH" missed="0" covered="2"/><counter type="LINE" missed="0" covered="6"/><counter type="COMPLEXITY" missed="0" covered="4"/><counter type="METHOD" missed="0" covered="3"/><counter type="CLASS" missed="0" covered="1"/></class><class name="ec/uteq/sga/soporte/security/JwtService" sourcefilename="JwtService.java"><method name="&lt;init&gt;" desc="(Ljava/lang/String;)V" line="22"><counter type="INSTRUCTION" missed="0" covered="14"/><counter type="LINE" missed="0" covered="4"/><counter type="COMPLEXITY" missed="0" covered="1"/><counter type="METHOD" missed="0" covered="1"/></method><method name="parse" desc="(Ljava/lang/String;)Lec/uteq/sga/soporte/security/AuthenticatedUser;" line="29"><counter type="INSTRUCTION" missed="0" covered="32"/><counter type="BRANCH" missed="0" covered="2"/><counter type="LINE" missed="0" covered="9"/><counter type="COMPLEXITY" missed="0" covered="2"/><counter type="METHOD" missed="0" covered="1"/></method><counter type="INSTRUCTION" missed="0" covered="46"/><counter type="BRANCH" missed="0" covered="2"/><counter type="LINE" missed="0" covered="13"/><counter type="COMPLEXITY" missed="0" covered="3"/><counter type="METHOD" missed="0" covered="2"/><counter type="CLASS" missed="0" covered="1"/></class><class name="ec/uteq/sga/soporte/security/JwtAuthFilter" sourcefilename="JwtAuthFilter.java"><method name="&lt;init&gt;" desc="(Lec/uteq/sga/soporte/security/JwtService;Lcom/fasterxml/jackson/databind/ObjectMapper;)V" line="30"><counter type="INSTRUCTION" missed="0" covered="9"/><counter type="LINE" missed="0" covered="4"/><counter type="COMPLEXITY" missed="0" covered="1"/><counter type="METHOD" missed="0" covered="1"/></method><method name="doFilterInternal" desc="(Ljakarta/servlet/http/HttpServletRequest;Ljakarta/servlet/http/HttpServletResponse;Ljakarta/servlet/FilterChain;)V" line="38"><counter type="INSTRUCTION" missed="0" covered="42"/><counter type="BRANCH" missed="1" covered="3"/><counter type="LINE" missed="0" covered="13"/><counter type="COMPLEXITY" missed="1" covered="2"/><counter type="METHOD" missed="0" covered="1"/></method><method name="writeError" desc="(Ljakarta/servlet/http/HttpServletResponse;ILjava/lang/String;)V" line="58"><counter type="INSTRUCTION" missed="0" covered="25"/><counter type="LINE" missed="0" covered="7"/><counter type="COMPLEXITY" missed="0" covered="1"/><counter type="METHOD" missed="0" covered="1"/></method><counter type="INSTRUCTION" missed="0" covered="76"/><counter type="BRANCH" missed="1" covered="3"/><counter type="LINE" missed="0" covered="24"/><counter type="COMPLEXITY" missed="1" covered="4"/><counter type="METHOD" missed="0" covered="3"/><counter type="CLASS" missed="0" covered="1"/></class><class name="ec/uteq/sga/soporte/security/AuthenticatedUser" sourcefilename="AuthenticatedUser.java"><method name="&lt;init&gt;" desc="(Ljava/lang/String;Ljava/util/List;)V" line="8"><counter type="INSTRUCTION" missed="0" covered="9"/><counter type="LINE" missed="0" covered="1"/><counter type="COMPLEXITY" missed="0" covered="1"/><counter type="METHOD" missed="0" covered="1"/></method><method name="isDirector" desc="()Z" line="17"><counter type="INSTRUCTION" missed="0" covered="12"/><counter type="BRANCH" missed="0" covered="4"/><counter type="LINE" missed="0" covered="1"/><counter type="COMPLEXITY" missed="0" covered="3"/><counter type="METHOD" missed="0" covered="1"/></method><method name="isTecnicoOrDirector" desc="()Z" line="28"><counter type="INSTRUCTION" missed="0" covered="22"/><counter type="BRANCH" missed="0" covered="8"/><counter type="LINE" missed="0" covered="2"/><counter type="COMPLEXITY" missed="0" covered="5"/><counter type="METHOD" missed="0" covered="1"/></method><counter type="INSTRUCTION" missed="0" covered="43"/><counter type="BRANCH" missed="0" covered="12"/><counter type="LINE" missed="0" covered="4"/><counter type="COMPLEXITY" missed="0" covered="9"/><counter type="METHOD" missed="0" covered="3"/><counter type="CLASS" missed="0" covered="1"/></class><sourcefile name="SecurityFilterConfig.java"><line nr="9" mi="0" ci="3" mb="0" cb="0"/><line nr="14" mi="0" ci="4" mb="0" cb="0"/><line nr="15" mi="0" ci="7" mb="0" cb="0"/><line nr="16" mi="0" ci="8" mb="0" cb="0"/><line nr="17" mi="0" ci="3" mb="0" cb="0"/><line nr="18" mi="0" ci="2" mb="0" cb="0"/><counter type="INSTRUCTION" missed="0" covered="27"/><counter type="LINE" missed="0" covered="6"/><counter type="COMPLEXITY" missed="0" covered="2"/><counter type="METHOD" missed="0" covered="2"/><counter type="CLASS" missed="0" covered="1"/></sourcefile><sourcefile name="JwtAuthFilter.java"><line nr="30" mi="0" ci="2" mb="0" cb="0"/><line nr="31" mi="0" ci="3" mb="0" cb="0"/><line nr="32" mi="0" ci="3" mb="0" cb="0"/><line nr="33" mi="0" ci="1" mb="0" cb="0"/><line nr="38" mi="0" ci="4" mb="0" cb="0"/><line nr="39" mi="0" ci="6" mb="1" cb="3"/><line nr="40" mi="0" ci="5" mb="0" cb="0"/><line nr="41" mi="0" ci="1" mb="0" cb="0"/><line nr="44" mi="0" ci="4" mb="0" cb="0"/><line nr="47" mi="0" ci="5" mb="0" cb="0"/><line nr="48" mi="0" ci="1" mb="0" cb="0"/><line nr="49" mi="0" ci="5" mb="0" cb="0"/><line nr="50" mi="0" ci="1" mb="0" cb="0"/><line nr="51" mi="0" ci="1" mb="0" cb="0"/><line nr="53" mi="0" ci="4" mb="0" cb="0"/><line nr="54" mi="0" ci="4" mb="0" cb="0"/><line nr="55" mi="0" ci="1" mb="0" cb="0"/><line nr="58" mi="0" ci="3" mb="0" cb="0"/><line nr="59" mi="0" ci="3" mb="0" cb="0"/><line nr="60" mi="0" ci="3" mb="0" cb="0"/><line nr="61" mi="0" ci="4" mb="0" cb="0"/><line nr="62" mi="0" ci="5" mb="0" cb="0"/><line nr="63" mi="0" ci="6" mb="0" cb="0"/><line nr="64" mi="0" ci="1" mb="0" cb="0"/><counter type="INSTRUCTION" missed="0" covered="76"/><counter type="BRANCH" missed="1" covered="3"/><counter type="LINE" missed="0" covered="24"/><counter type="COMPLEXITY" missed="1" covered="4"/><counter type="METHOD" missed="0" covered="3"/><counter type="CLASS" missed="0" covered="1"/></sourcefile><sourcefile name="AuthenticatedUser.java"><line nr="8" mi="0" ci="9" mb="0" cb="0"/><line nr="17" mi="0" ci="12" mb="0" cb="4"/><line nr="28" mi="0" ci="7" mb="0" cb="2"/><line nr="29" mi="0" ci="15" mb="0" cb="6"/><counter type="INSTRUCTION" missed="0" covered="43"/><counter type="BRANCH" missed="0" covered="12"/><counter type="LINE" missed="0" covered="4"/><counter type="COMPLEXITY" missed="0" covered="9"/><counter type="METHOD" missed="0" covered="3"/><counter type="CLASS" missed="0" covered="1"/></sourcefile><sourcefile name="JwtService.java"><line nr="22" mi="0" ci="2" mb="0" cb="0"/><line nr="23" mi="0" ci="5" mb="0" cb="0"/><line nr="25" mi="0" ci="6" mb="0" cb="0"/><line nr="26" mi="0" ci="1" mb="0" cb="0"/><line nr="29" mi="0" ci="3" mb="0" cb="0"/><line nr="30" mi="0" ci="1" mb="0" cb="0"/><line nr="31" mi="0" ci="3" mb="0" cb="0"/><line nr="33" mi="0" ci="3" mb="0" cb="0"/><line nr="34" mi="0" ci="6" mb="0" cb="0"/><line nr="35" mi="0" ci="2" mb="0" cb="2"/><line nr="36" mi="0" ci="2" mb="0" cb="0"/><line nr="37" mi="0" ci="6" mb="0" cb="0"/><line nr="39" mi="0" ci="6" mb="0" cb="0"/><counter type="INSTRUCTION" missed="0" covered="46"/><counter type="BRANCH" missed="0" covered="2"/><counter type="LINE" missed="0" covered="13"/><counter type="COMPLEXITY" missed="0" covered="3"/><counter type="METHOD" missed="0" covered="2"/><counter type="CLASS" missed="0" covered="1"/></sourcefile><sourcefile name="CurrentUserArgumentResolver.java"><line nr="14" mi="0" ci="3" mb="0" cb="0"/><line nr="18" mi="0" ci="5" mb="0" cb="0"/><line nr="24" mi="0" ci="5" mb="0" cb="0"/><line nr="25" mi="0" ci="2" mb="0" cb="2"/><line nr="26" mi="0" ci="6" mb="0" cb="0"/><line nr="28" mi="0" ci="2" mb="0" cb="0"/><counter type="INSTRUCTION" missed="0" covered="23"/><counter type="BRANCH" missed="0" covered="2"/><counter type="LINE" missed="0" covered="6"/><counter type="COMPLEXITY" missed="0" covered="4"/><counter type="METHOD" missed="0" covered="3"/><counter type="CLASS" missed="0" covered="1"/></sourcefile><counter type="INSTRUCTION" missed="0" covered="215"/><counter type="BRANCH" missed="1" covered="19"/><counter type="LINE" missed="0" covered="53"/><counter type="COMPLEXITY" missed="1" covered="22"/><counter type="METHOD" missed="0" covered="13"/><counter type="CLASS" missed="0" covered="5"/></package><package name="ec/uteq/sga/soporte/presentation"><class name="ec/uteq/sga/soporte/presentation/ElectionController" sourcefilename="ElectionController.java"><method name="&lt;init&gt;" desc="(Lec/uteq/sga/soporte/election/LeaderElectionService;)V" line="21"><counter type="INSTRUCTION" missed="0" covered="6"/><counter type="LINE" missed="0" covered="3"/><counter type="COMPLEXITY" missed="0" covered="1"/><counter type="METHOD" missed="0" covered="1"/></method><method name="status" desc="()Ljava/util/Map;" line="27"><counter type="INSTRUCTION" missed="0" covered="28"/><counter type="LINE" missed="0" covered="5"/><counter type="COMPLEXITY" missed="0" covered="1"/><counter type="METHOD" missed="0" covered="1"/></method><counter type="INSTRUCTION" missed="0" covered="34"/><counter type="LINE" missed="0" covered="8"/><counter type="COMPLEXITY" missed="0" covered="2"/><counter type="METHOD" missed="0" covered="2"/><counter type="CLASS" missed="0" covered="1"/></class><class name="ec/uteq/sga/soporte/presentation/UsuarioController" sourcefilename="UsuarioController.java"><method name="&lt;init&gt;" desc="(Lec/uteq/sga/soporte/infrastructure/grpc/TecnicoGrpcClient;)V" line="23"><counter type="INSTRUCTION" missed="0" covered="6"/><counter type="LINE" missed="0" covered="3"/><counter type="COMPLEXITY" missed="0" covered="1"/><counter type="METHOD" missed="0" covered="1"/></method><method name="tecnicos" desc="()Ljava/util/List;" line="29"><counter type="INSTRUCTION" missed="0" covered="4"/><counter type="LINE" missed="0" covered="1"/><counter type="COMPLEXITY" missed="0" covered="1"/><counter type="METHOD" missed="0" covered="1"/></method><method name="usuarios" desc="()Ljava/util/List;" line="35"><counter type="INSTRUCTION" missed="0" covered="5"/><counter type="LINE" missed="0" covered="1"/><counter type="COMPLEXITY" missed="0" covered="1"/><counter type="METHOD" missed="0" covered="1"/></method><counter type="INSTRUCTION" missed="0" covered="15"/><counter type="LINE" missed="0" covered="5"/><counter type="COMPLEXITY" missed="0" covered="3"/><counter type="METHOD" missed="0" covered="3"/><counter type="CLASS" missed="0" covered="1"/></class><class name="ec/uteq/sga/soporte/presentation/LogController" sourcefilename="LogController.java"><method name="&lt;init&gt;" desc="()V" line="24"><counter type="INSTRUCTION" missed="0" covered="3"/><counter type="LINE" missed="0" covered="1"/><counter type="COMPLEXITY" missed="0" covered="1"/><counter type="METHOD" missed="0" covered="1"/></method><method name="logsRecientes" desc="(I)Ljava/util/List;" line="28"><counter type="INSTRUCTION" missed="0" covered="9"/><counter type="LINE" missed="0" covered="2"/><counter type="COMPLEXITY" missed="0" covered="1"/><counter type="METHOD" missed="0" covered="1"/></method><counter type="INSTRUCTION" missed="0" covered="12"/><counter type="LINE" missed="0" covered="3"/><counter type="COMPLEXITY" missed="0" covered="2"/><counter type="METHOD" missed="0" covered="2"/><counter type="CLASS" missed="0" covered="1"/></class><class name="ec/uteq/sga/soporte/presentation/TecnicoController" sourcefilename="TecnicoController.java"><method name="&lt;init&gt;" desc="(Lec/uteq/sga/soporte/application/service/TecnicoService;)V" line="23"><counter type="INSTRUCTION" missed="0" covered="6"/><counter type="LINE" missed="0" covered="3"/><counter type="COMPLEXITY" missed="0" covered="1"/><counter type="METHOD" missed="0" covered="1"/></method><method name="listar" desc="()Ljava/util/List;" line="29"><counter type="INSTRUCTION" missed="0" covered="4"/><counter type="LINE" missed="0" covered="1"/><counter type="COMPLEXITY" missed="0" covered="1"/><counter type="METHOD" missed="0" covered="1"/></method><counter type="INSTRUCTION" missed="0" covered="10"/><counter type="LINE" missed="0" covered="4"/><counter type="COMPLEXITY" missed="0" covered="2"/><counter type="METHOD" missed="0" covered="2"/><counter type="CLASS" missed="0" covered="1"/></class><class name="ec/uteq/sga/soporte/presentation/TicketController" sourcefilename="TicketController.java"><method name="&lt;init&gt;" desc="(Lec/uteq/sga/soporte/application/TicketService;)V" line="28"><counter type="INSTRUCTION" missed="0" covered="6"/><counter type="LINE" missed="0" covered="3"/><counter type="COMPLEXITY" missed="0" covered="1"/><counter type="METHOD" missed="0" covered="1"/></method><method name="listar" desc="(Lec/uteq/sga/soporte/security/AuthenticatedUser;)Ljava/util/List;" line="34"><counter type="INSTRUCTION" missed="0" covered="5"/><counter type="LINE" missed="0" covered="1"/><counter type="COMPLEXITY" missed="0" covered="1"/><counter type="METHOD" missed="0" covered="1"/></method><method name="misTickets" desc="(Lec/uteq/sga/soporte/security/AuthenticatedUser;)Ljava/util/List;" line="39"><counter type="INSTRUCTION" missed="0" covered="6"/><counter type="LINE" missed="0" covered="1"/><counter type="COMPLEXITY" missed="0" covered="1"/><counter type="METHOD" missed="0" covered="1"/></method><method name="estadisticas" desc="(Lec/uteq/sga/soporte/security/AuthenticatedUser;)Ljava/util/Map;" line="44"><counter type="INSTRUCTION" missed="0" covered="5"/><counter type="LINE" missed="0" covered="1"/><counter type="COMPLEXITY" missed="0" covered="1"/><counter type="METHOD" missed="0" covered="1"/></method><method name="reportes" desc="(Lec/uteq/sga/soporte/security/AuthenticatedUser;)Ljava/util/Map;" line="49"><counter type="INSTRUCTION" missed="0" covered="5"/><counter type="LINE" missed="0" covered="1"/><counter type="COMPLEXITY" missed="0" covered="1"/><counter type="METHOD" missed="0" covered="1"/></method><method name="obtener" desc="(JLec/uteq/sga/soporte/security/AuthenticatedUser;)Ljava/util/Map;" line="54"><counter type="INSTRUCTION" missed="0" covered="6"/><counter type="LINE" missed="0" covered="1"/><counter type="COMPLEXITY" missed="0" covered="1"/><counter type="METHOD" missed="0" covered="1"/></method><method name="crear" desc="(Lec/uteq/sga/soporte/dto/TicketRequest;Lec/uteq/sga/soporte/security/AuthenticatedUser;)Lorg/springframework/http/ResponseEntity;" line="60"><counter type="INSTRUCTION" missed="0" covered="12"/><counter type="LINE" missed="0" covered="2"/><counter type="COMPLEXITY" missed="0" covered="1"/><counter type="METHOD" missed="0" covered="1"/></method><method name="actualizar" desc="(JLec/uteq/sga/soporte/dto/ActualizarTicketRequest;Lec/uteq/sga/soporte/security/AuthenticatedUser;)Ljava/util/Map;" line="67"><counter type="INSTRUCTION" missed="0" covered="7"/><counter type="LINE" missed="0" covered="1"/><counter type="COMPLEXITY" missed="0" covered="1"/><counter type="METHOD" missed="0" covered="1"/></method><method name="escalar" desc="(JLec/uteq/sga/soporte/dto/EscalarTicketRequest;Lec/uteq/sga/soporte/security/AuthenticatedUser;)Ljava/util/Map;" line="73"><counter type="INSTRUCTION" missed="0" covered="7"/><counter type="LINE" missed="0" covered="1"/><counter type="COMPLEXITY" missed="0" covered="1"/><counter type="METHOD" missed="0" covered="1"/></method><method name="historial" desc="(JLec/uteq/sga/soporte/security/AuthenticatedUser;)Ljava/util/List;" line="78"><counter type="INSTRUCTION" missed="0" covered="6"/><counter type="LINE" missed="0" covered="1"/><counter type="COMPLEXITY" missed="0" covered="1"/><counter type="METHOD" missed="0" covered="1"/></method><method name="listarComentarios" desc="(J)Ljava/util/List;" line="83"><counter type="INSTRUCTION" missed="0" covered="5"/><counter type="LINE" missed="0" covered="1"/><counter type="COMPLEXITY" missed="0" covered="1"/><counter type="METHOD" missed="0" covered="1"/></method><method name="comentar" desc="(JLec/uteq/sga/soporte/dto/ComentarioRequest;Lec/uteq/sga/soporte/security/AuthenticatedUser;)Lorg/springframework/http/ResponseEntity;" line="89"><counter type="INSTRUCTION" missed="0" covered="12"/><counter type="LINE" missed="0" covered="2"/><counter type="COMPLEXITY" missed="0" covered="1"/><counter type="METHOD" missed="0" covered="1"/></method><counter type="INSTRUCTION" missed="0" covered="82"/><counter type="LINE" missed="0" covered="16"/><counter type="COMPLEXITY" missed="0" covered="12"/><counter type="METHOD" missed="0" covered="12"/><counter type="CLASS" missed="0" covered="1"/></class><class name="ec/uteq/sga/soporte/presentation/HealthController" sourcefilename="HealthController.java"><method name="&lt;init&gt;" desc="()V" line="11"><counter type="INSTRUCTION" missed="0" covered="3"/><counter type="LINE" missed="0" covered="1"/><counter type="COMPLEXITY" missed="0" covered="1"/><counter type="METHOD" missed="0" covered="1"/></method><method name="health" desc="()Ljava/util/Map;" line="15"><counter type="INSTRUCTION" missed="0" covered="22"/><counter type="LINE" missed="0" covered="5"/><counter type="COMPLEXITY" missed="0" covered="1"/><counter type="METHOD" missed="0" covered="1"/></method><counter type="INSTRUCTION" missed="0" covered="25"/><counter type="LINE" missed="0" covered="6"/><counter type="COMPLEXITY" missed="0" covered="2"/><counter type="METHOD" missed="0" covered="2"/><counter type="CLASS" missed="0" covered="1"/></class><sourcefile name="LogController.java"><line nr="24" mi="0" ci="3" mb="0" cb="0"/><line nr="28" mi="0" ci="6" mb="0" cb="0"/><line nr="29" mi="0" ci="3" mb="0" cb="0"/><counter type="INSTRUCTION" missed="0" covered="12"/><counter type="LINE" missed="0" covered="3"/><counter type="COMPLEXITY" missed="0" covered="2"/><counter type="METHOD" missed="0" covered="2"/><counter type="CLASS" missed="0" covered="1"/></sourcefile><sourcefile name="UsuarioController.java"><line nr="23" mi="0" ci="2" mb="0" cb="0"/><line nr="24" mi="0" ci="3" mb="0" cb="0"/><line nr="25" mi="0" ci="1" mb="0" cb="0"/><line nr="29" mi="0" ci="4" mb="0" cb="0"/><line nr="35" mi="0" ci="5" mb="0" cb="0"/><counter type="INSTRUCTION" missed="0" covered="15"/><counter type="LINE" missed="0" covered="5"/><counter type="COMPLEXITY" missed="0" covered="3"/><counter type="METHOD" missed="0" covered="3"/><counter type="CLASS" missed="0" covered="1"/></sourcefile><sourcefile name="TicketController.java"><line nr="28" mi="0" ci="2" mb="0" cb="0"/><line nr="29" mi="0" ci="3" mb="0" cb="0"/><line nr="30" mi="0" ci="1" mb="0" cb="0"/><line nr="34" mi="0" ci="5" mb="0" cb="0"/><line nr="39" mi="0" ci="6" mb="0" cb="0"/><line nr="44" mi="0" ci="5" mb="0" cb="0"/><line nr="49" mi="0" ci="5" mb="0" cb="0"/><line nr="54" mi="0" ci="6" mb="0" cb="0"/><line nr="60" mi="0" ci="7" mb="0" cb="0"/><line nr="61" mi="0" ci="5" mb="0" cb="0"/><line nr="67" mi="0" ci="7" mb="0" cb="0"/><line nr="73" mi="0" ci="7" mb="0" cb="0"/><line nr="78" mi="0" ci="6" mb="0" cb="0"/><line nr="83" mi="0" ci="5" mb="0" cb="0"/><line nr="89" mi="0" ci="7" mb="0" cb="0"/><line nr="90" mi="0" ci="5" mb="0" cb="0"/><counter type="INSTRUCTION" missed="0" covered="82"/><counter type="LINE" missed="0" covered="16"/><counter type="COMPLEXITY" missed="0" covered="12"/><counter type="METHOD" missed="0" covered="12"/><counter type="CLASS" missed="0" covered="1"/></sourcefile><sourcefile name="HealthController.java"><line nr="11" mi="0" ci="3" mb="0" cb="0"/><line nr="15" mi="0" ci="4" mb="0" cb="0"/><line nr="16" mi="0" ci="5" mb="0" cb="0"/><line nr="17" mi="0" ci="5" mb="0" cb="0"/><line nr="18" mi="0" ci="6" mb="0" cb="0"/><line nr="19" mi="0" ci="2" mb="0" cb="0"/><counter type="INSTRUCTION" missed="0" covered="25"/><counter type="LINE" missed="0" covered="6"/><counter type="COMPLEXITY" missed="0" covered="2"/><counter type="METHOD" missed="0" covered="2"/><counter type="CLASS" missed="0" covered="1"/></sourcefile><sourcefile name="TecnicoController.java"><line nr="23" mi="0" ci="2" mb="0" cb="0"/><line nr="24" mi="0" ci="3" mb="0" cb="0"/><line nr="25" mi="0" ci="1" mb="0" cb="0"/><line nr="29" mi="0" ci="4" mb="0" cb="0"/><counter type="INSTRUCTION" missed="0" covered="10"/><counter type="LINE" missed="0" covered="4"/><counter type="COMPLEXITY" missed="0" covered="2"/><counter type="METHOD" missed="0" covered="2"/><counter type="CLASS" missed="0" covered="1"/></sourcefile><sourcefile name="ElectionController.java"><line nr="21" mi="0" ci="2" mb="0" cb="0"/><line nr="22" mi="0" ci="3" mb="0" cb="0"/><line nr="23" mi="0" ci="1" mb="0" cb="0"/><line nr="27" mi="0" ci="4" mb="0" cb="0"/><line nr="28" mi="0" ci="7" mb="0" cb="0"/><line nr="29" mi="0" ci="8" mb="0" cb="0"/><line nr="30" mi="0" ci="7" mb="0" cb="0"/><line nr="31" mi="0" ci="2" mb="0" cb="0"/><counter type="INSTRUCTION" missed="0" covered="34"/><counter type="LINE" missed="0" covered="8"/><counter type="COMPLEXITY" missed="0" covered="2"/><counter type="METHOD" missed="0" covered="2"/><counter type="CLASS" missed="0" covered="1"/></sourcefile><counter type="INSTRUCTION" missed="0" covered="178"/><counter type="LINE" missed="0" covered="42"/><counter type="COMPLEXITY" missed="0" covered="23"/><counter type="METHOD" missed="0" covered="23"/><counter type="CLASS" missed="0" covered="6"/></package><package name="ec/uteq/sga/soporte/infrastructure/persistence"><class name="ec/uteq/sga/soporte/infrastructure/persistence/JdbcTicketRepository" sourcefilename="JdbcTicketRepository.java"><method name="&lt;init&gt;" desc="(Lorg/springframework/jdbc/core/JdbcTemplate;)V" line="17"><counter type="INSTRUCTION" missed="0" covered="6"/><counter type="LINE" missed="0" covered="3"/><counter type="COMPLEXITY" missed="0" covered="1"/><counter type="METHOD" missed="0" covered="1"/></method><method name="listarTodos" desc="()Ljava/util/List;" line="29"><counter type="INSTRUCTION" missed="0" covered="5"/><counter type="LINE" missed="0" covered="1"/><counter type="COMPLEXITY" missed="0" covered="1"/><counter type="METHOD" missed="0" covered="1"/></method><method name="listarPorCreador" desc="(Ljava/lang/String;)Ljava/util/List;" line="34"><counter type="INSTRUCTION" missed="0" covered="11"/><counter type="LINE" missed="0" covered="1"/><counter type="COMPLEXITY" missed="0" covered="1"/><counter type="METHOD" missed="0" covered="1"/></method><method name="buscarPorId" desc="(J)Ljava/util/Optional;" line="39"><counter type="INSTRUCTION" missed="0" covered="23"/><counter type="BRANCH" missed="0" covered="2"/><counter type="LINE" missed="0" covered="2"/><counter type="COMPLEXITY" missed="0" covered="2"/><counter type="METHOD" missed="0" covered="1"/></method><method name="estadisticas" desc="()Ljava/util/Map;" line="45"><counter type="INSTRUCTION" missed="0" covered="48"/><counter type="LINE" missed="0" covered="9"/><counter type="COMPLEXITY" missed="0" covered="1"/><counter type="METHOD" missed="0" covered="1"/></method><method name="reportePorCategoria" desc="()Ljava/util/List;" line="63"><counter type="INSTRUCTION" missed="0" covered="7"/><counter type="LINE" missed="0" covered="2"/><counter type="COMPLEXITY" missed="0" covered="1"/><counter type="METHOD" missed="0" covered="1"/></method><method name="reportePorTecnico" desc="()Ljava/util/List;" line="71"><counter type="INSTRUCTION" missed="0" covered="7"/><counter type="LINE" missed="0" covered="2"/><counter type="COMPLEXITY" missed="0" covered="1"/><counter type="METHOD" missed="0" covered="1"/></method><method name="reporteGeneral" desc="()Ljava/util/Map;" line="79"><counter type="INSTRUCTION" missed="0" covered="23"/><counter type="BRANCH" missed="0" covered="2"/><counter type="LINE" missed="0" covered="3"/><counter type="COMPLEXITY" missed="0" covered="2"/><counter type="METHOD" missed="0" covered="1"/></method><method name="crear" desc="(Ljava/lang/String;Ljava/lang/String;Ljava/lang/String;Ljava/lang/String;Ljava/lang/String;Ljava/lang/String;)J" line="88"><counter type="INSTRUCTION" missed="0" covered="25"/><counter type="LINE" missed="0" covered="4"/><counter type="COMPLEXITY" missed="0" covered="1"/><counter type="METHOD" missed="0" covered="1"/></method><method name="actualizarEstado" desc="(JLjava/lang/String;Ljava/lang/String;Ljava/lang/String;)V" line="106"><counter type="INSTRUCTION" missed="0" covered="62"/><counter type="BRANCH" missed="1" covered="3"/><counter type="LINE" missed="0" covered="7"/><counter type="COMPLEXITY" missed="1" covered="2"/><counter type="METHOD" missed="0" covered="1"/></method><method name="actualizarPrioridadYAsignado" desc="(JLjava/lang/String;Ljava/lang/String;)V" line="117"><counter type="INSTRUCTION" missed="0" covered="63"/><counter type="BRANCH" missed="0" covered="8"/><counter type="LINE" missed="0" covered="7"/><counter type="COMPLEXITY" missed="0" covered="5"/><counter type="METHOD" missed="0" covered="1"/></method><method name="registrarHistorial" desc="(JLjava/lang/String;Ljava/lang/String;Ljava/lang/String;Ljava/lang/String;)V" line="128"><counter type="INSTRUCTION" missed="0" covered="31"/><counter type="LINE" missed="0" covered="3"/><counter type="COMPLEXITY" missed="0" covered="1"/><counter type="METHOD" missed="0" covered="1"/></method><method name="listarHistorial" desc="(J)Ljava/util/List;" line="134"><counter type="INSTRUCTION" missed="0" covered="14"/><counter type="LINE" missed="0" covered="2"/><counter type="COMPLEXITY" missed="0" covered="1"/><counter type="METHOD" missed="0" covered="1"/></method><method name="listarComentarios" desc="(J)Ljava/util/List;" line="140"><counter type="INSTRUCTION" missed="0" covered="14"/><counter type="LINE" missed="0" covered="2"/><counter type="COMPLEXITY" missed="0" covered="1"/><counter type="METHOD" missed="0" covered="1"/></method><method name="agregarComentario" desc="(JLjava/lang/String;Ljava/lang/String;Z)Ljava/util/Map;" line="146"><counter type="INSTRUCTION" missed="0" covered="42"/><counter type="LINE" missed="0" covered="5"/><counter type="COMPLEXITY" missed="0" covered="1"/><counter type="METHOD" missed="0" covered="1"/></method><method name="lambda$agregarComentario$1" desc="(Ljava/lang/String;JLjava/lang/String;Ljava/lang/String;ZLjava/sql/Connection;)Ljava/sql/PreparedStatement;" line="149"><counter type="INSTRUCTION" missed="28" covered="0"/><counter type="LINE" missed="6" covered="0"/><counter type="COMPLEXITY" missed="1" covered="0"/><counter type="METHOD" missed="1" covered="0"/></method><method name="lambda$crear$0" desc="(Ljava/lang/String;Ljava/lang/String;Ljava/lang/String;Ljava/lang/String;Ljava/lang/String;Ljava/lang/String;Ljava/lang/String;Ljava/sql/Connection;)Ljava/sql/PreparedStatement;" line="92"><counter type="INSTRUCTION" missed="36" covered="0"/><counter type="LINE" missed="8" covered="0"/><counter type="COMPLEXITY" missed="1" covered="0"/><counter type="METHOD" missed="1" covered="0"/></method><counter type="INSTRUCTION" missed="64" covered="381"/><counter type="BRANCH" missed="1" covered="15"/><counter type="LINE" missed="14" covered="53"/><counter type="COMPLEXITY" missed="3" covered="22"/><counter type="METHOD" missed="2" covered="15"/><counter type="CLASS" missed="0" covered="1"/></class><sourcefile name="JdbcTicketRepository.java"><line nr="17" mi="0" ci="2" mb="0" cb="0"/><line nr="18" mi="0" ci="3" mb="0" cb="0"/><line nr="19" mi="0" ci="1" mb="0" cb="0"/><line nr="29" mi="0" ci="5" mb="0" cb="0"/><line nr="34" mi="0" ci="11" mb="0" cb="0"/><line nr="39" mi="0" ci="12" mb="0" cb="0"/><line nr="40" mi="0" ci="11" mb="0" cb="2"/><line nr="45" mi="0" ci="2" mb="0" cb="0"/><line nr="51" mi="0" ci="5" mb="0" cb="0"/><line nr="52" mi="0" ci="4" mb="0" cb="0"/><line nr="53" mi="0" ci="7" mb="0" cb="0"/><line nr="54" mi="0" ci="7" mb="0" cb="0"/><line nr="55" mi="0" ci="7" mb="0" cb="0"/><line nr="56" mi="0" ci="7" mb="0" cb="0"/><line nr="57" mi="0" ci="7" mb="0" cb="0"/><line nr="58" mi="0" ci="2" mb="0" cb="0"/><line nr="63" mi="0" ci="2" mb="0" cb="0"/><line nr="66" mi="0" ci="5" mb="0" cb="0"/><line nr="71" mi="0" ci="2" mb="0" cb="0"/><line nr="74" mi="0" ci="5" mb="0" cb="0"/><line nr="79" mi="0" ci="2" mb="0" cb="0"/><line nr="82" mi="0" ci="5" mb="0" cb="0"/><line nr="83" mi="0" ci="16" mb="0" cb="2"/><line nr="88" mi="0" ci="2" mb="0" cb="0"/><line nr="90" mi="0" ci="4" mb="0" cb="0"/><line nr="91" mi="0" ci="13" mb="0" cb="0"/><line nr="92" mi="10" ci="0" mb="0" cb="0"/><line nr="93" mi="4" ci="0" mb="0" cb="0"/><line nr="94" mi="4" ci="0" mb="0" cb="0"/><line nr="95" mi="4" ci="0" mb="0" cb="0"/><line nr="96" mi="4" ci="0" mb="0" cb="0"/><line nr="97" mi="4" ci="0" mb="0" cb="0"/><line nr="98" mi="4" ci="0" mb="0" cb="0"/><line nr="99" mi="2" ci="0" mb="0" cb="0"/><line nr="101" mi="0" ci="6" mb="0" cb="0"/><line nr="106" mi="0" ci="8" mb="1" cb="3"/><line nr="107" mi="0" ci="2" mb="0" cb="0"/><line nr="108" mi="0" ci="24" mb="0" cb="0"/><line nr="109" mi="0" ci="1" mb="0" cb="0"/><line nr="110" mi="0" ci="2" mb="0" cb="0"/><line nr="111" mi="0" ci="24" mb="0" cb="0"/><line nr="113" mi="0" ci="1" mb="0" cb="0"/><line nr="117" mi="0" ci="4" mb="0" cb="4"/><line nr="118" mi="0" ci="21" mb="0" cb="0"/><line nr="119" mi="0" ci="2" mb="0" cb="2"/><line nr="120" mi="0" ci="17" mb="0" cb="0"/><line nr="121" mi="0" ci="2" mb="0" cb="2"/><line nr="122" mi="0" ci="16" mb="0" cb="0"/><line nr="124" mi="0" ci="1" mb="0" cb="0"/><line nr="128" mi="0" ci="2" mb="0" cb="0"/><line nr="129" mi="0" ci="28" mb="0" cb="0"/><line nr="130" mi="0" ci="1" mb="0" cb="0"/><line nr="134" mi="0" ci="2" mb="0" cb="0"/><line nr="135" mi="0" ci="12" mb="0" cb="0"/><line nr="140" mi="0" ci="2" mb="0" cb="0"/><line nr="141" mi="0" ci="12" mb="0" cb="0"/><line nr="146" mi="0" ci="2" mb="0" cb="0"/><line nr="147" mi="0" ci="4" mb="0" cb="0"/><line nr="148" mi="0" ci="11" mb="0" cb="0"/><line nr="149" mi="10" ci="0" mb="0" cb="0"/><line nr="150" mi="4" ci="0" mb="0" cb="0"/><line nr="151" mi="4" ci="0" mb="0" cb="0"/><line nr="152" mi="4" ci="0" mb="0" cb="0"/><line nr="153" mi="4" ci="0" mb="0" cb="0"/><line nr="154" mi="2" ci="0" mb="0" cb="0"/><line nr="156" mi="0" ci="6" mb="0" cb="0"/><line nr="157" mi="0" ci="19" mb="0" cb="0"/><counter type="INSTRUCTION" missed="64" covered="381"/><counter type="BRANCH" missed="1" covered="15"/><counter type="LINE" missed="14" covered="53"/><counter type="COMPLEXITY" missed="3" covered="22"/><counter type="METHOD" missed="2" covered="15"/><counter type="CLASS" missed="0" covered="1"/></sourcefile><counter type="INSTRUCTION" missed="64" covered="381"/><counter type="BRANCH" missed="1" covered="15"/><counter type="LINE" missed="14" covered="53"/><counter type="COMPLEXITY" missed="3" covered="22"/><counter type="METHOD" missed="2" covered="15"/><counter type="CLASS" missed="0" covered="1"/></package><package name="ec/uteq/sga/soporte/domain/port"><class name="ec/uteq/sga/soporte/domain/port/TicketRepositoryPort" sourcefilename="TicketRepositoryPort.java"/><sourcefile name="TicketRepositoryPort.java"/></package><package name="ec/uteq/sga/soporte/dto"><class name="ec/uteq/sga/soporte/dto/TicketRequest" sourcefilename="TicketRequest.java"><method name="&lt;init&gt;" desc="(Ljava/lang/String;Ljava/lang/String;Ljava/lang/String;Ljava/lang/String;)V" line="10"><counter type="INSTRUCTION" missed="0" covered="15"/><counter type="LINE" missed="0" covered="1"/><counter type="COMPLEXITY" missed="0" covered="1"/><counter type="METHOD" missed="0" covered="1"/></method><counter type="INSTRUCTION" missed="0" covered="15"/><counter type="LINE" missed="0" covered="1"/><counter type="COMPLEXITY" missed="0" covered="1"/><counter type="METHOD" missed="0" covered="1"/><counter type="CLASS" missed="0" covered="1"/></class><class name="ec/uteq/sga/soporte/dto/AgregarComentarioDTO" sourcefilename="AgregarComentarioDTO.java"><method name="&lt;init&gt;" desc="()V" line="5"><counter type="INSTRUCTION" missed="0" covered="7"/><counter type="LINE" missed="0" covered="2"/><counter type="COMPLEXITY" missed="0" covered="1"/><counter type="METHOD" missed="0" covered="1"/></method><method name="getComentario" desc="()Ljava/lang/String;" line="13"><counter type="INSTRUCTION" missed="0" covered="3"/><counter type="LINE" missed="0" covered="1"/><counter type="COMPLEXITY" missed="0" covered="1"/><counter type="METHOD" missed="0" covered="1"/></method><method name="setComentario" desc="(Ljava/lang/String;)V" line="14"><counter type="INSTRUCTION" missed="0" covered="4"/><counter type="LINE" missed="0" covered="1"/><counter type="COMPLEXITY" missed="0" covered="1"/><counter type="METHOD" missed="0" covered="1"/></method><method name="getEsRespuestaInterna" desc="()Ljava/lang/Boolean;" line="16"><counter type="INSTRUCTION" missed="0" covered="3"/><counter type="LINE" missed="0" covered="1"/><counter type="COMPLEXITY" missed="0" covered="1"/><counter type="METHOD" missed="0" covered="1"/></method><method name="setEsRespuestaInterna" desc="(Ljava/lang/Boolean;)V" line="17"><counter type="INSTRUCTION" missed="0" covered="4"/><counter type="LINE" missed="0" covered="1"/><counter type="COMPLEXITY" missed="0" covered="1"/><counter type="METHOD" missed="0" covered="1"/></method><counter type="INSTRUCTION" missed="0" covered="21"/><counter type="LINE" missed="0" covered="6"/><counter type="COMPLEXITY" missed="0" covered="5"/><counter type="METHOD" missed="0" covered="5"/><counter type="CLASS" missed="0" covered="1"/></class><class name="ec/uteq/sga/soporte/dto/EscalarTicketRequest" sourcefilename="EscalarTicketRequest.java"><method name="&lt;init&gt;" desc="(Ljava/lang/String;Ljava/lang/String;Ljava/lang/String;)V" line="11"><counter type="INSTRUCTION" missed="0" covered="12"/><counter type="LINE" missed="0" covered="1"/><counter type="COMPLEXITY" missed="0" covered="1"/><counter type="METHOD" missed="0" covered="1"/></method><counter type="INSTRUCTION" missed="0" covered="12"/><counter type="LINE" missed="0" covered="1"/><counter type="COMPLEXITY" missed="0" covered="1"/><counter type="METHOD" missed="0" covered="1"/><counter type="CLASS" missed="0" covered="1"/></class><class name="ec/uteq/sga/soporte/dto/CrearTicketDTO" sourcefilename="CrearTicketDTO.java"><method name="&lt;init&gt;" desc="()V" line="6"><counter type="INSTRUCTION" missed="0" covered="3"/><counter type="LINE" missed="0" covered="1"/><counter type="COMPLEXITY" missed="0" covered="1"/><counter type="METHOD" missed="0" covered="1"/></method><method name="getTitulo" desc="()Ljava/lang/String;" line="20"><counter type="INSTRUCTION" missed="0" covered="3"/><counter type="LINE" missed="0" covered="1"/><counter type="COMPLEXITY" missed="0" covered="1"/><counter type="METHOD" missed="0" covered="1"/></method><method name="setTitulo" desc="(Ljava/lang/String;)V" line="21"><counter type="INSTRUCTION" missed="0" covered="4"/><counter type="LINE" missed="0" covered="1"/><counter type="COMPLEXITY" missed="0" covered="1"/><counter type="METHOD" missed="0" covered="1"/></method><method name="getDescripcion" desc="()Ljava/lang/String;" line="23"><counter type="INSTRUCTION" missed="0" covered="3"/><counter type="LINE" missed="0" covered="1"/><counter type="COMPLEXITY" missed="0" covered="1"/><counter type="METHOD" missed="0" covered="1"/></method><method name="setDescripcion" desc="(Ljava/lang/String;)V" line="24"><counter type="INSTRUCTION" missed="0" covered="4"/><counter type="LINE" missed="0" covered="1"/><counter type="COMPLEXITY" missed="0" covered="1"/><counter type="METHOD" missed="0" covered="1"/></method><method name="getCategoriaId" desc="()Ljava/lang/Long;" line="26"><counter type="INSTRUCTION" missed="0" covered="3"/><counter type="LINE" missed="0" covered="1"/><counter type="COMPLEXITY" missed="0" covered="1"/><counter type="METHOD" missed="0" covered="1"/></method><method name="setCategoriaId" desc="(Ljava/lang/Long;)V" line="27"><counter type="INSTRUCTION" missed="0" covered="4"/><counter type="LINE" missed="0" covered="1"/><counter type="COMPLEXITY" missed="0" covered="1"/><counter type="METHOD" missed="0" covered="1"/></method><method name="getPrioridad" desc="()Ljava/lang/String;" line="29"><counter type="INSTRUCTION" missed="0" covered="3"/><counter type="LINE" missed="0" covered="1"/><counter type="COMPLEXITY" missed="0" covered="1"/><counter type="METHOD" missed="0" covered="1"/></method><method name="setPrioridad" desc="(Ljava/lang/String;)V" line="30"><counter type="INSTRUCTION" missed="0" covered="4"/><counter type="LINE" missed="0" covered="1"/><counter type="COMPLEXITY" missed="0" covered="1"/><counter type="METHOD" missed="0" covered="1"/></method><counter type="INSTRUCTION" missed="0" covered="31"/><counter type="LINE" missed="0" covered="9"/><counter type="COMPLEXITY" missed="0" covered="9"/><counter type="METHOD" missed="0" covered="9"/><counter type="CLASS" missed="0" covered="1"/></class><class name="ec/uteq/sga/soporte/dto/ActualizarTicketRequest" sourcefilename="ActualizarTicketRequest.java"><method name="&lt;init&gt;" desc="(Ljava/lang/String;Ljava/lang/String;Ljava/lang/String;)V" line="9"><counter type="INSTRUCTION" missed="0" covered="12"/><counter type="LINE" missed="0" covered="1"/><counter type="COMPLEXITY" missed="0" covered="1"/><counter type="METHOD" missed="0" covered="1"/></method><counter type="INSTRUCTION" missed="0" covered="12"/><counter type="LINE" missed="0" covered="1"/><counter type="COMPLEXITY" missed="0" covered="1"/><counter type="METHOD" missed="0" covered="1"/><counter type="CLASS" missed="0" covered="1"/></class><class name="ec/uteq/sga/soporte/dto/ComentarioRequest" sourcefilename="ComentarioRequest.java"><method name="&lt;init&gt;" desc="(Ljava/lang/String;Ljava/lang/Boolean;)V" line="9"><counter type="INSTRUCTION" missed="0" covered="9"/><counter type="LINE" missed="0" covered="1"/><counter type="COMPLEXITY" missed="0" covered="1"/><counter type="METHOD" missed="0" covered="1"/></method><counter type="INSTRUCTION" missed="0" covered="9"/><counter type="LINE" missed="0" covered="1"/><counter type="COMPLEXITY" missed="0" covered="1"/><counter type="METHOD" missed="0" covered="1"/><counter type="CLASS" missed="0" covered="1"/></class><sourcefile name="TicketRequest.java"><line nr="10" mi="0" ci="15" mb="0" cb="0"/><counter type="INSTRUCTION" missed="0" covered="15"/><counter type="LINE" missed="0" covered="1"/><counter type="COMPLEXITY" missed="0" covered="1"/><counter type="METHOD" missed="0" covered="1"/><counter type="CLASS" missed="0" covered="1"/></sourcefile><sourcefile name="CrearTicketDTO.java"><line nr="6" mi="0" ci="3" mb="0" cb="0"/><line nr="20" mi="0" ci="3" mb="0" cb="0"/><line nr="21" mi="0" ci="4" mb="0" cb="0"/><line nr="23" mi="0" ci="3" mb="0" cb="0"/><line nr="24" mi="0" ci="4" mb="0" cb="0"/><line nr="26" mi="0" ci="3" mb="0" cb="0"/><line nr="27" mi="0" ci="4" mb="0" cb="0"/><line nr="29" mi="0" ci="3" mb="0" cb="0"/><line nr="30" mi="0" ci="4" mb="0" cb="0"/><counter type="INSTRUCTION" missed="0" covered="31"/><counter type="LINE" missed="0" covered="9"/><counter type="COMPLEXITY" missed="0" covered="9"/><counter type="METHOD" missed="0" covered="9"/><counter type="CLASS" missed="0" covered="1"/></sourcefile><sourcefile name="AgregarComentarioDTO.java"><line nr="5" mi="0" ci="2" mb="0" cb="0"/><line nr="10" mi="0" ci="5" mb="0" cb="0"/><line nr="13" mi="0" ci="3" mb="0" cb="0"/><line nr="14" mi="0" ci="4" mb="0" cb="0"/><line nr="16" mi="0" ci="3" mb="0" cb="0"/><line nr="17" mi="0" ci="4" mb="0" cb="0"/><counter type="INSTRUCTION" missed="0" covered="21"/><counter type="LINE" missed="0" covered="6"/><counter type="COMPLEXITY" missed="0" covered="5"/><counter type="METHOD" missed="0" covered="5"/><counter type="CLASS" missed="0" covered="1"/></sourcefile><sourcefile name="EscalarTicketRequest.java"><line nr="11" mi="0" ci="12" mb="0" cb="0"/><counter type="INSTRUCTION" missed="0" covered="12"/><counter type="LINE" missed="0" covered="1"/><counter type="COMPLEXITY" missed="0" covered="1"/><counter type="METHOD" missed="0" covered="1"/><counter type="CLASS" missed="0" covered="1"/></sourcefile><sourcefile name="ActualizarTicketRequest.java"><line nr="9" mi="0" ci="12" mb="0" cb="0"/><counter type="INSTRUCTION" missed="0" covered="12"/><counter type="LINE" missed="0" covered="1"/><counter type="COMPLEXITY" missed="0" covered="1"/><counter type="METHOD" missed="0" covered="1"/><counter type="CLASS" missed="0" covered="1"/></sourcefile><sourcefile name="ComentarioRequest.java"><line nr="9" mi="0" ci="9" mb="0" cb="0"/><counter type="INSTRUCTION" missed="0" covered="9"/><counter type="LINE" missed="0" covered="1"/><counter type="COMPLEXITY" missed="0" covered="1"/><counter type="METHOD" missed="0" covered="1"/><counter type="CLASS" missed="0" covered="1"/></sourcefile><counter type="INSTRUCTION" missed="0" covered="100"/><counter type="LINE" missed="0" covered="19"/><counter type="COMPLEXITY" missed="0" covered="18"/><counter type="METHOD" missed="0" covered="18"/><counter type="CLASS" missed="0" covered="6"/></package><package name="ec/uteq/sga/soporte/domain"><class name="ec/uteq/sga/soporte/domain/TicketComentario" sourcefilename="TicketComentario.java"><method name="&lt;init&gt;" desc="()V" line="15"><counter type="INSTRUCTION" missed="0" covered="10"/><counter type="LINE" missed="0" covered="4"/><counter type="COMPLEXITY" missed="0" covered="1"/><counter type="METHOD" missed="0" covered="1"/></method><method name="getId" desc="()Ljava/lang/Long;" line="21"><counter type="INSTRUCTION" missed="0" covered="3"/><counter type="LINE" missed="0" covered="1"/><counter type="COMPLEXITY" missed="0" covered="1"/><counter type="METHOD" missed="0" covered="1"/></method><method name="setId" desc="(Ljava/lang/Long;)V" line="22"><counter type="INSTRUCTION" missed="0" covered="4"/><counter type="LINE" missed="0" covered="1"/><counter type="COMPLEXITY" missed="0" covered="1"/><counter type="METHOD" missed="0" covered="1"/></method><method name="getIdTicket" desc="()Ljava/lang/Long;" line="24"><counter type="INSTRUCTION" missed="0" covered="3"/><counter type="LINE" missed="0" covered="1"/><counter type="COMPLEXITY" missed="0" covered="1"/><counter type="METHOD" missed="0" covered="1"/></method><method name="setIdTicket" desc="(Ljava/lang/Long;)V" line="25"><counter type="INSTRUCTION" missed="0" covered="4"/><counter type="LINE" missed="0" covered="1"/><counter type="COMPLEXITY" missed="0" covered="1"/><counter type="METHOD" missed="0" covered="1"/></method><method name="getAutor" desc="()Ljava/lang/String;" line="27"><counter type="INSTRUCTION" missed="0" covered="3"/><counter type="LINE" missed="0" covered="1"/><counter type="COMPLEXITY" missed="0" covered="1"/><counter type="METHOD" missed="0" covered="1"/></method><method name="setAutor" desc="(Ljava/lang/String;)V" line="28"><counter type="INSTRUCTION" missed="0" covered="4"/><counter type="LINE" missed="0" covered="1"/><counter type="COMPLEXITY" missed="0" covered="1"/><counter type="METHOD" missed="0" covered="1"/></method><method name="getContenido" desc="()Ljava/lang/String;" line="30"><counter type="INSTRUCTION" missed="0" covered="3"/><counter type="LINE" missed="0" covered="1"/><counter type="COMPLEXITY" missed="0" covered="1"/><counter type="METHOD" missed="0" covered="1"/></method><method name="setContenido" desc="(Ljava/lang/String;)V" line="31"><counter type="INSTRUCTION" missed="0" covered="4"/><counter type="LINE" missed="0" covered="1"/><counter type="COMPLEXITY" missed="0" covered="1"/><counter type="METHOD" missed="0" covered="1"/></method><method name="getNotaInterna" desc="()Ljava/lang/Boolean;" line="33"><counter type="INSTRUCTION" missed="0" covered="3"/><counter type="LINE" missed="0" covered="1"/><counter type="COMPLEXITY" missed="0" covered="1"/><counter type="METHOD" missed="0" covered="1"/></method><method name="setNotaInterna" desc="(Ljava/lang/Boolean;)V" line="34"><counter type="INSTRUCTION" missed="0" covered="4"/><counter type="LINE" missed="0" covered="1"/><counter type="COMPLEXITY" missed="0" covered="1"/><counter type="METHOD" missed="0" covered="1"/></method><method name="getFechaCreacion" desc="()Ljava/time/LocalDateTime;" line="36"><counter type="INSTRUCTION" missed="0" covered="3"/><counter type="LINE" missed="0" covered="1"/><counter type="COMPLEXITY" missed="0" covered="1"/><counter type="METHOD" missed="0" covered="1"/></method><method name="setFechaCreacion" desc="(Ljava/time/LocalDateTime;)V" line="37"><counter type="INSTRUCTION" missed="0" covered="4"/><counter type="LINE" missed="0" covered="1"/><counter type="COMPLEXITY" missed="0" covered="1"/><counter type="METHOD" missed="0" covered="1"/></method><counter type="INSTRUCTION" missed="0" covered="52"/><counter type="LINE" missed="0" covered="16"/><counter type="COMPLEXITY" missed="0" covered="13"/><counter type="METHOD" missed="0" covered="13"/><counter type="CLASS" missed="0" covered="1"/></class><class name="ec/uteq/sga/soporte/domain/Ticket" sourcefilename="Ticket.java"><method name="&lt;init&gt;" desc="()V" line="25"><counter type="INSTRUCTION" missed="0" covered="14"/><counter type="LINE" missed="0" covered="5"/><counter type="COMPLEXITY" missed="0" covered="1"/><counter type="METHOD" missed="0" covered="1"/></method><method name="getId" desc="()Ljava/lang/Long;" line="32"><counter type="INSTRUCTION" missed="0" covered="3"/><counter type="LINE" missed="0" covered="1"/><counter type="COMPLEXITY" missed="0" covered="1"/><counter type="METHOD" missed="0" covered="1"/></method><method name="setId" desc="(Ljava/lang/Long;)V" line="33"><counter type="INSTRUCTION" missed="0" covered="4"/><counter type="LINE" missed="0" covered="1"/><counter type="COMPLEXITY" missed="0" covered="1"/><counter type="METHOD" missed="0" covered="1"/></method><method name="getNumeroTicket" desc="()Ljava/lang/String;" line="35"><counter type="INSTRUCTION" missed="0" covered="3"/><counter type="LINE" missed="0" covered="1"/><counter type="COMPLEXITY" missed="0" covered="1"/><counter type="METHOD" missed="0" covered="1"/></method><method name="setNumeroTicket" desc="(Ljava/lang/String;)V" line="36"><counter type="INSTRUCTION" missed="0" covered="4"/><counter type="LINE" missed="0" covered="1"/><counter type="COMPLEXITY" missed="0" covered="1"/><counter type="METHOD" missed="0" covered="1"/></method><method name="getTitulo" desc="()Ljava/lang/String;" line="38"><counter type="INSTRUCTION" missed="0" covered="3"/><counter type="LINE" missed="0" covered="1"/><counter type="COMPLEXITY" missed="0" covered="1"/><counter type="METHOD" missed="0" covered="1"/></method><method name="setTitulo" desc="(Ljava/lang/String;)V" line="39"><counter type="INSTRUCTION" missed="0" covered="4"/><counter type="LINE" missed="0" covered="1"/><counter type="COMPLEXITY" missed="0" covered="1"/><counter type="METHOD" missed="0" covered="1"/></method><method name="getDescripcion" desc="()Ljava/lang/String;" line="41"><counter type="INSTRUCTION" missed="0" covered="3"/><counter type="LINE" missed="0" covered="1"/><counter type="COMPLEXITY" missed="0" covered="1"/><counter type="METHOD" missed="0" covered="1"/></method><method name="setDescripcion" desc="(Ljava/lang/String;)V" line="42"><counter type="INSTRUCTION" missed="0" covered="4"/><counter type="LINE" missed="0" covered="1"/><counter type="COMPLEXITY" missed="0" covered="1"/><counter type="METHOD" missed="0" covered="1"/></method><method name="getCategoria" desc="()Ljava/lang/String;" line="44"><counter type="INSTRUCTION" missed="0" covered="3"/><counter type="LINE" missed="0" covered="1"/><counter type="COMPLEXITY" missed="0" covered="1"/><counter type="METHOD" missed="0" covered="1"/></method><method name="setCategoria" desc="(Ljava/lang/String;)V" line="45"><counter type="INSTRUCTION" missed="0" covered="4"/><counter type="LINE" missed="0" covered="1"/><counter type="COMPLEXITY" missed="0" covered="1"/><counter type="METHOD" missed="0" covered="1"/></method><method name="getPrioridad" desc="()Ljava/lang/String;" line="47"><counter type="INSTRUCTION" missed="0" covered="3"/><counter type="LINE" missed="0" covered="1"/><counter type="COMPLEXITY" missed="0" covered="1"/><counter type="METHOD" missed="0" covered="1"/></method><method name="setPrioridad" desc="(Ljava/lang/String;)V" line="48"><counter type="INSTRUCTION" missed="0" covered="4"/><counter type="LINE" missed="0" covered="1"/><counter type="COMPLEXITY" missed="0" covered="1"/><counter type="METHOD" missed="0" covered="1"/></method><method name="getEstado" desc="()Ljava/lang/String;" line="50"><counter type="INSTRUCTION" missed="0" covered="3"/><counter type="LINE" missed="0" covered="1"/><counter type="COMPLEXITY" missed="0" covered="1"/><counter type="METHOD" missed="0" covered="1"/></method><method name="setEstado" desc="(Ljava/lang/String;)V" line="51"><counter type="INSTRUCTION" missed="0" covered="4"/><counter type="LINE" missed="0" covered="1"/><counter type="COMPLEXITY" missed="0" covered="1"/><counter type="METHOD" missed="0" covered="1"/></method><method name="getCreadoPor" desc="()Ljava/lang/String;" line="53"><counter type="INSTRUCTION" missed="0" covered="3"/><counter type="LINE" missed="0" covered="1"/><counter type="COMPLEXITY" missed="0" covered="1"/><counter type="METHOD" missed="0" covered="1"/></method><method name="setCreadoPor" desc="(Ljava/lang/String;)V" line="54"><counter type="INSTRUCTION" missed="0" covered="4"/><counter type="LINE" missed="0" covered="1"/><counter type="COMPLEXITY" missed="0" covered="1"/><counter type="METHOD" missed="0" covered="1"/></method><method name="getAsignadoA" desc="()Ljava/lang/String;" line="56"><counter type="INSTRUCTION" missed="0" covered="3"/><counter type="LINE" missed="0" covered="1"/><counter type="COMPLEXITY" missed="0" covered="1"/><counter type="METHOD" missed="0" covered="1"/></method><method name="setAsignadoA" desc="(Ljava/lang/String;)V" line="57"><counter type="INSTRUCTION" missed="0" covered="4"/><counter type="LINE" missed="0" covered="1"/><counter type="COMPLEXITY" missed="0" covered="1"/><counter type="METHOD" missed="0" covered="1"/></method><method name="getSolucionAplicada" desc="()Ljava/lang/String;" line="59"><counter type="INSTRUCTION" missed="0" covered="3"/><counter type="LINE" missed="0" covered="1"/><counter type="COMPLEXITY" missed="0" covered="1"/><counter type="METHOD" missed="0" covered="1"/></method><method name="setSolucionAplicada" desc="(Ljava/lang/String;)V" line="60"><counter type="INSTRUCTION" missed="0" covered="4"/><counter type="LINE" missed="0" covered="1"/><counter type="COMPLEXITY" missed="0" covered="1"/><counter type="METHOD" missed="0" covered="1"/></method><method name="getFechaCreacion" desc="()Ljava/time/LocalDateTime;" line="62"><counter type="INSTRUCTION" missed="0" covered="3"/><counter type="LINE" missed="0" covered="1"/><counter type="COMPLEXITY" missed="0" covered="1"/><counter type="METHOD" missed="0" covered="1"/></method><method name="setFechaCreacion" desc="(Ljava/time/LocalDateTime;)V" line="63"><counter type="INSTRUCTION" missed="0" covered="4"/><counter type="LINE" missed="0" covered="1"/><counter type="COMPLEXITY" missed="0" covered="1"/><counter type="METHOD" missed="0" covered="1"/></method><method name="getFechaResolucion" desc="()Ljava/time/LocalDateTime;" line="65"><counter type="INSTRUCTION" missed="0" covered="3"/><counter type="LINE" missed="0" covered="1"/><counter type="COMPLEXITY" missed="0" covered="1"/><counter type="METHOD" missed="0" covered="1"/></method><method name="setFechaResolucion" desc="(Ljava/time/LocalDateTime;)V" line="66"><counter type="INSTRUCTION" missed="0" covered="4"/><counter type="LINE" missed="0" covered="1"/><counter type="COMPLEXITY" missed="0" covered="1"/><counter type="METHOD" missed="0" covered="1"/></method><counter type="INSTRUCTION" missed="0" covered="98"/><counter type="LINE" missed="0" covered="29"/><counter type="COMPLEXITY" missed="0" covered="25"/><counter type="METHOD" missed="0" covered="25"/><counter type="CLASS" missed="0" covered="1"/></class><class name="ec/uteq/sga/soporte/domain/PrioridadTicket" sourcefilename="PrioridadTicket.java"><method name="&lt;clinit&gt;" desc="()V" line="3"><counter type="INSTRUCTION" missed="0" covered="27"/><counter type="LINE" missed="0" covered="5"/><counter type="COMPLEXITY" missed="0" covered="1"/><counter type="METHOD" missed="0" covered="1"/></method><counter type="INSTRUCTION" missed="0" covered="27"/><counter type="LINE" missed="0" covered="5"/><counter type="COMPLEXITY" missed="0" covered="1"/><counter type="METHOD" missed="0" covered="1"/><counter type="CLASS" missed="0" covered="1"/></class><class name="ec/uteq/sga/soporte/domain/EstadoTicket" sourcefilename="EstadoTicket.java"><method name="&lt;clinit&gt;" desc="()V" line="3"><counter type="INSTRUCTION" missed="0" covered="27"/><counter type="LINE" missed="0" covered="5"/><counter type="COMPLEXITY" missed="0" covered="1"/><counter type="METHOD" missed="0" covered="1"/></method><counter type="INSTRUCTION" missed="0" covered="27"/><counter type="LINE" missed="0" covered="5"/><counter type="COMPLEXITY" missed="0" covered="1"/><counter type="METHOD" missed="0" covered="1"/><counter type="CLASS" missed="0" covered="1"/></class><sourcefile name="EstadoTicket.java"><line nr="3" mi="0" ci="3" mb="0" cb="0"/><line nr="4" mi="0" ci="6" mb="0" cb="0"/><line nr="5" mi="0" ci="6" mb="0" cb="0"/><line nr="6" mi="0" ci="6" mb="0" cb="0"/><line nr="7" mi="0" ci="6" mb="0" cb="0"/><counter type="INSTRUCTION" missed="0" covered="27"/><counter type="LINE" missed="0" covered="5"/><counter type="COMPLEXITY" missed="0" covered="1"/><counter type="METHOD" missed="0" covered="1"/><counter type="CLASS" missed="0" covered="1"/></sourcefile><sourcefile name="TicketComentario.java"><line nr="15" mi="0" ci="2" mb="0" cb="0"/><line nr="16" mi="0" ci="3" mb="0" cb="0"/><line nr="17" mi="0" ci="4" mb="0" cb="0"/><line nr="18" mi="0" ci="1" mb="0" cb="0"/><line nr="21" mi="0" ci="3" mb="0" cb="0"/><line nr="22" mi="0" ci="4" mb="0" cb="0"/><line nr="24" mi="0" ci="3" mb="0" cb="0"/><line nr="25" mi="0" ci="4" mb="0" cb="0"/><line nr="27" mi="0" ci="3" mb="0" cb="0"/><line nr="28" mi="0" ci="4" mb="0" cb="0"/><line nr="30" mi="0" ci="3" mb="0" cb="0"/><line nr="31" mi="0" ci="4" mb="0" cb="0"/><line nr="33" mi="0" ci="3" mb="0" cb="0"/><line nr="34" mi="0" ci="4" mb="0" cb="0"/><line nr="36" mi="0" ci="3" mb="0" cb="0"/><line nr="37" mi="0" ci="4" mb="0" cb="0"/><counter type="INSTRUCTION" missed="0" covered="52"/><counter type="LINE" missed="0" covered="16"/><counter type="COMPLEXITY" missed="0" covered="13"/><counter type="METHOD" missed="0" covered="13"/><counter type="CLASS" missed="0" covered="1"/></sourcefile><sourcefile name="PrioridadTicket.java"><line nr="3" mi="0" ci="3" mb="0" cb="0"/><line nr="4" mi="0" ci="6" mb="0" cb="0"/><line nr="5" mi="0" ci="6" mb="0" cb="0"/><line nr="6" mi="0" ci="6" mb="0" cb="0"/><line nr="7" mi="0" ci="6" mb="0" cb="0"/><counter type="INSTRUCTION" missed="0" covered="27"/><counter type="LINE" missed="0" covered="5"/><counter type="COMPLEXITY" missed="0" covered="1"/><counter type="METHOD" missed="0" covered="1"/><counter type="CLASS" missed="0" covered="1"/></sourcefile><sourcefile name="Ticket.java"><line nr="25" mi="0" ci="2" mb="0" cb="0"/><line nr="26" mi="0" ci="3" mb="0" cb="0"/><line nr="27" mi="0" ci="4" mb="0" cb="0"/><line nr="28" mi="0" ci="4" mb="0" cb="0"/><line nr="29" mi="0" ci="1" mb="0" cb="0"/><line nr="32" mi="0" ci="3" mb="0" cb="0"/><line nr="33" mi="0" ci="4" mb="0" cb="0"/><line nr="35" mi="0" ci="3" mb="0" cb="0"/><line nr="36" mi="0" ci="4" mb="0" cb="0"/><line nr="38" mi="0" ci="3" mb="0" cb="0"/><line nr="39" mi="0" ci="4" mb="0" cb="0"/><line nr="41" mi="0" ci="3" mb="0" cb="0"/><line nr="42" mi="0" ci="4" mb="0" cb="0"/><line nr="44" mi="0" ci="3" mb="0" cb="0"/><line nr="45" mi="0" ci="4" mb="0" cb="0"/><line nr="47" mi="0" ci="3" mb="0" cb="0"/><line nr="48" mi="0" ci="4" mb="0" cb="0"/><line nr="50" mi="0" ci="3" mb="0" cb="0"/><line nr="51" mi="0" ci="4" mb="0" cb="0"/><line nr="53" mi="0" ci="3" mb="0" cb="0"/><line nr="54" mi="0" ci="4" mb="0" cb="0"/><line nr="56" mi="0" ci="3" mb="0" cb="0"/><line nr="57" mi="0" ci="4" mb="0" cb="0"/><line nr="59" mi="0" ci="3" mb="0" cb="0"/><line nr="60" mi="0" ci="4" mb="0" cb="0"/><line nr="62" mi="0" ci="3" mb="0" cb="0"/><line nr="63" mi="0" ci="4" mb="0" cb="0"/><line nr="65" mi="0" ci="3" mb="0" cb="0"/><line nr="66" mi="0" ci="4" mb="0" cb="0"/><counter type="INSTRUCTION" missed="0" covered="98"/><counter type="LINE" missed="0" covered="29"/><counter type="COMPLEXITY" missed="0" covered="25"/><counter type="METHOD" missed="0" covered="25"/><counter type="CLASS" missed="0" covered="1"/></sourcefile><counter type="INSTRUCTION" missed="0" covered="204"/><counter type="LINE" missed="0" covered="55"/><counter type="COMPLEXITY" missed="0" covered="40"/><counter type="METHOD" missed="0" covered="40"/><counter type="CLASS" missed="0" covered="4"/></package><package name="ec/uteq/sga/soporte/infrastructure/logging"><class name="ec/uteq/sga/soporte/infrastructure/logging/MemoryLogAppender" sourcefilename="MemoryLogAppender.java"><method name="&lt;init&gt;" desc="()V" line="24"><counter type="INSTRUCTION" missed="0" covered="3"/><counter type="LINE" missed="0" covered="1"/><counter type="COMPLEXITY" missed="0" covered="1"/><counter type="METHOD" missed="0" covered="1"/></method><method name="append" desc="(Lch/qos/logback/classic/spi/ILoggingEvent;)V" line="34"><counter type="INSTRUCTION" missed="3" covered="69"/><counter type="BRANCH" missed="1" covered="5"/><counter type="LINE" missed="1" covered="14"/><counter type="COMPLEXITY" missed="1" covered="3"/><counter type="METHOD" missed="0" covered="1"/></method><method name="acortarLogger" desc="(Ljava/lang/String;)Ljava/lang/String;" line="57"><counter type="INSTRUCTION" missed="1" covered="13"/><counter type="BRANCH" missed="1" covered="1"/><counter type="LINE" missed="0" covered="2"/><counter type="COMPLEXITY" missed="1" covered="1"/><counter type="METHOD" missed="0" covered="1"/></method><method name="ultimos" desc="(I)Ljava/util/List;" line="62"><counter type="INSTRUCTION" missed="0" covered="15"/><counter type="LINE" missed="0" covered="2"/><counter type="COMPLEXITY" missed="0" covered="1"/><counter type="METHOD" missed="0" covered="1"/></method><method name="&lt;clinit&gt;" desc="()V" line="30"><counter type="INSTRUCTION" missed="0" covered="6"/><counter type="LINE" missed="0" covered="1"/><counter type="COMPLEXITY" missed="0" covered="1"/><counter type="METHOD" missed="0" covered="1"/></method><counter type="INSTRUCTION" missed="4" covered="106"/><counter type="BRANCH" missed="2" covered="6"/><counter type="LINE" missed="1" covered="20"/><counter type="COMPLEXITY" missed="2" covered="7"/><counter type="METHOD" missed="0" covered="5"/><counter type="CLASS" missed="0" covered="1"/></class><sourcefile name="MemoryLogAppender.java"><line nr="24" mi="0" ci="3" mb="0" cb="0"/><line nr="30" mi="0" ci="6" mb="0" cb="0"/><line nr="34" mi="0" ci="6" mb="0" cb="2"/><line nr="35" mi="0" ci="1" mb="0" cb="0"/><line nr="38" mi="0" ci="4" mb="0" cb="0"/><line nr="39" mi="0" ci="8" mb="0" cb="0"/><line nr="40" mi="0" ci="7" mb="0" cb="0"/><line nr="41" mi="0" ci="8" mb="0" cb="0"/><line nr="42" mi="0" ci="6" mb="0" cb="0"/><line nr="43" mi="0" ci="3" mb="0" cb="2"/><line nr="44" mi="0" ci="11" mb="0" cb="0"/><line nr="47" mi="0" ci="4" mb="0" cb="0"/><line nr="48" mi="0" ci="4" mb="1" cb="1"/><line nr="49" mi="3" ci="0" mb="0" cb="0"/><line nr="51" mi="0" ci="3" mb="0" cb="0"/><line nr="52" mi="0" ci="3" mb="0" cb="0"/><line nr="53" mi="0" ci="1" mb="0" cb="0"/><line nr="57" mi="0" ci="4" mb="0" cb="0"/><line nr="58" mi="1" ci="9" mb="1" cb="1"/><line nr="62" mi="0" ci="4" mb="0" cb="0"/><line nr="63" mi="0" ci="11" mb="0" cb="0"/><counter type="INSTRUCTION" missed="4" covered="106"/><counter type="BRANCH" missed="2" covered="6"/><counter type="LINE" missed="1" covered="20"/><counter type="COMPLEXITY" missed="2" covered="7"/><counter type="METHOD" missed="0" covered="5"/><counter type="CLASS" missed="0" covered="1"/></sourcefile><counter type="INSTRUCTION" missed="4" covered="106"/><counter type="BRANCH" missed="2" covered="6"/><counter type="LINE" missed="1" covered="20"/><counter type="COMPLEXITY" missed="2" covered="7"/><counter type="METHOD" missed="0" covered="5"/><counter type="CLASS" missed="0" covered="1"/></package><package name="ec/uteq/sga/soporte/election"><class name="ec/uteq/sga/soporte/election/LeaderElectionService" sourcefilename="LeaderElectionService.java"><method name="&lt;init&gt;" desc="()V" line="46"><counter type="INSTRUCTION" missed="20" covered="0"/><counter type="LINE" missed="4" covered="0"/><counter type="COMPLEXITY" missed="1" covered="0"/><counter type="METHOD" missed="1" covered="0"/></method><method name="iniciar" desc="()V" line="75"><counter type="INSTRUCTION" missed="117" covered="0"/><counter type="BRANCH" missed="4" covered="0"/><counter type="LINE" missed="20" covered="0"/><counter type="COMPLEXITY" missed="3" covered="0"/><counter type="METHOD" missed="1" covered="0"/></method><method name="observarCambiosDeLider" desc="(Lio/etcd/jetcd/ByteSequence;)V" line="139"><counter type="INSTRUCTION" missed="9" covered="0"/><counter type="LINE" missed="2" covered="0"/><counter type="COMPLEXITY" missed="1" covered="0"/><counter type="METHOD" missed="1" covered="0"/></method><method name="isLeader" desc="()Z" line="165"><counter type="INSTRUCTION" missed="4" covered="0"/><counter type="LINE" missed="1" covered="0"/><counter type="COMPLEXITY" missed="1" covered="0"/><counter type="METHOD" missed="1" covered="0"/></method><method name="instanceId" desc="()Ljava/lang/String;" line="169"><counter type="INSTRUCTION" missed="3" covered="0"/><counter type="LINE" missed="1" covered="0"/><counter type="COMPLEXITY" missed="1" covered="0"/><counter type="METHOD" missed="1" covered="0"/></method><method name="currentLeaderId" desc="()Ljava/lang/String;" line="173"><counter type="INSTRUCTION" missed="5" covered="0"/><counter type="LINE" missed="1" covered="0"/><counter type="COMPLEXITY" missed="1" covered="0"/><counter type="METHOD" missed="1" covered="0"/></method><method name="detener" desc="()V" line="179"><counter type="INSTRUCTION" missed="58" covered="0"/><counter type="BRANCH" missed="12" covered="0"/><counter type="LINE" missed="11" covered="0"/><counter type="COMPLEXITY" missed="7" covered="0"/><counter type="METHOD" missed="1" covered="0"/></method><method name="lambda$iniciar$1" desc="(Ljava/lang/Throwable;)Ljava/lang/Void;" line="126"><counter type="INSTRUCTION" missed="9" covered="0"/><counter type="LINE" missed="2" covered="0"/><counter type="COMPLEXITY" missed="1" covered="0"/><counter type="METHOD" missed="1" covered="0"/></method><method name="lambda$iniciar$0" desc="(Lio/etcd/jetcd/election/CampaignResponse;)V" line="120"><counter type="INSTRUCTION" missed="22" covered="0"/><counter type="LINE" missed="5" covered="0"/><counter type="COMPLEXITY" missed="1" covered="0"/><counter type="METHOD" missed="1" covered="0"/></method><method name="&lt;clinit&gt;" desc="()V" line="48"><counter type="INSTRUCTION" missed="0" covered="4"/><counter type="LINE" missed="0" covered="1"/><counter type="COMPLEXITY" missed="0" covered="1"/><counter type="METHOD" missed="0" covered="1"/></method><counter type="INSTRUCTION" missed="247" covered="4"/><counter type="BRANCH" missed="16" covered="0"/><counter type="LINE" missed="47" covered="1"/><counter type="COMPLEXITY" missed="17" covered="1"/><counter type="METHOD" missed="9" covered="1"/><counter type="CLASS" missed="0" covered="1"/></class><class name="ec/uteq/sga/soporte/election/LeaderElectionService$1" sourcefilename="LeaderElectionService.java"><method name="&lt;init&gt;" desc="(Lec/uteq/sga/soporte/election/LeaderElectionService;)V" line="96"><counter type="INSTRUCTION" missed="6" covered="0"/><counter type="LINE" missed="1" covered="0"/><counter type="COMPLEXITY" missed="1" covered="0"/><counter type="METHOD" missed="1" covered="0"/></method><method name="onNext" desc="(Lio/etcd/jetcd/lease/LeaseKeepAliveResponse;)V" line="100"><counter type="INSTRUCTION" missed="1" covered="0"/><counter type="LINE" missed="1" covered="0"/><counter type="COMPLEXITY" missed="1" covered="0"/><counter type="METHOD" missed="1" covered="0"/></method><method name="onError" desc="(Ljava/lang/Throwable;)V" line="104"><counter type="INSTRUCTION" missed="9" covered="0"/><counter type="LINE" missed="2" covered="0"/><counter type="COMPLEXITY" missed="1" covered="0"/><counter type="METHOD" missed="1" covered="0"/></method><method name="onCompleted" desc="()V" line="109"><counter type="INSTRUCTION" missed="7" covered="0"/><counter type="LINE" missed="2" covered="0"/><counter type="COMPLEXITY" missed="1" covered="0"/><counter type="METHOD" missed="1" covered="0"/></method><counter type="INSTRUCTION" missed="23" covered="0"/><counter type="LINE" missed="6" covered="0"/><counter type="COMPLEXITY" missed="4" covered="0"/><counter type="METHOD" missed="4" covered="0"/><counter type="CLASS" missed="1" covered="0"/></class><class name="ec/uteq/sga/soporte/election/LeaderElectionService$2" sourcefilename="LeaderElectionService.java"><method name="&lt;init&gt;" desc="(Lec/uteq/sga/soporte/election/LeaderElectionService;)V" line="139"><counter type="INSTRUCTION" missed="6" covered="0"/><counter type="LINE" missed="1" covered="0"/><counter type="COMPLEXITY" missed="1" covered="0"/><counter type="METHOD" missed="1" covered="0"/></method><method name="onNext" desc="(Lio/etcd/jetcd/election/LeaderResponse;)V" line="142"><counter type="INSTRUCTION" missed="37" covered="0"/><counter type="BRANCH" missed="4" covered="0"/><counter type="LINE" missed="7" covered="0"/><counter type="COMPLEXITY" missed="3" covered="0"/><counter type="METHOD" missed="1" covered="0"/></method><method name="onError" desc="(Ljava/lang/Throwable;)V" line="153"><counter type="INSTRUCTION" missed="9" covered="0"/><counter type="LINE" missed="2" covered="0"/><counter type="COMPLEXITY" missed="1" covered="0"/><counter type="METHOD" missed="1" covered="0"/></method><method name="onCompleted" desc="()V" line="159"><counter type="INSTRUCTION" missed="1" covered="0"/><counter type="LINE" missed="1" covered="0"/><counter type="COMPLEXITY" missed="1" covered="0"/><counter type="METHOD" missed="1" covered="0"/></method><counter type="INSTRUCTION" missed="53" covered="0"/><counter type="BRANCH" missed="4" covered="0"/><counter type="LINE" missed="11" covered="0"/><counter type="COMPLEXITY" missed="6" covered="0"/><counter type="METHOD" missed="4" covered="0"/><counter type="CLASS" missed="1" covered="0"/></class><class name="ec/uteq/sga/soporte/election/TicketScheduledTasks" sourcefilename="TicketScheduledTasks.java"><method name="&lt;init&gt;" desc="(Lec/uteq/sga/soporte/election/LeaderElectionService;Lorg/springframework/jdbc/core/namedparam/NamedParameterJdbcTemplate;)V" line="33"><counter type="INSTRUCTION" missed="0" covered="9"/><counter type="LINE" missed="0" covered="4"/><counter type="COMPLEXITY" missed="0" covered="1"/><counter type="METHOD" missed="0" covered="1"/></method><method name="cerrarTicketsInactivos" desc="()V" line="45"><counter type="INSTRUCTION" missed="0" covered="48"/><counter type="BRANCH" missed="0" covered="4"/><counter type="LINE" missed="0" covered="8"/><counter type="COMPLEXITY" missed="0" covered="3"/><counter type="METHOD" missed="0" covered="1"/></method><method name="enviarRecordatorios" desc="()V" line="79"><counter type="INSTRUCTION" missed="0" covered="38"/><counter type="BRANCH" missed="0" covered="4"/><counter type="LINE" missed="0" covered="7"/><counter type="COMPLEXITY" missed="0" covered="3"/><counter type="METHOD" missed="0" covered="1"/></method><method name="&lt;clinit&gt;" desc="()V" line="25"><counter type="INSTRUCTION" missed="0" covered="4"/><counter type="LINE" missed="0" covered="1"/><counter type="COMPLEXITY" missed="0" covered="1"/><counter type="METHOD" missed="0" covered="1"/></method><counter type="INSTRUCTION" missed="0" covered="99"/><counter type="BRANCH" missed="0" covered="8"/><counter type="LINE" missed="0" covered="20"/><counter type="COMPLEXITY" missed="0" covered="8"/><counter type="METHOD" missed="0" covered="4"/><counter type="CLASS" missed="0" covered="1"/></class><sourcefile name="TicketScheduledTasks.java"><line nr="25" mi="0" ci="4" mb="0" cb="0"/><line nr="33" mi="0" ci="2" mb="0" cb="0"/><line nr="34" mi="0" ci="3" mb="0" cb="0"/><line nr="35" mi="0" ci="3" mb="0" cb="0"/><line nr="36" mi="0" ci="1" mb="0" cb="0"/><line nr="45" mi="0" ci="4" mb="0" cb="2"/><line nr="46" mi="0" ci="1" mb="0" cb="0"/><line nr="49" mi="0" ci="10" mb="0" cb="0"/><line nr="60" mi="0" ci="2" mb="0" cb="0"/><line nr="63" mi="0" ci="3" mb="0" cb="2"/><line nr="64" mi="0" ci="9" mb="0" cb="0"/><line nr="65" mi="0" ci="18" mb="0" cb="0"/><line nr="67" mi="0" ci="1" mb="0" cb="0"/><line nr="79" mi="0" ci="4" mb="0" cb="2"/><line nr="80" mi="0" ci="1" mb="0" cb="0"/><line nr="83" mi="0" ci="8" mb="0" cb="0"/><line nr="93" mi="0" ci="3" mb="0" cb="2"/><line nr="94" mi="0" ci="9" mb="0" cb="0"/><line nr="95" mi="0" ci="12" mb="0" cb="0"/><line nr="97" mi="0" ci="1" mb="0" cb="0"/><counter type="INSTRUCTION" missed="0" covered="99"/><counter type="BRANCH" missed="0" covered="8"/><counter type="LINE" missed="0" covered="20"/><counter type="COMPLEXITY" missed="0" covered="8"/><counter type="METHOD" missed="0" covered="4"/><counter type="CLASS" missed="0" covered="1"/></sourcefile><sourcefile name="LeaderElectionService.java"><line nr="46" mi="2" ci="0" mb="0" cb="0"/><line nr="48" mi="0" ci="4" mb="0" cb="0"/><line nr="69" mi="6" ci="0" mb="0" cb="0"/><line nr="70" mi="5" ci="0" mb="0" cb="0"/><line nr="71" mi="7" ci="0" mb="0" cb="0"/><line nr="75" mi="8" ci="0" mb="4" cb="0"/><line nr="76" mi="7" ci="0" mb="0" cb="0"/><line nr="77" mi="3" ci="0" mb="0" cb="0"/><line nr="79" mi="9" ci="0" mb="0" cb="0"/><line nr="80" mi="5" ci="0" mb="0" cb="0"/><line nr="81" mi="5" ci="0" mb="0" cb="0"/><line nr="83" mi="5" ci="0" mb="0" cb="0"/><line nr="84" mi="5" ci="0" mb="0" cb="0"/><line nr="87" mi="10" ci="0" mb="0" cb="0"/><line nr="88" mi="1" ci="0" mb="0" cb="0"/><line nr="89" mi="7" ci="0" mb="0" cb="0"/><line nr="90" mi="1" ci="0" mb="0" cb="0"/><line nr="91" mi="1" ci="0" mb="0" cb="0"/><line nr="96" mi="17" ci="0" mb="0" cb="0"/><line nr="100" mi="1" ci="0" mb="0" cb="0"/><line nr="104" mi="8" ci="0" mb="0" cb="0"/><line nr="105" mi="1" ci="0" mb="0" cb="0"/><line nr="109" mi="6" ci="0" mb="0" cb="0"/><line nr="110" mi="1" ci="0" mb="0" cb="0"/><line nr="113" mi="21" ci="0" mb="0" cb="0"/><line nr="118" mi="9" ci="0" mb="0" cb="0"/><line nr="119" mi="3" ci="0" mb="0" cb="0"/><line nr="120" mi="5" ci="0" mb="0" cb="0"/><line nr="121" mi="5" ci="0" mb="0" cb="0"/><line nr="122" mi="4" ci="0" mb="0" cb="0"/><line nr="123" mi="7" ci="0" mb="0" cb="0"/><line nr="124" mi="1" ci="0" mb="0" cb="0"/><line nr="125" mi="2" ci="0" mb="0" cb="0"/><line nr="126" mi="7" ci="0" mb="0" cb="0"/><line nr="127" mi="2" ci="0" mb="0" cb="0"/><line nr="130" mi="3" ci="0" mb="0" cb="0"/><line nr="131" mi="1" ci="0" mb="0" cb="0"/><line nr="139" mi="14" ci="0" mb="0" cb="0"/><line nr="142" mi="6" ci="0" mb="0" cb="0"/><line nr="143" mi="5" ci="0" mb="0" cb="0"/><line nr="144" mi="6" ci="0" mb="0" cb="0"/><line nr="145" mi="7" ci="0" mb="4" cb="0"/><line nr="146" mi="7" ci="0" mb="0" cb="0"/><line nr="148" mi="5" ci="0" mb="0" cb="0"/><line nr="149" mi="1" ci="0" mb="0" cb="0"/><line nr="153" mi="8" ci="0" mb="0" cb="0"/><line nr="154" mi="1" ci="0" mb="0" cb="0"/><line nr="159" mi="1" ci="0" mb="0" cb="0"/><line nr="161" mi="1" ci="0" mb="0" cb="0"/><line nr="165" mi="4" ci="0" mb="0" cb="0"/><line nr="169" mi="3" ci="0" mb="0" cb="0"/><line nr="173" mi="5" ci="0" mb="0" cb="0"/><line nr="179" mi="5" ci="0" mb="0" cb="0"/><line nr="180" mi="5" ci="0" mb="4" cb="0"/><line nr="181" mi="6" ci="0" mb="0" cb="0"/><line nr="183" mi="6" ci="0" mb="2" cb="0"/><line nr="184" mi="15" ci="0" mb="4" cb="0"/><line nr="185" mi="6" ci="0" mb="2" cb="0"/><line nr="186" mi="7" ci="0" mb="0" cb="0"/><line nr="187" mi="1" ci="0" mb="0" cb="0"/><line nr="188" mi="5" ci="0" mb="0" cb="0"/><line nr="189" mi="1" ci="0" mb="0" cb="0"/><line nr="190" mi="1" ci="0" mb="0" cb="0"/><counter type="INSTRUCTION" missed="323" covered="4"/><counter type="BRANCH" missed="20" covered="0"/><counter type="LINE" missed="62" covered="1"/><counter type="COMPLEXITY" missed="27" covered="1"/><counter type="METHOD" missed="17" covered="1"/><counter type="CLASS" missed="2" covered="1"/></sourcefile><counter type="INSTRUCTION" missed="323" covered="103"/><counter type="BRANCH" missed="20" covered="8"/><counter type="LINE" missed="62" covered="21"/><counter type="COMPLEXITY" missed="27" covered="9"/><counter type="METHOD" missed="17" covered="5"/><counter type="CLASS" missed="2" covered="2"/></package><package name="ec/uteq/sga/soporte"><class name="ec/uteq/sga/soporte/SgaSoporteApplication" sourcefilename="SgaSoporteApplication.java"><method name="&lt;init&gt;" desc="()V" line="9"><counter type="INSTRUCTION" missed="3" covered="0"/><counter type="LINE" missed="1" covered="0"/><counter type="COMPLEXITY" missed="1" covered="0"/><counter type="METHOD" missed="1" covered="0"/></method><method name="main" desc="([Ljava/lang/String;)V" line="12"><counter type="INSTRUCTION" missed="5" covered="0"/><counter type="LINE" missed="2" covered="0"/><counter type="COMPLEXITY" missed="1" covered="0"/><counter type="METHOD" missed="1" covered="0"/></method><counter type="INSTRUCTION" missed="8" covered="0"/><counter type="LINE" missed="3" covered="0"/><counter type="COMPLEXITY" missed="2" covered="0"/><counter type="METHOD" missed="2" covered="0"/><counter type="CLASS" missed="1" covered="0"/></class><sourcefile name="SgaSoporteApplication.java"><line nr="9" mi="3" ci="0" mb="0" cb="0"/><line nr="12" mi="4" ci="0" mb="0" cb="0"/><line nr="13" mi="1" ci="0" mb="0" cb="0"/><counter type="INSTRUCTION" missed="8" covered="0"/><counter type="LINE" missed="3" covered="0"/><counter type="COMPLEXITY" missed="2" covered="0"/><counter type="METHOD" missed="2" covered="0"/><counter type="CLASS" missed="1" covered="0"/></sourcefile><c
[...]
V" line="24"><counter type="INSTRUCTION" missed="4" covered="0"/><counter type="LINE" missed="1" covered="0"/><counter type="COMPLEXITY" missed="1" covered="0"/><counter type="METHOD" missed="1" covered="0"/></method><counter type="INSTRUCTION" missed="43" covered="0"/><counter type="BRANCH" missed="4" covered="0"/><counter type="LINE" missed="9" covered="0"/><counter type="COMPLEXITY" missed="5" covered="0"/><counter type="METHOD" missed="3" covered="0"/><counter type="CLASS" missed="1" covered="0"/></class><class name="ec/uteq/sga/soporte/infrastructure/grpc/TecnicoGrpcClient" sourcefilename="TecnicoGrpcClient.java"><method name="&lt;init&gt;" desc="(Lio/grpc/ManagedChannel;Ljava/lang/String;)V" line="50"><counter type="INSTRUCTION" missed="26" covered="0"/><counter type="LINE" missed="6" covered="0"/><counter type="COMPLEXITY" missed="1" covered="0"/><counter type="METHOD" missed="1" covered="0"/></method><method name="listarTecnicos" desc="()Ljava/util/List;" line="60"><counter type="INSTRUCTION" missed="4" covered="0"/><counter type="LINE" missed="1" covered="0"/><counter type="COMPLEXITY" missed="1" covered="0"/><counter type="METHOD" missed="1" covered="0"/></method><method name="listarPorRol" desc="(Ljava/lang/String;)Ljava/util/List;" line="64"><counter type="INSTRUCTION" missed="79" covered="0"/><counter type="BRANCH" missed="8" covered="0"/><counter type="LINE" missed="19" covered="0"/><counter type="COMPLEXITY" missed="5" covered="0"/><counter type="METHOD" missed="1" covered="0"/></method><method name="esperarBackoff" desc="(I)V" line="98"><counter type="INSTRUCTION" missed="15" covered="0"/><counter type="LINE" missed="6" covered="0"/><counter type="COMPLEXITY" missed="1" covered="0"/><counter type="METHOD" missed="1" covered="0"/></method><method name="aMapa" desc="(Lec/uteq/sga/soporte/grpc/principal/Usuario;)Ljava/util/Map;" line="107"><counter type="INSTRUCTION" missed="67" covered="0"/><counter type="BRANCH" missed="2" covered="0"/><counter type="LINE" missed="11" covered="0"/><counter type="COMPLEXITY" missed="2" covered="0"/><counter type="METHOD" missed="1" covered="0"/></method><method name="&lt;clinit&gt;" desc="()V" line="39"><counter type="INSTRUCTION" missed="0" covered="4"/><counter type="LINE" missed="0" covered="1"/><counter type="COMPLEXITY" missed="0" covered="1"/><counter type="METHOD" missed="0" covered="1"/></method><counter type="INSTRUCTION" missed="191" covered="4"/><counter type="BRANCH" missed="10" covered="0"/><counter type="LINE" missed="43" covered="1"/><counter type="COMPLEXITY" missed="10" covered="1"/><counter type="METHOD" missed="5" covered="1"/><counter type="CLASS" missed="0" covered="1"/></class><class name="ec/uteq/sga/soporte/infrastructure/grpc/IncidenciaGrpcServer" sourcefilename="IncidenciaGrpcServer.java"><method name="&lt;init&gt;" desc="(Lec/uteq/sga/soporte/application/TicketService;)V" line="31"><counter type="INSTRUCTION" missed="6" covered="0"/><counter type="LINE" missed="3" covered="0"/><counter type="COMPLEXITY" missed="1" covered="0"/><counter type="METHOD" missed="1" covered="0"/></method><method name="reportarIncidencia" desc="(Lec/uteq/sga/soporte/grpc/incidencias/ReportarIncidenciaRequest;Lio/grpc/stub/StreamObserver;)V" line="37"><counter type="INSTRUCTION" missed="46" covered="0"/><counter type="LINE" missed="15" covered="0"/><counter type="COMPLEXITY" missed="1" covered="0"/><counter type="METHOD" missed="1" covered="0"/></method><method name="&lt;clinit&gt;" desc="()V" line="27"><counter type="INSTRUCTION" missed="4" covered="0"/><counter type="LINE" missed="1" covered="0"/><counter type="COMPLEXITY" missed="1" covered="0"/><counter type="METHOD" missed="1" covered="0"/></method><counter type="INSTRUCTION" missed="56" covered="0"/><counter type="LINE" missed="19" covered="0"/><counter type="COMPLEXITY" missed="3" covered="0"/><counter type="METHOD" missed="3" covered="0"/><counter type="CLASS" missed="1" covered="0"/></class><sourcefile name="InternalAuthInterceptor.java"><line nr="22" mi="3" ci="0" mb="0" cb="0"/><line nr="24" mi="4" ci="0" mb="0" cb="0"/><line nr="37" mi="7" ci="0" mb="0" cb="0"/><line nr="39" mi="7" ci="0" mb="4" cb="0"/><line nr="40" mi="4" ci="0" mb="0" cb="0"/><line nr="41" mi="2" ci="0" mb="0" cb="0"/><line nr="42" mi="6" ci="0" mb="0" cb="0"/><line nr="43" mi="11" ci="0" mb="0" cb="0"/><line nr="46" mi="5" ci="0" mb="0" cb="0"/><counter type="INSTRUCTION" missed="49" covered="0"/><counter type="BRANCH" missed="4" covered="0"/><counter type="LINE" missed="9" covered="0"/><counter type="COMPLEXITY" missed="6" covered="0"/><counter type="METHOD" missed="4" covered="0"/><counter type="CLASS" missed="2" covered="0"/></sourcefile><sourcefile name="IncidenciaGrpcServer.java"><line nr="27" mi="4" ci="0" mb="0" cb="0"/><line nr="31" mi="2" ci="0" mb="0" cb="0"/><line nr="32" mi="3" ci="0" mb="0" cb="0"/><line nr="33" mi="1" ci="0" mb="0" cb="0"/><line nr="37" mi="7" ci="0" mb="0" cb="0"/><line nr="39" mi="5" ci="0" mb="0" cb="0"/><line nr="40" mi="2" ci="0" mb="0" cb="0"/><line nr="41" mi="2" ci="0" mb="0" cb="0"/><line nr="42" mi="2" ci="0" mb="0" cb="0"/><line nr="43" mi="2" ci="0" mb="0" cb="0"/><line nr="44" mi="1" ci="0" mb="0" cb="0"/><line nr="47" mi="3" ci="0" mb="0" cb="0"/><line nr="48" mi="6" ci="0" mb="0" cb="0"/><line nr="49" mi="5" ci="0" mb="0" cb="0"/><line nr="50" mi="3" ci="0" mb="0" cb="0"/><line nr="51" mi="2" ci="0" mb="0" cb="0"/><line nr="53" mi="3" ci="0" mb="0" cb="0"/><line nr="54" mi="2" ci="0" mb="0" cb="0"/><line nr="55" mi="1" ci="0" mb="0" cb="0"/><counter type="INSTRUCTION" missed="56" covered="0"/><counter type="LINE" missed="19" covered="0"/><counter type="COMPLEXITY" missed="3" covered="0"/><counter type="METHOD" missed="3" covered="0"/><counter type="CLASS" missed="1" covered="0"/></sourcefile><sourcefile name="GrpcChannelConfig.java"><line nr="16" mi="3" ci="0" mb="0" cb="0"/><line nr="28" mi="6" ci="0" mb="0" cb="0"/><line nr="29" mi="1" ci="0" mb="0" cb="0"/><line nr="30" mi="2" ci="0" mb="0" cb="0"/><line nr="31" mi="3" ci="0" mb="0" cb="0"/><line nr="36" mi="3" ci="0" mb="2" cb="0"/><line nr="37" mi="4" ci="0" mb="0" cb="0"/><line nr="39" mi="1" ci="0" mb="0" cb="0"/><counter type="INSTRUCTION" missed="23" covered="0"/><counter type="BRANCH" missed="2" covered="0"/><counter type="LINE" missed="8" covered="0"/><counter type="COMPLEXITY" missed="4" covered="0"/><counter type="METHOD" missed="3" covered="0"/><counter type="CLASS" missed="1" covered="0"/></sourcefile><sourcefile name="TecnicoGrpcClient.java"><line nr="39" mi="0" ci="4" mb="0" cb="0"/><line nr="50" mi="2" ci="0" mb="0" cb="0"/><line nr="51" mi="4" ci="0" mb="0" cb="0"/><line nr="52" mi="6" ci="0" mb="0" cb="0"/><line nr="54" mi="8" ci="0" mb="0" cb="0"/><line nr="55" mi="5" ci="0" mb="0" cb="0"/><line nr="56" mi="1" ci="0" mb="0" cb="0"/><line nr="60" mi="4" ci="0" mb="0" cb="0"/><line nr="64" mi="1" ci="0" mb="0" cb="0"/><line nr="65" mi="6" ci="0" mb="2" cb="0"/><line nr="66" mi="2" ci="0" mb="0" cb="0"/><line nr="68" mi="7" ci="0" mb="2" cb="0"/><line nr="70" mi="4" ci="0" mb="0" cb="0"/><line nr="71" mi="3" ci="0" mb="0" cb="0"/><line nr="72" mi="2" ci="0" mb="0" cb="0"/><line nr="74" mi="6" ci="0" mb="0" cb="0"/><line nr="75" mi="1" ci="0" mb="0" cb="0"/><line nr="76" mi="1" ci="0" mb="0" cb="0"/><line nr="78" mi="1" ci="0" mb="0" cb="0"/><line nr="79" mi="7" ci="0" mb="2" cb="0"/><line nr="80" mi="14" ci="0" mb="0" cb="0"/><line nr="81" mi="12" ci="0" mb="0" cb="0"/><line nr="83" mi="2" ci="0" mb="2" cb="0"/><line nr="84" mi="3" ci="0" mb="0" cb="0"/><line nr="85" mi="2" ci="0" mb="0" cb="0"/><line nr="88" mi="3" ci="0" mb="0" cb="0"/><line nr="94" mi="2" ci="0" mb="0" cb="0"/><line nr="98" mi="8" ci="0" mb="0" cb="0"/><line nr="100" mi="2" ci="0" mb="0" cb="0"/><line nr="101" mi="1" ci="0" mb="0" cb="0"/><line nr="102" mi="2" ci="0" mb="0" cb="0"/><line nr="103" mi="1" ci="0" mb="0" cb="0"/><line nr="104" mi="1" ci="0" mb="0" cb="0"/><line nr="107" mi="4" ci="0" mb="0" cb="0"/><line nr="108" mi="7" ci="0" mb="0" cb="0"/><line nr="109" mi="6" ci="0" mb="0" cb="0"/><line nr="110" mi="6" ci="0" mb="0" cb="0"/><line nr="111" mi="6" ci="0" mb="0" cb="0"/><line nr="112" mi="6" ci="0" mb="0" cb="0"/><line nr="113" mi="7" ci="0" mb="0" cb="0"/><line nr="114" mi="6" ci="0" mb="0" cb="0"/><line nr="115" mi="7" ci="0" mb="0" cb="0"/><line nr="116" mi="10" ci="0" mb="2" cb="0"/><line nr="117" mi="2" ci="0" mb="0" cb="0"/><counter type="INSTRUCTION" missed="191" covered="4"/><counter type="BRANCH" missed="10" covered="0"/><counter type="LINE" missed="43" covered="1"/><counter type="COMPLEXITY" missed="10" covered="1"/><counter type="METHOD" missed="5" covered="1"/><counter type="CLASS" missed="0" covered="1"/></sourcefile><counter type="INSTRUCTION" missed="319" covered="4"/><counter type="BRANCH" missed="16" covered="0"/><counter type="LINE" missed="79" covered="1"/><counter type="COMPLEXITY" missed="23" covered="1"/><counter type="METHOD" missed="15" covered="1"/><counter type="CLASS" missed="4" covered="1"/></package><package name="ec/uteq/sga/soporte/application"><class name="ec/uteq/sga/soporte/application/TicketService" sourcefilename="TicketService.java"><method name="&lt;init&gt;" desc="(Lec/uteq/sga/soporte/domain/port/TicketRepositoryPort;)V" line="33"><counter type="INSTRUCTION" missed="0" covered="6"/><counter type="LINE" missed="0" covered="3"/><counter type="COMPLEXITY" missed="0" covered="1"/><counter type="METHOD" missed="0" covered="1"/></method><method name="listar" desc="(Lec/uteq/sga/soporte/security/AuthenticatedUser;)Ljava/util/List;" line="38"><counter type="INSTRUCTION" missed="0" covered="7"/><counter type="LINE" missed="0" covered="2"/><counter type="COMPLEXITY" missed="0" covered="1"/><counter type="METHOD" missed="0" covered="1"/></method><method name="misTickets" desc="(Ljava/lang/String;)Ljava/util/List;" line="43"><counter type="INSTRUCTION" missed="0" covered="5"/><counter type="LINE" missed="0" covered="1"/><counter type="COMPLEXITY" missed="0" covered="1"/><counter type="METHOD" missed="0" covered="1"/></method><method name="estadisticas" desc="(Lec/uteq/sga/soporte/security/AuthenticatedUser;)Ljava/util/Map;" line="47"><counter type="INSTRUCTION" missed="0" covered="7"/><counter type="LINE" missed="0" covered="2"/><counter type="COMPLEXITY" missed="0" covered="1"/><counter type="METHOD" missed="0" covered="1"/></method><method name="reportes" desc="(Lec/uteq/sga/soporte/security/AuthenticatedUser;)Ljava/util/Map;" line="53"><counter type="INSTRUCTION" missed="0" covered="17"/><counter type="LINE" missed="0" covered="5"/><counter type="COMPLEXITY" missed="0" covered="1"/><counter type="METHOD" missed="0" covered="1"/></method><method name="exigirTecnicoODirector" desc="(Lec/uteq/sga/soporte/security/AuthenticatedUser;)V" line="63"><counter type="INSTRUCTION" missed="0" covered="9"/><counter type="BRANCH" missed="1" covered="3"/><counter type="LINE" missed="0" covered="3"/><counter type="COMPLEXITY" missed="1" covered="2"/><counter type="METHOD" missed="0" covered="1"/></method><method name="obtener" desc="(J)Ljava/util/Map;" line="69"><counter type="INSTRUCTION" missed="0" covered="8"/><counter type="LINE" missed="0" covered="2"/><counter type="COMPLEXITY" missed="0" covered="1"/><counter type="METHOD" missed="0" covered="1"/></method><method name="obtener" desc="(JLec/uteq/sga/soporte/security/AuthenticatedUser;)Ljava/util/Map;" line="74"><counter type="INSTRUCTION" missed="0" covered="28"/><counter type="BRANCH" missed="3" covered="7"/><counter type="LINE" missed="0" covered="6"/><counter type="COMPLEXITY" missed="3" covered="3"/><counter type="METHOD" missed="0" covered="1"/></method><method name="crear" desc="(Lec/uteq/sga/soporte/dto/TicketRequest;Ljava/lang/String;)Ljava/util/Map;" line="86"><counter type="INSTRUCTION" missed="0" covered="41"/><counter type="BRANCH" missed="0" covered="4"/><counter type="LINE" missed="0" covered="9"/><counter type="COMPLEXITY" missed="0" covered="3"/><counter type="METHOD" missed="0" covered="1"/></method><method name="crearDesdeIncidencia" desc="(Ljava/lang/String;Ljava/lang/String;Ljava/lang/String;Ljava/lang/String;Ljava/lang/String;)Ljava/util/Map;" line="112"><counter type="INSTRUCTION" missed="6" covered="47"/><counter type="BRANCH" missed="6" covered="6"/><counter type="LINE" missed="0" covered="8"/><counter type="COMPLEXITY" missed="6" covered="1"/><counter type="METHOD" missed="0" covered="1"/></method><method name="actualizar" desc="(JLec/uteq/sga/soporte/dto/ActualizarTicketRequest;Lec/uteq/sga/soporte/security/AuthenticatedUser;)Ljava/util/Map;" line="126"><counter type="INSTRUCTION" missed="0" covered="73"/><counter type="BRANCH" missed="3" covered="5"/><counter type="LINE" missed="0" covered="14"/><counter type="COMPLEXITY" missed="3" covered="2"/><counter type="METHOD" missed="0" covered="1"/></method><method name="escalar" desc="(JLec/uteq/sga/soporte/dto/EscalarTicketRequest;Lec/uteq/sga/soporte/security/AuthenticatedUser;)Ljava/util/Map;" line="156"><counter type="INSTRUCTION" missed="3" covered="118"/><counter type="BRANCH" missed="8" covered="18"/><counter type="LINE" missed="1" covered="22"/><counter type="COMPLEXITY" missed="8" covered="6"/><counter type="METHOD" missed="0" covered="1"/></method><method name="listarHistorial" desc="(JLec/uteq/sga/soporte/security/AuthenticatedUser;)Ljava/util/List;" line="194"><counter type="INSTRUCTION" missed="0" covered="10"/><counter type="LINE" missed="0" covered="2"/><counter type="COMPLEXITY" missed="0" covered="1"/><counter type="METHOD" missed="0" covered="1"/></method><method name="listarComentarios" desc="(J)Ljava/util/List;" line="199"><counter type="INSTRUCTION" missed="0" covered="9"/><counter type="LINE" missed="0" covered="2"/><counter type="COMPLEXITY" missed="0" covered="1"/><counter type="METHOD" missed="0" covered="1"/></method><method name="comentar" desc="(JLec/uteq/sga/soporte/dto/ComentarioRequest;Lec/uteq/sga/soporte/security/AuthenticatedUser;)Ljava/util/Map;" line="205"><counter type="INSTRUCTION" missed="0" covered="28"/><counter type="BRANCH" missed="2" covered="4"/><counter type="LINE" missed="0" covered="3"/><counter type="COMPLEXITY" missed="2" covered="2"/><counter type="METHOD" missed="0" covered="1"/></method><method name="lambda$obtener$0" desc="()Lec/uteq/sga/soporte/common/ApiException;" line="70"><counter type="INSTRUCTION" missed="0" covered="3"/><counter type="LINE" missed="0" covered="1"/><counter type="COMPLEXITY" missed="0" covered="1"/><counter type="METHOD" missed="0" covered="1"/></method><method name="&lt;clinit&gt;" desc="()V" line="27"><counter type="INSTRUCTION" missed="0" covered="20"/><counter type="LINE" missed="0" covered="3"/><counter type="COMPLEXITY" missed="0" covered="1"/><counter type="METHOD" missed="0" covered="1"/></method><counter type="INSTRUCTION" missed="9" covered="436"/><counter type="BRANCH" missed="23" covered="47"/><counter type="LINE" missed="1" covered="87"/><counter type="COMPLEXITY" missed="23" covered="29"/><counter type="METHOD" missed="0" covered="17"/><counter type="CLASS" missed="0" covered="1"/></class><sourcefile name="TicketService.java"><line nr="27" mi="0" ci="6" mb="0" cb="0"/><line nr="28" mi="0" ci="6" mb="0" cb="0"/><line nr="29" mi="0" ci="8" mb="0" cb="0"/><line nr="33" mi="0" ci="2" mb="0" cb="0"/><line nr="34" mi="0" ci="3" mb="0" cb="0"/><line nr="35" mi="0" ci="1" mb="0" cb="0"/><line nr="38" mi="0" ci="3" mb="0" cb="0"/><line nr="39" mi="0" ci="4" mb="0" cb="0"/><line nr="43" mi="0" ci="5" mb="0" cb="0"/><line nr="47" mi="0" ci="3" mb="0" cb="0"/><line nr="48" mi="0" ci="4" mb="0" cb="0"/><line nr="53" mi="0" ci="3" mb="0" cb="0"/><line nr="54" mi="0" ci="5" mb="0" cb="0"/><line nr="55" mi="0" ci="4" mb="0" cb="0"/><line nr="56" mi="0" ci="4" mb="0" cb="0"/><line nr="57" mi="0" ci="1" mb="0" cb="0"/><line nr="63" mi="0" ci="5" mb="1" cb="3"/><line nr="64" mi="0" ci="3" mb="0" cb="0"/><line nr="66" mi="0" ci="1" mb="0" cb="0"/><line nr="69" mi="0" ci="6" mb="0" cb="0"/><line nr="70" mi="0" ci="5" mb="0" cb="0"/><line nr="74" mi="0" ci="4" mb="0" cb="0"/><line nr="75" mi="0" ci="5" mb="1" cb="3"/><line nr="76" mi="0" ci="5" mb="0" cb="0"/><line nr="77" mi="0" ci="9" mb="2" cb="4"/><line nr="78" mi="0" ci="3" mb="0" cb="0"/><line nr="81" mi="0" ci="2" mb="0" cb="0"/><line nr="86" mi="0" ci="4" mb="0" cb="0"/><line nr="87" mi="0" ci="4" mb="0" cb="2"/><line nr="88" mi="0" ci="3" mb="0" cb="0"/><line nr="90" mi="0" ci="4" mb="0" cb="0"/><line nr="91" mi="0" ci="4" mb="0" cb="2"/><line nr="92" mi="0" ci="3" mb="0" cb="0"/><line nr="95" mi="0" ci="3" mb="0" cb="0"/><line nr="96" mi="0" ci="12" mb="0" cb="0"/><line nr="97" mi="0" ci="4" mb="0" cb="0"/><line nr="112" mi="2" ci="5" mb="1" cb="1"/><line nr="113" mi="0" ci="6" mb="1" cb="1"/><line nr="115" mi="2" ci="5" mb="1" cb="1"/><line nr="116" mi="0" ci="6" mb="1" cb="1"/><line nr="118" mi="2" ci="8" mb="2" cb="2"/><line nr="119" mi="0" ci="3" mb="0" cb="0"/><line nr="120" mi="0" ci="10" mb="0" cb="0"/><line nr="121" mi="0" ci="4" mb="0" cb="0"/><line nr="126" mi="0" ci="3" mb="0" cb="0"/><line nr="127" mi="0" ci="3" mb="0" cb="0"/><line nr="128" mi="0" ci="4" mb="0" cb="0"/><line nr="129" mi="0" ci="4" mb="0" cb="2"/><line nr="130" mi="0" ci="3" mb="0" cb="0"/><line nr="133" mi="0" ci="4" mb="0" cb="0"/><line nr="134" mi="0" ci="5" mb="0" cb="0"/><line nr="135" mi="0" ci="5" mb="0" cb="0"/><line nr="137" mi="0" ci="9" mb="0" cb="0"/><line nr="139" mi="0" ci="4" mb="1" cb="1"/><line nr="140" mi="0" ci="8" mb="0" cb="0"/><line nr="142" mi="0" ci="8" mb="2" cb="2"/><line nr="143" mi="0" ci="9" mb="0" cb="0"/><line nr="146" mi="0" ci="4" mb="0" cb="0"/><line nr="156" mi="0" ci="3" mb="0" cb="0"/><line nr="157" mi="0" ci="3" mb="0" cb="0"/><line nr="158" mi="0" ci="4" mb="0" cb="0"/><line nr="159" mi="0" ci="5" mb="0" cb="0"/><line nr="160" mi="0" ci="4" mb="0" cb="2"/><line nr="161" mi="0" ci="3" mb="0" cb="0"/><line nr="164" mi="0" ci="7" mb="1" cb="3"/><line nr="165" mi="0" ci="6" mb="0" cb="0"/><line nr="166" mi="0" ci="6" mb="1" cb="3"/><line nr="167" mi="3" ci="0" mb="0" cb="0"/><line nr="169" mi="0" ci="7" mb="1" cb="3"/><line nr="170" mi="0" ci="5" mb="0" cb="0"/><line nr="172" mi="0" ci="4" mb="1" cb="3"/><line nr="173" mi="0" ci="3" mb="0" cb="0"/><line nr="176" mi="0" ci="5" mb="0" cb="0"/><line nr="177" mi="0" ci="5" mb="0" cb="0"/><line nr="179" mi="0" ci="6" mb="0" cb="0"/><line nr="181" mi="0" ci="6" mb="2" cb="2"/><line nr="182" mi="0" ci="8" mb="0" cb="0"/><line nr="184" mi="0" ci="6" mb="2" cb="2"/><line nr="185" mi="0" ci="8" mb="0" cb="0"/><line nr="188" mi="0" ci="10" mb="0" cb="0"/><line nr="190" mi="0" ci="4" mb="0" cb="0"/><line nr="194" mi="0" ci="5" mb="0" cb="0"/><line nr="195" mi="0" ci="5" mb="0" cb="0"/><line nr="199" mi="0" ci="4" mb="0" cb="0"/><line nr="200" mi="0" ci="5" mb="0" cb="0"/><line nr="205" mi="0" ci="4" mb="0" cb="0"/><line nr="206" mi="0" ci="14" mb="2" cb="4"/><line nr="207" mi="0" ci="10" mb="0" cb="0"/><counter type="INSTRUCTION" missed="9" covered="436"/><counter type="BRANCH" missed="23" covered="47"/><counter type="LINE" missed="1" covered="87"/><counter type="COMPLEXITY" missed="23" covered="29"/><counter type="METHOD" missed="0" covered="17"/><counter type="CLASS" missed="0" covered="1"/></sourcefile><counter type="INSTRUCTION" missed="9" covered="436"/><counter type="BRANCH" missed="23" covered="47"/><counter type="LINE" missed="1" covered="87"/><counter type="COMPLEXITY" missed="23" covered="29"/><counter type="METHOD" missed="0" covered="17"/><counter type="CLASS" missed="0" covered="1"/></package><counter type="INSTRUCTION" missed="858" covered="2325"/><counter type="BRANCH" missed="81" covered="122"/><counter type="LINE" missed="182" covered="458"/><counter type="COMPLEXITY" missed="99" covered="224"/><counter type="METHOD" missed="43" covered="176"/><counter type="CLASS" missed="8" covered="35"/></report>