<?xml version="1.0" encoding="UTF-8" standalone="yes"?><!DOCTYPE report PUBLIC "-//JACOCO//DTD Report 1.1//EN" "report.dtd"><report name="sga-principal"><sessioninfo id="leonardo-Vivobook-Go-E1504FA-E1504FA-81333253" start="1788288615057" dump="1788288636497"/><sessioninfo id="unknownhost-145cdf92" start="1788492393285" dump="1788492397098"/><sessioninfo id="unknownhost-f077a509" start="1788841205003" dump="1788841242407"/><sessioninfo id="unknownhost-89b8f93f" start="1788841669759" dump="1788841711068"/><sessioninfo id="unknownhost-f75ba86d" start="1788841751567" dump="1788841788077"/><package name="ec/edu/uteq/sga/domain/dto/notificacion"><class name="ec/edu/uteq/sga/domain/dto/notificacion/NotificacionResponseDTO" sourcefilename="NotificacionResponseDTO.java"/><class name="ec/edu/uteq/sga/domain/dto/notificacion/NotificacionMasivoRequestDTO$NotificacionMasivoRequestDTOBuilder" sourcefilename="NotificacionMasivoRequestDTO.java"/><class name="ec/edu/uteq/sga/domain/dto/notificacion/NotificacionResponseDTO$NotificacionResponseDTOBuilder" sourcefilename="NotificacionResponseDTO.java"/><class name="ec/edu/uteq/sga/domain/dto/notificacion/NotificacionMiasResponseDTO" sourcefilename="NotificacionMiasResponseDTO.java"/><class name="ec/edu/uteq/sga/domain/dto/notificacion/NotificacionMasivoRequestDTO" sourcefilename="NotificacionMasivoRequestDTO.java"/><class name="ec/edu/uteq/sga/domain/dto/notificacion/NotificacionMiasResponseDTO$NotificacionMiasResponseDTOBuilder" sourcefilename="NotificacionMiasResponseDTO.java"/><sourcefile name="NotificacionMasivoRequestDTO.java"/><sourcefile name="NotificacionResponseDTO.java"/><sourcefile name="NotificacionMiasResponseDTO.java"/></package><package name="ec/edu/uteq/sga/domain/dto/auditoria"><class name="ec/edu/uteq/sga/domain/dto/auditoria/AuditoriaResponseDTO" sourcefilename="AuditoriaResponseDTO.java"/><class name="ec/edu/uteq/sga/domain/dto/auditoria/AuditoriaResponseDTO$AuditoriaResponseDTOBuilder" sourcefilename="AuditoriaResponseDTO.java"/><sourcefile name="AuditoriaResponseDTO.java"/></package><package name="ec/edu/uteq/sga/domain/dto/estudiante"><class name="ec/edu/uteq/sga/domain/dto/estudiante/EstudianteRequestDTO" sourcefilename="EstudianteRequestDTO.java"/><class name="ec/edu/uteq/sga/domain/dto/estudiante/EstudianteRequestDTO$EstudianteRequestDTOBuilder" sourcefilename="EstudianteRequestDTO.java"/><class name="ec/edu/uteq/sga/domain/dto/estudiante/EstudianteResponseDTO$EstudianteResponseDTOBuilder" sourcefilename="EstudianteResponseDTO.java"/><class name="ec/edu/uteq/sga/domain/dto/estudiante/EstudianteResponseDTO" sourcefilename="EstudianteResponseDTO.java"/><sourcefile name="EstudianteResponseDTO.java"/><sourcefile name="EstudianteRequestDTO.java"/></package><package name="ec/edu/uteq/sga"><class name="ec/edu/uteq/sga/SgaPrincipalApplication" sourcefilename="SgaPrincipalApplication.java"><method name="&lt;init&gt;" desc="()V" line="15"><counter type="INSTRUCTION" missed="0" covered="3"/><counter type="LINE" missed="0" covered="1"/><counter type="COMPLEXITY" missed="0" covered="1"/><counter type="METHOD" missed="0" covered="1"/></method><method name="main" desc="([Ljava/lang/String;)V" line="18"><counter type="INSTRUCTION" missed="5" covered="0"/><counter type="LINE" missed="2" covered="0"/><counter type="COMPLEXITY" missed="1" covered="0"/><counter type="METHOD" missed="1" covered="0"/></method><counter type="INSTRUCTION" missed="5" covered="3"/><counter type="LINE" missed="2" covered="1"/><counter type="COMPLEXITY" missed="1" covered="1"/><counter type="METHOD" missed="1" covered="1"/><counter type="CLASS" missed="0" covered="1"/></class><sourcefile name="SgaPrincipalApplication.java"><line nr="15" mi="0" ci="3" mb="0" cb="0"/><line nr="18" mi="4" ci="0" mb="0" cb="0"/><line nr="19" mi="1" ci="0" mb="0" cb="0"/><counter type="INSTRUCTION" missed="5" covered="3"/><counter type="LINE" missed="2" covered="1"/><counter type="COMPLEXITY" missed="1" covered="1"/><counter type="METHOD" missed="1" covered="1"/><counter type="CLASS" missed="0" covered="1"/></sourcefile><counter type="INSTRUCTION" missed="5" covered="3"/><counter type="LINE" missed="2" covered="1"/><counter type="COMPLEXITY" missed="1" covered="1"/><counter type="METHOD" missed="1" covered="1"/><counter type="CLASS" missed="0" covered="1"/></package><package name="ec/edu/uteq/sga/domain/dto/configuracion"><class name="ec/edu/uteq/sga/domain/dto/configuracion/EsquemaCalificacionDTO$EsquemaCalificacionDTOBuilder" sourcefilename="EsquemaCalificacionDTO.java"/><class name="ec/edu/uteq/sga/domain/dto/configuracion/TipoAporteDTO$TipoAporteDTOBuilder" sourcefilename="TipoAporteDTO.java"/><class name="ec/edu/uteq/sga/domain/dto/configuracion/TipoAporteDTO" sourcefilename="TipoAporteDTO.java"/><class name="ec/edu/uteq/sga/domain/dto/configuracion/EsquemaCalificacionDTO" sourcefilename="EsquemaCalificacionDTO.java"/><class name="ec/edu/uteq/sga/domain/dto/configuracion/PeriodoEvaluacionDTO$PeriodoEvaluacionDTOBuilder" sourcefilename="PeriodoEvaluacionDTO.java"/><class name="ec/edu/uteq/sga/domain/dto/configuracion/EscalaCalificacionDTO$EscalaCalificacionDTOBuilder" sourcefilename="EscalaCalificacionDTO.java"/><class name="ec/edu/uteq/sga/domain/dto/configuracion/EscalaCalificacionDTO" sourcefilename="EscalaCalificacionDTO.java"/><class name="ec/edu/uteq/sga/domain/dto/configuracion/PeriodoEvaluacionDTO" sourcefilename="PeriodoEvaluacionDTO.java"/><sourcefile name="EscalaCalificacionDTO.java"/><sourcefile name="EsquemaCalificacionDTO.java"/><sourcefile name="TipoAporteDTO.java"/><sourcefile name="PeriodoEvaluacionDTO.java"/></package><package name="ec/edu/uteq/sga/domain/dto/asignacion"><class name="ec/edu/uteq/sga/domain/dto/asignacion/AsignacionRequestDTO$AsignacionRequestDTOBuilder" sourcefilename="AsignacionRequestDTO.java"/><class name="ec/edu/uteq/sga/domain/dto/asignacion/AsignacionRequestDTO" sourcefilename="AsignacionRequestDTO.java"/><class name="ec/edu/uteq/sga/domain/dto/asignacion/AsignacionResponseDTO$AsignacionResponseDTOBuilder" sourcefilename="AsignacionResponseDTO.java"/><class name="ec/edu/uteq/sga/domain/dto/asignacion/AsignacionResponseDTO" sourcefilename="AsignacionResponseDTO.java"/><sourcefile name="AsignacionRequestDTO.java"/><sourcefile name="AsignacionResponseDTO.java"/></package><package name="ec/edu/uteq/sga/application/report"><class name="ec/edu/uteq/sga/application/report/GeneradorReporteAcademicoTemplate" sourcefilename="GeneradorReporteAcademicoTemplate.java"><method name="&lt;init&gt;" desc="()V" line="12"><counter type="INSTRUCTION" missed="0" covered="3"/><counter type="LINE" missed="0" covered="1"/><counter type="COMPLEXITY" missed="0" covered="1"/><counter type="METHOD" missed="0" covered="1"/></method><method name="generarReporte" desc="(Ljava/lang/String;Ljava/util/Map;)[B" line="18"><counter type="INSTRUCTION" missed="47" covered="0"/><counter type="LINE" missed="10" covered="0"/><counter type="COMPLEXITY" missed="1" covered="0"/><counter type="METHOD" missed="1" covered="0"/></method><method name="generarCabecera" desc="(Ljava/lang/String;Ljava/util/Map;)Ljava/lang/String;" line="35"><counter type="INSTRUCTION" missed="8" covered="0"/><counter type="LINE" missed="3" covered="0"/><counter type="COMPLEXITY" missed="1" covered="0"/><counter type="METHOD" missed="1" covered="0"/></method><method name="generarPie" desc="(Ljava/util/Map;)Ljava/lang/String;" line="48"><counter type="INSTRUCTION" missed="2" covered="0"/><counter type="LINE" missed="1" covered="0"/><counter type="COMPLEXITY" missed="1" covered="0"/><counter type="METHOD" missed="1" covered="0"/></method><method name="aplicarFirmaSeguridad" desc="(Ljava/lang/String;)Ljava/lang/String;" line="55"><counter type="INSTRUCTION" missed="3" covered="0"/><counter type="LINE" missed="1" covered="0"/><counter type="COMPLEXITY" missed="1" covered="0"/><counter type="METHOD" missed="1" covered="0"/></method><counter type="INSTRUCTION" missed="60" covered="3"/><counter type="LINE" missed="15" covered="1"/><counter type="COMPLEXITY" missed="4" covered="1"/><counter type="METHOD" missed="4" covered="1"/><counter type="CLASS" missed="0" covered="1"/></class><class name="ec/edu/uteq/sga/application/report/ReporteNotasPeriodoPDF" sourcefilename="ReporteNotasPeriodoPDF.java"><method name="&lt;init&gt;" desc="()V" line="11"><counter type="INSTRUCTION" missed="0" covered="3"/><counter type="LINE" missed="0" covered="1"/><counter type="COMPLEXITY" missed="0" covered="1"/><counter type="METHOD" missed="0" covered="1"/></method><method name="procesarCuerpo" desc="(Ljava/util/Map;)Ljava/lang/String;" line="16"><counter type="INSTRUCTION" missed="104" covered="0"/><counter type="BRANCH" missed="4" covered="0"/><counter type="LINE" missed="16" covered="0"/><counter type="COMPLEXITY" missed="3" covered="0"/><counter type="METHOD" missed="1" covered="0"/></method><counter type="INSTRUCTION" missed="104" covered="3"/><counter type="BRANCH" missed="4" covered="0"/><counter type="LINE" missed="16" covered="1"/><counter type="COMPLEXITY" missed="3" covered="1"/><counter type="METHOD" missed="1" covered="1"/><counter type="CLASS" missed="0" covered="1"/></class><sourcefile name="GeneradorReporteAcademicoTemplate.java"><line nr="12" mi="0" ci="3" mb="0" cb="0"/><line nr="18" mi="4" ci="0" mb="0" cb="0"/><line nr="20" mi="5" ci="0" mb="0" cb="0"/><line nr="21" mi="4" ci="0" mb="0" cb="0"/><line nr="22" mi="4" ci="0" mb="0" cb="0"/><line nr="23" mi="4" ci="0" mb="0" cb="0"/><line nr="25" mi="4" ci="0" mb="0" cb="0"/><line nr="26" mi="6" ci="0" mb="0" cb="0"/><line nr="27" mi="6" ci="0" mb="0" cb="0"/><line nr="28" mi="6" ci="0" mb="0" cb="0"/><line nr="30" mi="4" ci="0" mb="0" cb="0"/><line nr="35" mi="2" ci="0" mb="0" cb="0"/><line nr="38" mi="2" ci="0" mb="0" cb="0"/><line nr="39" mi="4" ci="0" mb="0" cb="0"/><line nr="48" mi="2" ci="0" mb="0" cb="0"/><line nr="55" mi="3" ci="0" mb="0" cb="0"/><counter type="INSTRUCTION" missed="60" covered="3"/><counter type="LINE" missed="15" covered="1"/><counter type="COMPLEXITY" missed="4" covered="1"/><counter type="METHOD" missed="4" covered="1"/><counter type="CLASS" missed="0" covered="1"/></sourcefile><sourcefile name="ReporteNotasPeriodoPDF.java"><line nr="11" mi="0" ci="3" mb="0" cb="0"/><line nr="16" mi="4" ci="0" mb="0" cb="0"/><line nr="17" mi="11" ci="0" mb="0" cb="0"/><line nr="18" mi="11" ci="0" mb="0" cb="0"/><line nr="19" mi="4" ci="0" mb="0" cb="0"/><line nr="20" mi="19" ci="0" mb="0" cb="0"/><line nr="21" mi="4" ci="0" mb="0" cb="0"/><line nr="23" mi="5" ci="0" mb="0" cb="0"/><line nr="24" mi="2" ci="0" mb="2" cb="0"/><line nr="25" mi="11" ci="0" mb="2" cb="0"/><line nr="26" mi="9" ci="0" mb="0" cb="0"/><line nr="27" mi="6" ci="0" mb="0" cb="0"/><line nr="28" mi="6" ci="0" mb="0" cb="0"/><line nr="29" mi="4" ci="0" mb="0" cb="0"/><line nr="31" mi="1" ci="0" mb="0" cb="0"/><line nr="32" mi="4" ci="0" mb="0" cb="0"/><line nr="35" mi="3" ci="0" mb="0" cb="0"/><counter type="INSTRUCTION" missed="104" covered="3"/><counter type="BRANCH" missed="4" covered="0"/><counter type="LINE" missed="16" covered="1"/><counter type="COMPLEXITY" missed="3" covered="1"/><counter type="METHOD" missed="1" covered="1"/><counter type="CLASS" missed="0" covered="1"/></sourcefile><counter type="INSTRUCTION" missed="164" covered="6"/><counter type="BRANCH" missed="4" covered="0"/><counter type="LINE" missed="31" covered="2"/><counter type="COMPLEXITY" missed="7" covered="2"/><counter type="METHOD" missed="5" covered="2"/><counter type="CLASS" missed="0" covered="2"/></package><package name="ec/edu/uteq/sga/domain/dto/importacion"><class name="ec/edu/uteq/sga/domain/dto/importacion/ConfirmarImportacionExcelDTO" sourcefilename="ConfirmarImportacionExcelDTO.java"/><class name="ec/edu/uteq/sga/domain/dto/importacion/ConfirmarImportacionDTO" sourcefilename="ConfirmarImportacionDTO.java"/><class name="ec/edu/uteq/sga/domain/dto/importacion/ExcelEstudianteDTO" sourcefilename="ExcelEstudianteDTO.java"/><class name="ec/edu/uteq/sga/domain/dto/importacion/CasEstudianteDTO" sourcefilename="CasEstudianteDTO.java"/><class name="ec/edu/uteq/sga/domain/dto/importacion/ExcelEstudianteDTO$ExcelEstudianteDTOBuilder" sourcefilename="ExcelEstudianteDTO.java"/><class name="ec/edu/uteq/sga/domain/dto/importacion/ExcelImportResultDTO" sourcefilename="ExcelImportResultDTO.java"/><class name="ec/edu/uteq/sga/domain/dto/importacion/ExcelImportResultDTO$ExcelImportResultDTOBuilder" sourcefilename="ExcelImportResultDTO.java"/><class name="ec/edu/uteq/sga/domain/dto/importacion/CasPdfResultDTO" sourcefilename="CasPdfResultDTO.java"/><class name="ec/edu/uteq/sga/domain/dto/importacion/CasEstudianteDTO$CasEstudianteDTOBuilder" sourcefilename="CasEstudianteDTO.java"/><class name="ec/edu/uteq/sga/domain/dto/importacion/CasPdfResultDTO$CasPdfResultDTOBuilder" sourcefilename="CasPdfResultDTO.java"/><sourcefile name="CasEstudianteDTO.java"/><sourcefile name="CasPdfResultDTO.java"/><sourcefile name="ConfirmarImportacionExcelDTO.java"/><sourcefile name="ExcelEstudianteDTO.java"/><sourcefile name="ExcelImportResultDTO.java"/><sourcefile name="ConfirmarImportacionDTO.java"/></package><package name="ec/edu/uteq/sga/infrastructure/web"><class name="ec/edu/uteq/sga/infrastructure/web/TraceIdFilter" sourcefilename="TraceIdFilter.java"><method name="&lt;init&gt;" desc="()V" line="22"><counter type="INSTRUCTION" missed="0" covered="3"/><counter type="LINE" missed="0" covered="1"/><counter type="COMPLEXITY" missed="0" covered="1"/><counter type="METHOD" missed="0" covered="1"/></method><method name="doFilterInternal" desc="(Ljakarta/servlet/http/HttpServletRequest;Ljakarta/servlet/http/HttpServletResponse;Ljakarta/servlet/FilterChain;)V" line="29"><counter type="INSTRUCTION" missed="25" covered="0"/><counter type="BRANCH" missed="4" covered="0"/><counter type="LINE" missed="9" covered="0"/><counter type="COMPLEXITY" missed="3" covered="0"/><counter type="METHOD" missed="1" covered="0"/></method><counter type="INSTRUCTION" missed="25" covered="3"/><counter type="BRANCH" missed="4" covered="0"/><counter type="LINE" missed="9" covered="1"/><counter type="COMPLEXITY" missed="3" covered="1"/><counter type="METHOD" missed="1" covered="1"/><counter type="CLASS" missed="0" covered="1"/></class><class name="ec/edu/uteq/sga/infrastructure/web/TraceContext" sourcefilename="TraceContext.java"><method name="&lt;clinit&gt;" desc="()V" line="16"><counter type="INSTRUCTION" missed="0" covered="11"/><counter type="LINE" missed="0" covered="3"/><counter type="COMPLEXITY" missed="0" covered="1"/><counter type="METHOD" missed="0" covered="1"/></method><method name="set" desc="(Ljava/lang/String;)V" line="24"><counter type="INSTRUCTION" missed="4" covered="0"/><counter type="LINE" missed="2" covered="0"/><counter type="COMPLEXITY" missed="1" covered="0"/><counter type="METHOD" missed="1" covered="0"/></method><method name="current" desc="()Ljava/lang/String;" line="29"><counter type="INSTRUCTION" missed="2" covered="10"/><counter type="BRANCH" missed="1" covered="1"/><counter type="LINE" missed="0" covered="2"/><counter type="COMPLEXITY" missed="1" covered="1"/><counter type="METHOD" missed="0" covered="1"/></method><method name="actor" desc="()Ljava/lang/String;" line="35"><counter type="INSTRUCTION" missed="4" covered="0"/><counter type="LINE" missed="1" covered="0"/><counter type="COMPLEXITY" missed="1" covered="0"/><counter type="METHOD" missed="1" covered="0"/></method><method name="clear" desc="()V" line="39"><counter type="INSTRUCTION" missed="3" covered="0"/><counter type="LINE" missed="2" covered="0"/><counter type="COMPLEXITY" missed="1" covered="0"/><counter type="METHOD" missed="1" covered="0"/></method><counter type="INSTRUCTION" missed="13" covered="21"/><counter type="BRANCH" missed="1" covered="1"/><counter type="LINE" missed="5" covered="5"/><counter type="COMPLEXITY" missed="4" covered="2"/><counter type="METHOD" missed="3" covered="2"/><counter type="CLASS" missed="0" covered="1"/></class><sourcefile name="TraceIdFilter.java"><line nr="22" mi="0" ci="3" mb="0" cb="0"/><line nr="29" mi="4" ci="0" mb="0" cb="0"/><line nr="30" mi="5" ci="0" mb="4" cb="0"/><line nr="31" mi="3" ci="0" mb="0" cb="0"/><line nr="34" mi="2" ci="0" mb="0" cb="0"/><line nr="35" mi="4" ci="0" mb="0" cb="0"/><line nr="36" mi="4" ci="0" mb="0" cb="0"/><line nr="37" mi="1" ci="0" mb="0" cb="0"/><line nr="38" mi="1" ci="0" mb="0" cb="0"/><line nr="40" mi="1" ci="0" mb="0" cb="0"/><counter type="INSTRUCTION" missed="25" covered="3"/><counter type="BRANCH" missed="4" covered="0"/><counter type="LINE" missed="9" covered="1"/><counter type="COMPLEXITY" missed="3" covered="1"/><counter type="METHOD" missed="1" covered="1"/><counter type="CLASS" missed="0" covered="1"/></sourcefile><sourcefile name="TraceContext.java"><line nr="16" mi="0" ci="3" mb="0" cb="0"/><line nr="17" mi="0" ci="3" mb="0" cb="0"/><line nr="19" mi="0" ci="5" mb="0" cb="0"/><line nr="24" mi="3" ci="0" mb="0" cb="0"/><line nr="25" mi="1" ci="0" mb="0" cb="0"/><line nr="29" mi="0" ci="4" mb="0" cb="0"/><line nr="30" mi="2" ci="6" mb="1" cb="1"/><line nr="35" mi="4" ci="0" mb="0" cb="0"/><line nr="39" mi="2" ci="0" mb="0" cb="0"/><line nr="40" mi="1" ci="0" mb="0" cb="0"/><counter type="INSTRUCTION" missed="13" covered="21"/><counter type="BRANCH" missed="1" covered="1"/><counter type="LINE" missed="5" covered="5"/><counter type="COMPLEXITY" missed="4" covered="2"/><counter type="METHOD" missed="3" covered="2"/><counter type="CLASS" missed="0" covered="1"/></sourcefile><counter type="INSTRUCTION" missed="38" covered="24"/><counter type="BRANCH" missed="5" covered="1"/><counter type="LINE" missed="14" covered="6"/><counter type="COMPLEXITY" missed="7" covered="3"/><counter type="METHOD" missed="4" covered="3"/><counter type="CLASS" missed="0" covered="2"/></package><package name="ec/edu/uteq/sga/domain/dto/anolectivo"><class name="ec/edu/uteq/sga/domain/dto/anolectivo/AnoLectivoResponseDTO$AnoLectivoResponseDTOBuilder" sourcefilename="AnoLectivoResponseDTO.java"/><class name="ec/edu/uteq/sga/domain/dto/anolectivo/AnoLectivoRequestDTO" sourcefilename="AnoLectivoRequestDTO.java"/><class name="ec/edu/uteq/sga/domain/dto/anolectivo/AnoLectivoRequestDTO$AnoLectivoRequestDTOBuilder" sourcefilename="AnoLectivoRequestDTO.java"/><class name="ec/edu/uteq/sga/domain/dto/anolectivo/AnoLectivoResponseDTO" sourcefilename="AnoLectivoResponseDTO.java"/><sourcefile name="AnoLectivoResponseDTO.java"/><sourcefile name="AnoLectivoRequestDTO.java"/></package><package name="ec/edu/uteq/sga/domain/dto/asignatura"><class name="ec/edu/uteq/sga/domain/dto/asignatura/AsignaturaRequestDTO$AsignaturaRequestDTOBuilder" sourcefilename="AsignaturaRequestDTO.java"/><class name="ec/edu/uteq/sga/domain/dto/asignatura/AsignaturaRequestDTO" sourcefilename="AsignaturaRequestDTO.java"/><class name="ec/edu/uteq/sga/domain/dto/asignatura/AsignaturaResponseDTO" sourcefilename="AsignaturaResponseDTO.java"/><class name="ec/edu/uteq/sga/domain/dto/asignatura/AsignaturaResponseDTO$AsignaturaResponseDTOBuilder" sourcefilename="AsignaturaResponseDTO.java"/><sourcefile name="AsignaturaResponseDTO.java"/><sourcefile name="AsignaturaRequestDTO.java"/></package><package name="ec/edu/uteq/sga/application/service"><class name="ec/edu/uteq/sga/application/service/RepresentanteConsultaService" sourcefilename="RepresentanteConsultaService.java"><method name="listar" desc="(Ljava/lang/String;)Ljava/util/List;" line="30"><counter type="INSTRUCTION" missed="0" covered="43"/><counter type="BRANCH" missed="0" covered="2"/><counter type="LINE" missed="0" covered="7"/><counter type="COMPLEXITY" missed="0" covered="2"/><counter type="METHOD" missed="0" covered="1"/></method><method name="autorizar" desc="(Ljava/lang/String;Ljava/lang/Long;)Lec/edu/uteq/sga/domain/dto/representante/RepresentadoResponseDTO;" line="47"><counter type="INSTRUCTION" missed="0" covered="23"/><counter type="BRANCH" missed="0" covered="2"/><counter type="LINE" missed="0" covered="6"/><counter type="COMPLEXITY" missed="0" covered="2"/><counter type="METHOD" missed="0" covered="1"/></method><method name="calificaciones" desc="(Ljava/lang/String;Ljava/lang/Long;)Ljava/util/Map;" line="57"><counter type="INSTRUCTION" missed="0" covered="30"/><counter type="LINE" missed="0" covered="7"/><counter type="COMPLEXITY" missed="0" covered="1"/><counter type="METHOD" missed="0" covered="1"/></method><method name="asistencia" desc="(Ljava/lang/String;Ljava/lang/Long;)Ljava/util/Map;" line="74"><counter type="INSTRUCTION" missed="0" covered="52"/><counter type="LINE" missed="0" covered="9"/><counter type="COMPLEXITY" missed="0" covered="1"/><counter type="METHOD" missed="0" covered="1"/></method><method name="comunicados" desc="(Ljava/lang/String;)Ljava/util/List;" line="88"><counter type="INSTRUCTION" missed="0" covered="28"/><counter type="LINE" missed="0" covered="5"/><counter type="COMPLEXITY" missed="0" covered="1"/><counter type="METHOD" missed="0" covered="1"/></method><method name="matriculasAutorizadas" desc="(Ljava/lang/String;Ljava/lang/Long;)Ljava/util/List;" line="99"><counter type="INSTRUCTION" missed="6" covered="25"/><counter type="BRANCH" missed="1" covered="3"/><counter type="LINE" missed="1" covered="6"/><counter type="COMPLEXITY" missed="1" covered="2"/><counter type="METHOD" missed="0" covered="1"/></method><method name="representante" desc="(Ljava/lang/String;)Lec/edu/uteq/sga/domain/entity/Representante;" line="111"><counter type="INSTRUCTION" missed="0" covered="8"/><counter type="LINE" missed="0" covered="2"/><counter type="COMPLEXITY" missed="0" covered="1"/><counter type="METHOD" missed="0" covered="1"/></method><method name="lambda$0" desc="(Lec/edu/uteq/sga/domain/entity/Estudiante;Lec/edu/uteq/sga/domain/entity/Matricula;Ljava/lang/Long;)Lec/edu/uteq/sga/domain/dto/representante/RepresentadoResponseDTO;" line="34"><counter type="INSTRUCTION" missed="0" covered="24"/><counter type="LINE" missed="0" covered="8"/><counter type="COMPLEXITY" missed="0" covered="1"/><counter type="METHOD" missed="0" covered="1"/></method><method name="lambda$1" desc="(Ljava/lang/Long;Lec/edu/uteq/sga/domain/dto/representante/RepresentadoResponseDTO;)Z" line="51"><counter type="INSTRUCTION" missed="0" covered="5"/><counter type="LINE" missed="0" covered="1"/><counter type="COMPLEXITY" missed="0" covered="1"/><counter type="METHOD" missed="0" covered="1"/></method><method name="lambda$2" desc="()Lorg/springframework/web/server/ResponseStatusException;" line="53"><counter type="INSTRUCTION" missed="0" covered="6"/><counter type="LINE" missed="0" covered="1"/><counter type="COMPLEXITY" missed="0" covered="1"/><counter type="METHOD" missed="0" covered="1"/></method><method name="lambda$4" desc="(Lec/edu/uteq/sga/grpc/representante/CalificacionRepresentante;)Ljava/util/Map;" line="60"><counter type="INSTRUCTION" missed="0" covered="35"/><counter type="LINE" missed="0" covered="6"/><counter type="COMPLEXITY" missed="0" covered="1"/><counter type="METHOD" missed="0" covered="1"/></method><method name="lambda$5" desc="(Lec/edu/uteq/sga/grpc/representante/PromedioRepresentante;)Ljava/util/Map;" line="66"><counter type="INSTRUCTION" missed="32" covered="0"/><counter type="LINE" missed="5" covered="0"/><counter type="COMPLEXITY" missed="1" covered="0"/><counter type="METHOD" missed="1" covered="0"/></method><method name="lambda$7" desc="(Lec/edu/uteq/sga/grpc/representante/AsistenciaRepresentante;)Ljava/util/Map;" line="78"><counter type="INSTRUCTION" missed="27" covered="0"/><counter type="LINE" missed="4" covered="0"/><counter type="COMPLEXITY" missed="1" covered="0"/><counter type="METHOD" missed="1" covered="0"/></method><method name="lambda$8" desc="(Lec/edu/uteq/sga/domain/entity/Matricula;)Ljava/util/stream/Stream;" line="89"><counter type="INSTRUCTION" missed="0" covered="14"/><counter type="LINE" missed="0" covered="4"/><counter type="COMPLEXITY" missed="0" covered="1"/><counter type="METHOD" missed="0" covered="1"/></method><method name="lambda$9" desc="(Lec/edu/uteq/sga/domain/entity/Asignacion;)Ljava/lang/Long;" line="92"><counter type="INSTRUCTION" missed="0" covered="3"/><counter type="LINE" missed="0" covered="1"/><counter type="COMPLEXITY" missed="0" covered="1"/><counter type="METHOD" missed="0" covered="1"/></method><method name="lambda$10" desc="(Lec/edu/uteq/sga/grpc/representante/ComunicadoRepresentante;)Ljava/util/Map;" line="93"><counter type="INSTRUCTION" missed="0" covered="19"/><counter type="LINE" missed="0" covered="3"/><counter type="COMPLEXITY" missed="0" covered="1"/><counter type="METHOD" missed="0" covered="1"/></method><method name="lambda$11" desc="()Lorg/springframework/web/server/ResponseStatusException;" line="112"><counter type="INSTRUCTION" missed="0" covered="6"/><counter type="LINE" missed="0" covered="1"/><counter type="COMPLEXITY" missed="0" covered="1"/><counter type="METHOD" missed="0" covered="1"/></method><counter type="INSTRUCTION" missed="65" covered="321"/><counter type="BRANCH" missed="1" covered="7"/><counter type="LINE" missed="6" covered="55"/><counter type="COMPLEXITY" missed="3" covered="18"/><counter type="METHOD" missed="2" covered="15"/><counter type="CLASS" missed="0" covered="1"/></class><class name="ec/edu/uteq/sga/application/service/GradoService" sourcefilename="GradoService.java"><method name="listarTodos" desc="()Ljava/util/List;" line="33"><counter type="INSTRUCTION" missed="15" covered="0"/><counter type="LINE" missed="2" covered="0"/><counter type="COMPLEXITY" missed="1" covered="0"/><counter type="METHOD" missed="1" covered="0"/></method><method name="listarActivos" desc="()Ljava/util/List;" line="39"><counter type="INSTRUCTION" missed="15" covered="0"/><counter type="LINE" missed="2" covered="0"/><counter type="COMPLEXITY" missed="1" covered="0"/><counter type="METHOD" missed="1" covered="0"/></method><method name="obtenerIdAnoLectivoActivo" desc="()Ljava/lang/Long;" line="44"><counter type="INSTRUCTION" missed="9" covered="0"/><counter type="LINE" missed="1" covered="0"/><counter type="COMPLEXITY" missed="1" covered="0"/><counter type="METHOD" missed="1" covered="0"/></method><method name="obtenerPorId" desc="(Ljava/lang/Long;)Lec/edu/uteq/sga/domain/dto/grado/GradoResponseDTO;" line="48"><counter type="INSTRUCTION" missed="10" covered="0"/><counter type="LINE" missed="2" covered="0"/><counter type="COMPLEXITY" missed="1" covered="0"/><counter type="METHOD" missed="1" covered="0"/></method><method name="crear" desc="(Lec/edu/uteq/sga/domain/dto/grado/GradoRequestDTO;)Lec/edu/uteq/sga/domain/dto/grado/GradoResponseDTO;" line="54"><counter type="INSTRUCTION" missed="54" covered="0"/><counter type="BRANCH" missed="4" covered="0"/><counter type="LINE" missed="15" covered="0"/><counter type="COMPLEXITY" missed="3" covered="0"/><counter type="METHOD" missed="1" covered="0"/></method><method name="actualizar" desc="(Ljava/lang/Long;Lec/edu/uteq/sga/domain/dto/grado/GradoRequestDTO;)Lec/edu/uteq/sga/domain/dto/grado/GradoResponseDTO;" line="76"><counter type="INSTRUCTION" missed="43" covered="0"/><counter type="BRANCH" missed="2" covered="0"/><counter type="LINE" missed="10" covered="0"/><counter type="COMPLEXITY" missed="2" covered="0"/><counter type="METHOD" missed="1" covered="0"/></method><method name="cambiarEstado" desc="(Ljava/lang/Long;Z)V" line="91"><counter type="INSTRUCTION" missed="13" covered="0"/><counter type="LINE" missed="4" covered="0"/><counter type="COMPLEXITY" missed="1" covered="0"/><counter type="METHOD" missed="1" covered="0"/></method><method name="crearParalelo" desc="(Ljava/lang/Long;Ljava/lang/String;)Lec/edu/uteq/sga/domain/dto/grado/ParaleloDTO;" line="98"><counter type="INSTRUCTION" missed="39" covered="0"/><counter type="BRANCH" missed="2" covered="0"/><counter type="LINE" missed="10" covered="0"/><counter type="COMPLEXITY" missed="2" covered="0"/><counter type="METHOD" missed="1" covered="0"/></method><method name="cambiarEstadoParalelo" desc="(Ljava/lang/Long;Z)V" line="113"><counter type="INSTRUCTION" missed="17" covered="0"/><counter type="LINE" missed="5" covered="0"/><counter type="COMPLEXITY" missed="1" covered="0"/><counter type="METHOD" missed="1" covered="0"/></method><method name="buscarPorId" desc="(Ljava/lang/Long;)Lec/edu/uteq/sga/domain/entity/Grado;" line="120"><counter type="INSTRUCTION" missed="8" covered="0"/><counter type="LINE" missed="2" covered="0"/><counter type="COMPLEXITY" missed="1" covered="0"/><counter type="METHOD" missed="1" covered="0"/></method><method name="toDTO" desc="(Lec/edu/uteq/sga/domain/entity/Grado;Ljava/lang/Long;)Lec/edu/uteq/sga/domain/dto/grado/GradoResponseDTO;" line="125"><counter type="INSTRUCTION" missed="61" covered="0"/><counter type="BRANCH" missed="6" covered="0"/><counter type="LINE" missed="13" covered="0"/><counter type="COMPLEXITY" missed="4" covered="0"/><counter type="METHOD" missed="1" covered="0"/></method><method name="toParaleloDTO" desc="(Lec/edu/uteq/sga/domain/entity/Paralelo;Ljava/lang/Long;)Lec/edu/uteq/sga/domain/dto/grado/ParaleloDTO;" line="142"><counter type="INSTRUCTION" missed="36" covered="0"/><counter type="BRANCH" missed="2" covered="0"/><counter type="LINE" missed="11" covered="0"/><counter type="COMPLEXITY" missed="2" covered="0"/><counter type="METHOD" missed="1" covered="0"/></method><method name="lambda$0" desc="(Ljava/lang/Long;Lec/edu/uteq/sga/domain/entity/Grado;)Lec/edu/uteq/sga/domain/dto/grado/GradoResponseDTO;" line="34"><counter type="INSTRUCTION" missed="5" covered="0"/><counter type="LINE" missed="1" covered="0"/><counter type="COMPLEXITY" missed="1" covered="0"/><counter type="METHOD" missed="1" covered="0"/></method><method name="lambda$1" desc="(Ljava/lang/Long;Lec/edu/uteq/sga/domain/entity/Grado;)Lec/edu/uteq/sga/domain/dto/grado/GradoResponseDTO;" line="40"><counter type="INSTRUCTION" missed="5" covered="0"/><counter type="LINE" missed="1" covered="0"/><counter type="COMPLEXITY" missed="1" covered="0"/><counter type="METHOD" missed="1" covered="0"/></method><method name="lambda$2" desc="(Lec/edu/uteq/sga/domain/entity/AnoLectivo;)Ljava/lang/Long;" line="44"><counter type="INSTRUCTION" missed="3" covered="0"/><counter type="LINE" missed="1" covered="0"/><counter type="COMPLEXITY" missed="1" covered="0"/><counter type="METHOD" missed="1" covered="0"/></method><method name="lambda$3" desc="()Lorg/springframework/web/server/ResponseStatusException;" line="60"><counter type="INSTRUCTION" missed="6" covered="0"/><counter type="LINE" missed="1" covered="0"/><counter type="COMPLEXITY" missed="1" covered="0"/><counter type="METHOD" missed="1" covered="0"/></method><method name="lambda$4" desc="()Lorg/springframework/web/server/ResponseStatusException;" line="82"><counter type="INSTRUCTION" missed="6" covered="0"/><counter type="LINE" missed="1" covered="0"/><counter type="COMPLEXITY" missed="1" covered="0"/><counter type="METHOD" missed="1" covered="0"/></method><method name="lambda$5" desc="()Lorg/springframework/web/server/ResponseStatusException;" line="114"><counter type="INSTRUCTION" missed="6" covered="0"/><counter type="LINE" missed="1" covered="0"/><counter type="COMPLEXITY" missed="1" covered="0"/><counter type="METHOD" missed="1" covered="0"/></method><method name="lambda$6" desc="()Lorg/springframework/web/server/ResponseStatusException;" line="121"><counter type="INSTRUCTION" missed="6" covered="0"/><counter type="LINE" missed="1" covered="0"/><counter type="COMPLEXITY" missed="1" covered="0"/><counter type="METHOD" missed="1" covered="0"/></method><method name="lambda$7" desc="(Ljava/lang/Long;Lec/edu/uteq/sga/domain/entity/Paralelo;)Lec/edu/uteq/sga/domain/dto/grado/ParaleloDTO;" line="126"><counter type="INSTRUCTION" missed="5" covered="0"/><counter type="LINE" missed="1" covered="0"/><counter type="COMPLEXITY" missed="1" covered="0"/><counter type="METHOD" missed="1" covered="0"/></method><counter type="INSTRUCTION" missed="362" covered="0"/><counter type="BRANCH" missed="16" covered="0"/><counter type="LINE" missed="77" covered="0"/><counter type="COMPLEXITY" missed="28" covered="0"/><counter type="METHOD" missed="20" covered="0"/><counter type="CLASS" missed="1" covered="0"/></class><class name="ec/edu/uteq/sga/application/service/EmailService" sourcefilename="EmailService.java"><method name="&lt;clinit&gt;" desc="()V" line="12"><counter type="INSTRUCTION" missed="0" covered="4"/><counter type="LINE" missed="0" covered="1"/><counter type="COMPLEXITY" missed="0" covered="1"/><counter type="METHOD" missed="0" covered="1"/></method><method name="enviarCredenciales" desc="(Ljava/lang/String;Ljava/lang/String;Ljava/lang/String;Ljava/lang/String;)V" line="20"><counter type="INSTRUCTION" missed="69" covered="0"/><counter type="LINE" missed="13" covered="0"/><counter type="COMPLEXITY" missed="1" covered="0"/><counter type="METHOD" missed="1" covered="0"/></method><method name="construirHtml" desc="(Ljava/lang/String;Ljava/lang/String;Ljava/lang/String;)Ljava/lang/String;" line="38"><counter type="INSTRUCTION" missed="17" covered="0"/><counter type="LINE" missed="2" covered="0"/><counter type="COMPLEXITY" missed="1" covered="0"/><counter type="METHOD" missed="1" covered="0"/></method><counter type="INSTRUCTION" missed="86" covered="4"/><counter type="LINE" missed="15" covered="1"/><counter type="COMPLEXITY" missed="2" covered="1"/><counter type="METHOD" missed="2" covered="1"/><counter type="CLASS" missed="0" covered="1"/></class><class name="ec/edu/uteq/sga/application/service/NotificacionService" sourcefilename="NotificacionService.java"><method name="mias" desc="(Lorg/springframework/security/core/Authentication;)Lec/edu/uteq/sga/domain/dto/notificacion/NotificacionMiasResponseDTO;" line="31"><counter type="INSTRUCTION" missed="38" covered="0"/><counter type="LINE" missed="7" covered="0"/><counter type="COMPLEXITY" missed="1" covered="0"/><counter type="METHOD" missed="1" covered="0"/></method><method name="marcarLeida" desc="(Lorg/springframework/security/core/Authentication;Ljava/lang/Long;)V" line="42"><counter type="INSTRUCTION" missed="37" covered="0"/><counter type="BRANCH" missed="4" covered="0"/><counter type="LINE" missed="8" covered="0"/><counter type="COMPLEXITY" missed="3" covered="0"/><counter type="METHOD" missed="1" covered="0"/></method><method name="marcarTodasLeidas" desc="(Lorg/springframework/security/core/Authentication;)V" line="54"><counter type="INSTRUCTION" missed="11" covered="0"/><counter type="LINE" missed="3" covered="0"/><counter type="COMPLEXITY" missed="1" covered="0"/><counter type="METHOD" missed="1" covered="0"/></method><method name="enviarMasivo" desc="(Lec/edu/uteq/sga/domain/dto/notificacion/NotificacionMasivoRequestDTO;)V" line="61"><counter type="INSTRUCTION" missed="46" covered="0"/><counter type="BRANCH" missed="4" covered="0"/><counter type="LINE" missed="12" covered="0"/><counter type="COMPLEXITY" missed="3" covered="0"/><counter type="METHOD" missed="1" covered="0"/></method><method name="resolverUsuario" desc="(Lorg/springframework/security/core/Authentication;)Lec/edu/uteq/sga/domain/entity/Usuario;" line="76"><counter type="INSTRUCTION" missed="20" covered="0"/><counter type="BRANCH" missed="4" covered="0"/><counter type="LINE" missed="4" covered="0"/><counter type="COMPLEXITY" missed="3" covered="0"/><counter type="METHOD" missed="1" covered="0"/></method><method name="toDTO" desc="(Lec/edu/uteq/sga/domain/entity/Notificacion;)Lec/edu/uteq/sga/domain/dto/notificacion/NotificacionResponseDTO;" line="84"><counter type="INSTRUCTION" missed="24" covered="0"/><counter type="LINE" missed="9" covered="0"/><counter type="COMPLEXITY" missed="1" covered="0"/><counter type="METHOD" missed="1" covered="0"/></method><method name="lambda$1" desc="()Lorg/springframework/web/server/ResponseStatusException;" line="44"><counter type="INSTRUCTION" missed="6" covered="0"/><counter type="LINE" missed="1" covered="0"/><counter type="COMPLEXITY" missed="1" covered="0"/><counter type="METHOD" missed="1" covered="0"/></method><method name="lambda$2" desc="()Lorg/springframework/web/server/ResponseStatusException;" line="80"><counter type="INSTRUCTION" missed="6" covered="0"/><counter type="LINE" missed="1" covered="0"/><counter type="COMPLEXITY" missed="1" covered="0"/><counter type="METHOD" missed="1" covered="0"/></method><counter type="INSTRUCTION" missed="188" covered="0"/><counter type="BRANCH" missed="12" covered="0"/><counter type="LINE" missed="43" covered="0"/><counter type="COMPLEXITY" missed="14" covered="0"/><counter type="METHOD" missed="8" covered="0"/><counter type="CLASS" missed="1" covered="0"/></class><class name="ec/edu/uteq/sga/application/service/AnoLectivoService" sourcefilename="AnoLectivoService.java"><method name="listarTodos" desc="()Ljava/util/List;" line="24"><counter type="INSTRUCTION" missed="0" covered="11"/><counter type="LINE" missed="0" covered="4"/><counter type="COMPLEXITY" missed="0" covered="1"/><counter type="METHOD" missed="0" covered="1"/></method><method name="obtenerPorId" desc="(Ljava/lang/Long;)Lec/edu/uteq/sga/domain/dto/anolectivo/AnoLectivoResponseDTO;" line="31"><counter type="INSTRUCTION" missed="0" covered="6"/><counter type="LINE" missed="0" covered="1"/><counter type="COMPLEXITY" missed="0" covered="1"/><counter type="METHOD" missed="0" covered="1"/></method><method name="crear" desc="(Lec/edu/uteq/sga/domain/dto/anolectivo/AnoLectivoRequestDTO;Ljava/lang/String;)Lec/edu/uteq/sga/domain/dto/anolectivo/AnoLectivoResponseDTO;" line="36"><counter type="INSTRUCTION" missed="0" covered="56"/><counter type="BRANCH" missed="0" covered="4"/><counter type="LINE" missed="0" covered="14"/><counter type="COMPLEXITY" missed="0" covered="3"/><counter type="METHOD" missed="0" covered="1"/></method><method name="actualizar" desc="(Ljava/lang/Long;Lec/edu/uteq/sga/domain/dto/anolectivo/AnoLectivoRequestDTO;)Lec/edu/uteq/sga/domain/dto/anolectivo/AnoLectivoResponseDTO;" line="58"><counter type="INSTRUCTION" missed="6" covered="30"/><counter type="BRANCH" missed="1" covered="1"/><counter type="LINE" missed="1" covered="6"/><counter type="COMPLEXITY" missed="1" covered="1"/><counter type="METHOD" missed="0" covered="1"/></method><method name="establecerActual" desc="(Ljava/lang/Long;)V" line="73"><counter type="INSTRUCTION" missed="0" covered="19"/><counter type="LINE" missed="0" covered="5"/><counter type="COMPLEXITY" missed="0" covered="1"/><counter type="METHOD" missed="0" covered="1"/></method><method name="obtenerActual" desc="()Lec/edu/uteq/sga/domain/dto/anolectivo/AnoLectivoResponseDTO;" line="85"><counter type="INSTRUCTION" missed="0" covered="10"/><counter type="LINE" missed="0" covered="3"/><counter type="COMPLEXITY" missed="0" covered="1"/><counter type="METHOD" missed="0" covered="1"/></method><method name="buscarPorId" desc="(Ljava/lang/Long;)Lec/edu/uteq/sga/domain/entity/AnoLectivo;" line="92"><counter type="INSTRUCTION" missed="0" covered="8"/><counter type="LINE" missed="0" covered="2"/><counter type="COMPLEXITY" missed="0" covered="1"/><counter type="METHOD" missed="0" covered="1"/></method><method name="toDTO" desc="(Lec/edu/uteq/sga/domain/entity/AnoLectivo;)Lec/edu/uteq/sga/domain/dto/anolectivo/AnoLectivoResponseDTO;" line="97"><counter type="INSTRUCTION" missed="1" covered="29"/><counter type="BRANCH" missed="1" covered="1"/><counter type="LINE" missed="0" covered="9"/><counter type="COMPLEXITY" missed="1" covered="1"/><counter type="METHOD" missed="0" covered="1"/></method><method name="lambda$1" desc="()Lorg/springframework/web/server/ResponseStatusException;" line="43"><counter type="INSTRUCTION" missed="6" covered="0"/><counter type="LINE" missed="1" covered="0"/><counter type="COMPLEXITY" missed="1" covered="0"/><counter type="METHOD" missed="1" covered="0"/></method><method name="lambda$2" desc="(Lec/edu/uteq/sga/domain/entity/AnoLectivo;)V" line="74"><counter type="INSTRUCTION" missed="0" covered="9"/><counter type="LINE" missed="0" covered="3"/><counter type="COMPLEXITY" missed="0" covered="1"/><counter type="METHOD" missed="0" covered="1"/></method><method name="lambda$4" desc="()Lorg/springframework/web/server/ResponseStatusException;" line="87"><counter type="INSTRUCTION" missed="0" covered="6"/><counter type="LINE" missed="0" covered="1"/><counter type="COMPLEXITY" missed="0" covered="1"/><counter type="METHOD" missed="0" covered="1"/></method><method name="lambda$5" desc="()Lorg/springframework/web/server/ResponseStatusException;" line="93"><counter type="INSTRUCTION" missed="0" covered="6"/><counter type="LINE" missed="0" covered="1"/><counter type="COMPLEXITY" missed="0" covered="1"/><counter type="METHOD" missed="0" covered="1"/></method><counter type="INSTRUCTION" missed="13" covered="190"/><counter type="BRANCH" missed="2" covered="6"/><counter type="LINE" missed="1" covered="47"/><counter type="COMPLEXITY" missed="3" covered="13"/><counter type="METHOD" missed="1" covered="11"/><counter type="CLASS" missed="0" covered="1"/></class><class name="ec/edu/uteq/sga/application/service/PersonaService" sourcefilename="PersonaService.java"><method name="listar" desc="()Ljava/util/List;" line="29"><counter type="INSTRUCTION" missed="11" covered="0"/><counter type="LINE" missed="1" covered="0"/><counter type="COMPLEXITY" missed="1" covered="0"/><counter type="METHOD" missed="1" covered="0"/></method><method name="buscarPorCedula" desc="(Ljava/lang/String;)Lec/edu/uteq/sga/domain/dto/persona/PersonaResponseDTO;" line="34"><counter type="INSTRUCTION" missed="13" covered="0"/><counter type="LINE" missed="3" covered="0"/><counter type="COMPLEXITY" missed="1" covered="0"/><counter type="METHOD" missed="1" covered="0"/></method><method name="obtenerPorUsuario" desc="(Ljava/lang/Long;)Lec/edu/uteq/sga/domain/dto/persona/PersonaResponseDTO;" line="42"><counter type="INSTRUCTION" missed="12" covered="0"/><counter type="LINE" missed="3" covered="0"/><counter type="COMPLEXITY" missed="1" covered="0"/><counter type="METHOD" missed="1" covered="0"/></method><method name="crear" desc="(Lec/edu/uteq/sga/domain/dto/persona/PersonaRequestDTO;)Lec/edu/uteq/sga/domain/dto/persona/PersonaResponseDTO;" line="50"><counter type="INSTRUCTION" missed="86" covered="0"/><counter type="BRANCH" missed="4" covered="0"/><counter type="LINE" missed="24" covered="0"/><counter type="COMPLEXITY" missed="3" covered="0"/><counter type="METHOD" missed="1" covered="0"/></method><method name="actualizar" desc="(Ljava/lang/Long;Lec/edu/uteq/sga/domain/dto/persona/PersonaRequestDTO;)Lec/edu/uteq/sga/domain/dto/persona/PersonaResponseDTO;" line="87"><counter type="INSTRUCTION" missed="96" covered="0"/><counter type="BRANCH" missed="14" covered="0"/><counter type="LINE" missed="20" covered="0"/><counter type="COMPLEXITY" missed="8" covered="0"/><counter type="METHOD" missed="1" covered="0"/></method><method name="eliminar" desc="(Ljava/lang/Long;)V" line="115"><counter type="INSTRUCTION" missed="16" covered="0"/><counter type="BRANCH" missed="2" covered="0"/><counter type="LINE" missed="4" covered="0"/><counter type="COMPLEXITY" missed="2" covered="0"/><counter type="METHOD" missed="1" covered="0"/></method><method name="toResponse" desc="(Lec/edu/uteq/sga/domain/entity/Persona;)Lec/edu/uteq/sga/domain/dto/persona/PersonaResponseDTO;" line="122"><counter type="INSTRUCTION" missed="79" covered="0"/><counter type="BRANCH" missed="8" covered="0"/><counter type="LINE" missed="22" covered="0"/><counter type="COMPLEXITY" missed="5" covered="0"/><counter type="METHOD" missed="1" covered="0"/></method><method name="lambda$1" desc="(Ljava/lang/String;)Lorg/springframework/web/server/ResponseStatusException;" line="35"><counter type="INSTRUCTION" missed="7" covered="0"/><counter type="LINE" missed="2" covered="0"/><counter type="COMPLEXITY" missed="1" covered="0"/><counter type="METHOD" missed="1" covered="0"/></method><method name="lambda$2" desc="()Lorg/springframework/web/server/ResponseStatusException;" line="43"><counter type="INSTRUCTION" missed="6" covered="0"/><counter type="LINE" missed="2" covered="0"/><counter type="COMPLEXITY" missed="1" covered="0"/><counter type="METHOD" missed="1" covered="0"/></method><method name="lambda$3" desc="()Lorg/springframework/web/server/ResponseStatusException;" line="54"><counter type="INSTRUCTION" missed="6" covered="0"/><counter type="LINE" missed="1" covered="0"/><counter type="COMPLEXITY" missed="1" covered="0"/><counter type="METHOD" missed="1" covered="0"/></method><method name="lambda$4" desc="(Lec/edu/uteq/sga/domain/entity/Persona;)V" line="57"><counter type="INSTRUCTION" missed="6" covered="0"/><counter type="LINE" missed="2" covered="0"/><counter type="COMPLEXITY" missed="1" covered="0"/><counter type="METHOD" missed="1" covered="0"/></method><method name="lambda$5" desc="()Lorg/springframework/web/server/ResponseStatusException;" line="88"><counter type="INSTRUCTION" missed="6" covered="0"/><counter type="LINE" missed="1" covered="0"/><counter type="COMPLEXITY" missed="1" covered="0"/><counter type="METHOD" missed="1" covered="0"/></method><counter type="INSTRUCTION" missed="344" covered="0"/><counter type="BRANCH" missed="28" covered="0"/><counter type="LINE" missed="81" covered="0"/><counter type="COMPLEXITY" missed="26" covered="0"/><counter type="METHOD" missed="12" covered="0"/><counter type="CLASS" missed="1" covered="0"/></class><class name="ec/edu/uteq/sga/application/service/MatriculaService$PaginaMatriculas" sourcefilename="MatriculaService.java"><method name="&lt;init&gt;" desc="(Ljava/util/List;J)V" line="1"><counter type="INSTRUCTION" missed="0" covered="9"/><counter type="LINE" missed="0" covered="1"/><counter type="COMPLEXITY" missed="0" covered="1"/><counter type="METHOD" missed="0" covered="1"/></method><counter type="INSTRUCTION" missed="0" covered="9"/><counter type="LINE" missed="0" covered="1"/><counter type="COMPLEXITY" missed="0" covered="1"/><counter type="METHOD" missed="0" covered="1"/><counter type="CLASS" missed="0" covered="1"/></class><class name="ec/edu/uteq/sga/application/service/EstudianteService" sourcefilename="EstudianteService.java"><method name="listar" desc="(Ljava/lang/String;)Ljava/util/List;" line="32"><counter type="INSTRUCTION" missed="0" covered="22"/><counter type="BRANCH" missed="1" covered="3"/><counter type="LINE" missed="0" covered="4"/><counter type="COMPLEXITY" missed="1" covered="2"/><counter type="METHOD" missed="0" covered="1"/></method><method name="obtener" desc="(Ljava/lang/Long;)Lec/edu/uteq/sga/domain/dto/EstudianteDetalleDTO;" line="40"><counter type="INSTRUCTION" missed="0" covered="12"/><counter type="LINE" missed="0" covered="3"/><counter type="COMPLEXITY" missed="0" covered="1"/><counter type="METHOD" missed="0" covered="1"/></method><method name="listarPaginado" desc="(Ljava/lang/String;II)Lec/edu/uteq/sga/application/service/EstudianteService$PaginaEstudiantes;" line="47"><counter type="INSTRUCTION" missed="10" covered="51"/><counter type="BRANCH" missed="5" covered="3"/><counter type="LINE" missed="1" covered="8"/><counter type="COMPLEXITY" missed="4" covered="1"/><counter type="METHOD" missed="0" covered="1"/></method><method name="cambiarEstado" desc="(Ljava/lang/Long;Z)V" line="64"><counter type="INSTRUCTION" missed="2" covered="22"/><counter type="BRANCH" missed="1" covered="1"/><counter type="LINE" missed="0" covered="6"/><counter type="COMPLEXITY" missed="1" covered="1"/><counter type="METHOD" missed="0" covered="1"/></method><method name="crear" desc="(Lec/edu/uteq/sga/domain/dto/CrearEstudianteDTO;)Lec/edu/uteq/sga/domain/dto/EstudianteDetalleDTO;" line="73"><counter type="INSTRUCTION" missed="0" covered="54"/><counter type="BRANCH" missed="0" covered="2"/><counter type="LINE" missed="0" covered="11"/><counter type="COMPLEXITY" missed="0" covered="2"/><counter type="METHOD" missed="0" covered="1"/></method><method name="actualizar" desc="(Ljava/lang/Long;Lec/edu/uteq/sga/domain/dto/CrearEstudianteDTO;)Lec/edu/uteq/sga/domain/dto/EstudianteDetalleDTO;" line="91"><counter type="INSTRUCTION" missed="0" covered="59"/><counter type="BRANCH" missed="1" covered="3"/><counter type="LINE" missed="0" covered="10"/><counter type="COMPLEXITY" missed="1" covered="2"/><counter type="METHOD" missed="0" covered="1"/></method><method name="validarCedula" desc="(Ljava/lang/String;)Ljava/lang/String;" line="108"><counter type="INSTRUCTION" missed="7" covered="12"/><counter type="BRANCH" missed="2" covered="2"/><counter type="LINE" missed="1" covered="3"/><counter type="COMPLEXITY" missed="2" covered="1"/><counter type="METHOD" missed="0" covered="1"/></method><method name="validarNombres" desc="(Ljava/lang/String;)Ljava/lang/String;" line="115"><counter type="INSTRUCTION" missed="7" covered="11"/><counter type="BRANCH" missed="2" covered="2"/><counter type="LINE" missed="1" covered="3"/><counter type="COMPLEXITY" missed="2" covered="1"/><counter type="METHOD" missed="0" covered="1"/></method><method name="validarApellidos" desc="(Ljava/lang/String;)Ljava/lang/String;" line="122"><counter type="INSTRUCTION" missed="7" covered="11"/><counter type="BRANCH" missed="2" covered="2"/><counter type="LINE" missed="1" covered="3"/><counter type="COMPLEXITY" missed="2" covered="1"/><counter type="METHOD" missed="0" covered="1"/></method><method name="aplicarCampos" desc="(Lec/edu/uteq/sga/domain/entity/Estudiante;Lec/edu/uteq/sga/domain/dto/CrearEstudianteDTO;Ljava/lang/String;Ljava/lang/String;Ljava/lang/String;)V" line="129"><counter type="INSTRUCTION" missed="38" covered="102"/><counter type="BRANCH" missed="10" covered="6"/><counter type="LINE" missed="5" covered="27"/><counter type="COMPLEXITY" missed="7" covered="2"/><counter type="METHOD" missed="0" covered="1"/></method><method name="resolverRepresentante" desc="(Lec/edu/uteq/sga/domain/dto/RepresentanteInputDTO;)Lec/edu/uteq/sga/domain/entity/Representante;" line="165"><counter type="INSTRUCTION" missed="80" covered="55"/><counter type="BRANCH" missed="26" covered="10"/><counter type="LINE" missed="15" covered="10"/><counter type="COMPLEXITY" missed="17" covered="2"/><counter type="METHOD" missed="0" covered="1"/></method><method name="toDTO" desc="(Lec/edu/uteq/sga/domain/entity/Estudiante;)Lec/edu/uteq/sga/domain/dto/EstudianteListDTO;" line="200"><counter type="INSTRUCTION" missed="1" covered="42"/><counter type="BRANCH" missed="1" covered="1"/><counter type="LINE" missed="1" covered="13"/><counter type="COMPLEXITY" missed="1" covered="1"/><counter type="METHOD" missed="0" covered="1"/></method><method name="toDetalleDTO" desc="(Lec/edu/uteq/sga/domain/entity/Estudiante;)Lec/edu/uteq/sga/domain/dto/EstudianteDetalleDTO;" line="217"><counter type="INSTRUCTION" missed="0" covered="109"/><counter type="BRANCH" missed="0" covered="4"/><counter type="LINE" missed="0" covered="32"/><counter type="COMPLEXITY" missed="0" covered="3"/><counter type="METHOD" missed="0" covered="1"/></method><method name="lambda$1" desc="()Lorg/springframework/web/server/ResponseStatusException;" line="41"><counter type="INSTRUCTION" missed="0" covered="6"/><counter type="LINE" missed="0" covered="1"/><counter type="COMPLEXITY" missed="0" covered="1"/><counter type="METHOD" missed="0" covered="1"/></method><method name="lambda$3" desc="()Lorg/springframework/web/server/ResponseStatusException;" line="65"><counter type="INSTRUCTION" missed="0" covered="6"/><counter type="LINE" missed="0" covered="1"/><counter type="COMPLEXITY" missed="0" covered="1"/><counter type="METHOD" missed="0" covered="1"/></method><method name="lambda$4" desc="()Lorg/springframework/web/server/ResponseStatusException;" line="92"><counter type="INSTRUCTION" missed="6" covered="0"/><counter type="LINE" missed="1" covered="0"/><counter type="COMPLEXITY" missed="1" covered="0"/><counter type="METHOD" missed="1" covered="0"/></method><method name="lambda$5" desc="()Lorg/springframework/web/server/ResponseStatusException;" line="131"><counter type="INSTRUCTION" missed="6" covered="0"/><counter type="LINE" missed="1" covered="0"/><counter type="COMPLEXITY" missed="1" covered="0"/><counter type="METHOD" missed="1" covered="0"/></method><counter type="INSTRUCTION" missed="164" covered="574"/><counter type="BRANCH" missed="51" covered="39"/><counter type="LINE" missed="25" covered="133"/><counter type="COMPLEXITY" missed="40" covered="22"/><counter type="METHOD" missed="2" covered="15"/><counter type="CLASS" missed="0" covered="1"/></class><class name="ec/edu/uteq/sga/application/service/ConfiguracionCalificacionService" sourcefilename="ConfiguracionCalificacionService.java"><method name="&lt;clinit&gt;" desc="()V" line="28"><counter type="INSTRUCTION" missed="0" covered="5"/><counter type="LINE" missed="0" covered="1"/><counter type="COMPLEXITY" missed="0" covered="1"/><counter type="METHOD" missed="0" covered="1"/></method><method name="anoActual" desc="()Lec/edu/uteq/sga/domain/entity/AnoLectivo;" line="38"><counter type="INSTRUCTION" missed="0" covered="7"/><counter type="LINE" missed="0" covered="2"/><counter type="COMPLEXITY" missed="0" covered="1"/><counter type="METHOD" missed="0" covered="1"/></method><method name="obtenerEsquema" desc="()Lec/edu/uteq/sga/domain/dto/configuracion/EsquemaCalificacionDTO;" line="47"><counter type="INSTRUCTION" missed="0" covered="14"/><counter type="LINE" missed="0" covered="4"/><counter type="COMPLEXITY" missed="0" covered="1"/><counter type="METHOD" missed="0" covered="1"/></method><method name="guardarEsquema" desc="(Lec/edu/uteq/sga/domain/dto/configuracion/EsquemaCalificacionDTO;)Lec/edu/uteq/sga/domain/dto/configuracion/EsquemaCalificacionDTO;" line="63"><counter type="INSTRUCTION" missed="0" covered="50"/><counter type="BRANCH" missed="0" covered="2"/><counter type="LINE" missed="0" covered="11"/><counter type="COMPLEXITY" missed="0" covered="2"/><counter type="METHOD" missed="0" covered="1"/></method><method name="listarTiposAporte" desc="()Ljava/util/List;" line="83"><counter type="INSTRUCTION" missed="14" covered="0"/><counter type="LINE" missed="3" covered="0"/><counter type="COMPLEXITY" missed="1" covered="0"/><counter type="METHOD" missed="1" covered="0"/></method><method name="crearTipoAporte" desc="(Lec/edu/uteq/sga/domain/dto/configuracion/TipoAporteDTO;)Lec/edu/uteq/sga/domain/dto/configuracion/TipoAporteDTO;" line="90"><counter type="INSTRUCTION" missed="14" covered="48"/><counter type="BRANCH" missed="5" covered="3"/><counter type="LINE" missed="2" covered="12"/><counter type="COMPLEXITY" missed="4" covered="1"/><counter type="METHOD" missed="0" covered="1"/></method><method name="actualizarTipoAporte" desc="(Ljava/lang/Long;Lec/edu/uteq/sga/domain/dto/configuracion/TipoAporteDTO;)Lec/edu/uteq/sga/domain/dto/configuracion/TipoAporteDTO;" line="111"><counter type="INSTRUCTION" missed="44" covered="0"/><counter type="BRANCH" missed="4" covered="0"/><counter type="LINE" missed="8" covered="0"/><counter type="COMPLEXITY" missed="3" covered="0"/><counter type="METHOD" missed="1" covered="0"/></method><method name="eliminarTipoAporte" desc="(Ljava/lang/Long;)V" line="124"><counter type="INSTRUCTION" missed="16" covered="0"/><counter type="BRANCH" missed="2" covered="0"/><counter type="LINE" missed="4" covered="0"/><counter type="COMPLEXITY" missed="2" covered="0"/><counter type="METHOD" missed="1" covered="0"/></method><method name="listarEscala" desc="(Ljava/lang/Long;)Ljava/util/List;" line="134"><counter type="INSTRUCTION" missed="0" covered="19"/><counter type="LINE" missed="0" covered="6"/><counter type="COMPLEXITY" missed="0" covered="1"/><counter type="METHOD" missed="0" covered="1"/></method><method name="crearRangoEscala" desc="(Lec/edu/uteq/sga/domain/dto/configuracion/EscalaCalificacionDTO;)Lec/edu/uteq/sga/domain/dto/configuracion/EscalaCalificacionDTO;" line="144"><counter type="INSTRUCTION" missed="42" covered="0"/><counter type="LINE" missed="13" covered="0"/><counter type="COMPLEXITY" missed="1" covered="0"/><counter type="METHOD" missed="1" covered="0"/></method><method name="actualizarRangoEscala" desc="(Ljava/lang/Long;Lec/edu/uteq/sga/domain/dto/configuracion/EscalaCalificacionDTO;)Lec/edu/uteq/sga/domain/dto/configuracion/EscalaCalificacionDTO;" line="162"><counter type="INSTRUCTION" missed="35" covered="0"/><counter type="LINE" missed="8" covered="0"/><counter type="COMPLEXITY" missed="1" covered="0"/><counter type="METHOD" missed="1" covered="0"/></method><method name="eliminarRangoEscala" desc="(Ljava/lang/Long;)V" line="175"><counter type="INSTRUCTION" missed="16" covered="0"/><counter type="BRANCH" missed="2" covered="0"/><counter type="LINE" missed="4" covered="0"/><counter type="COMPLEXITY" missed="2" covered="0"/><counter type="METHOD" missed="1" covered="0"/></method><method name="convertirACualitativa" desc="(Ljava/lang/Long;Ljava/math/BigDecimal;)Lec/edu/uteq/sga/domain/dto/configuracion/EscalaCalificacionDTO;" line="187"><counter type="INSTRUCTION" missed="0" covered="13"/><counter type="LINE" missed="0" covered="4"/><counter type="COMPLEXITY" missed="0" covered="1"/><counter type="METHOD" missed="0" covered="1"/></method><method name="listarPeriodos" desc="()Ljava/util/List;" line="198"><counter type="INSTRUCTION" missed="16" covered="0"/><counter type="LINE" missed="5" covered="0"/><counter type="COMPLEXITY" missed="1" covered="0"/><counter type="METHOD" missed="1" covered="0"/></method><method name="actualizarPeriodo" desc="(Ljava/lang/Long;Lec/edu/uteq/sga/domain/dto/configuracion/PeriodoEvaluacionDTO;)Lec/edu/uteq/sga/domain/dto/configuracion/PeriodoEvaluacionDTO;" line="207"><counter type="INSTRUCTION" missed="6" covered="42"/><counter type="BRANCH" missed="2" covered="2"/><counter type="LINE" missed="2" covered="8"/><counter type="COMPLEXITY" missed="2" covered="1"/><counter type="METHOD" missed="0" covered="1"/></method><method name="validarTipoEvaluacion" desc="(Ljava/lang/String;)V" line="223"><counter type="INSTRUCTION" missed="0" covered="14"/><counter type="BRANCH" missed="1" covered="3"/><counter type="LINE" missed="0" covered="4"/><counter type="COMPLEXITY" missed="1" covered="2"/><counter type="METHOD" missed="0" covered="1"/></method><method name="validarRango" desc="(Lec/edu/uteq/sga/domain/dto/configuracion/EscalaCalificacionDTO;)V" line="230"><counter type="INSTRUCTION" missed="13" covered="0"/><counter type="BRANCH" missed="2" covered="0"/><counter type="LINE" missed="4" covered="0"/><counter type="COMPLEXITY" missed="2" covered="0"/><counter type="METHOD" missed="1" covered="0"/></method><method name="aDto" desc="(Lec/edu/uteq/sga/domain/entity/TipoAporte;)Lec/edu/uteq/sga/domain/dto/configuracion/TipoAporteDTO;" line="237"><counter type="INSTRUCTION" missed="0" covered="19"/><counter type="LINE" missed="0" covered="7"/><counter type="COMPLEXITY" missed="0" covered="1"/><counter type="METHOD" missed="0" covered="1"/></method><method name="aDto" desc="(Lec/edu/uteq/sga/domain/entity/EscalaCalificaciones;)Lec/edu/uteq/sga/domain/dto/configuracion/EscalaCalificacionDTO;" line="247"><counter type="INSTRUCTION" missed="0" covered="26"/><counter type="LINE" missed="0" covered="9"/><counter type="COMPLEXITY" missed="0" covered="1"/><counter type="METHOD" missed="0" covered="1"/></method><method name="aDto" desc="(Lec/edu/uteq/sga/domain/entity/PeriodoEvaluacion;)Lec/edu/uteq/sga/domain/dto/configuracion/PeriodoEvaluacionDTO;" line="259"><counter type="INSTRUCTION" missed="0" covered="22"/><counter type="LINE" missed="0" covered="8"/><counter type="COMPLEXITY" missed="0" covered="1"/><counter type="METHOD" missed="0" covered="1"/></method><method name="lambda$0" desc="()Lorg/springframework/web/server/ResponseStatusException;" line="39"><counter type="INSTRUCTION" missed="6" covered="0"/><counter type="LINE" missed="2" covered="0"/><counter type="COMPLEXITY" missed="1" covered="0"/><counter type="METHOD" missed="1" covered="0"/></method><method name="lambda$1" desc="(Lec/edu/uteq/sga/domain/entity/EsquemaCalificacion;)Lec/edu/uteq/sga/domain/dto/configuracion/EsquemaCalificacionDTO;" line="49"><counter type="INSTRUCTION" missed="0" covered="12"/><counter type="LINE" missed="0" covered="5"/><counter type="COMPLEXITY" missed="0" covered="1"/><counter type="METHOD" missed="0" covered="1"/></method><method name="lambda$2" desc="()Lec/edu/uteq/sga/domain/dto/configuracion/EsquemaCalificacionDTO;" line="55"><counter type="INSTRUCTION" missed="13" covered="0"/><counter type="LINE" missed="4" covered="0"/><counter type="COMPLEXITY" missed="1" covered="0"/><counter type="METHOD" missed="1" covered="0"/></method><method name="lambda$3" desc="(Lec/edu/uteq/sga/domain/entity/AnoLectivo;)Lec/edu/uteq/sga/domain/entity/EsquemaCalificacion;" line="71"><counter type="INSTRUCTION" missed="5" covered="0"/><counter type="LINE" missed="1" covered="0"/><counter type="COMPLEXITY" missed="1" covered="0"/><counter type="METHOD" missed="1" covered="0"/></method><method name="lambda$5" desc="()Lorg/springframework/web/server/ResponseStatusException;" line="112"><counter type="INSTRUCTION" missed="6" covered="0"/><counter type="LINE" missed="1" covered="0"/><counter type="COMPLEXITY" missed="1" covered="0"/><counter type="METHOD" missed="1" covered="0"/></method><method name="lambda$6" desc="(Ljava/lang/Long;Lec/edu/uteq/sga/domain/entity/EscalaCalificaciones;)Z" line="136"><counter type="INSTRUCTION" missed="2" covered="10"/><counter type="BRANCH" missed="2" covered="2"/><counter type="LINE" missed="0" covered="1"/><counter type="COMPLEXITY" missed="2" covered="1"/><counter type="METHOD" missed="0" covered="1"/></method><method name="lambda$7" desc="(Lec/edu/uteq/sga/domain/entity/EscalaCalificaciones;Lec/edu/uteq/sga/domain/entity/EscalaCalificaciones;)I" line="137"><counter type="INSTRUCTION" missed="6" covered="0"/><counter type="LINE" missed="1" covered="0"/><counter type="COMPLEXITY" missed="1" covered="0"/><counter type="METHOD" missed="1" covered="0"/></method><method name="lambda$9" desc="()Lorg/springframework/web/server/ResponseStatusException;" line="147"><counter type="INSTRUCTION" missed="6" covered="0"/><counter type="LINE" missed="1" covered="0"/><counter type="COMPLEXITY" missed="1" covered="0"/><counter type="METHOD" missed="1" covered="0"/></method><method name="lambda$10" desc="()Lorg/springframework/web/server/ResponseStatusException;" line="163"><counter type="INSTRUCTION" missed="6" covered="0"/><counter type="LINE" missed="1" covered="0"/><counter type="COMPLEXITY" missed="1" covered="0"/><counter type="METHOD" missed="1" covered="0"/></method><method name="lambda$11" desc="(Ljava/math/BigDecimal;Lec/edu/uteq/sga/domain/dto/configuracion/EscalaCalificacionDTO;)Z" line="188"><counter type="INSTRUCTION" missed="1" covered="13"/><counter type="BRANCH" missed="2" covered="2"/><counter type="LINE" missed="0" covered="1"/><counter type="COMPLEXITY" missed="2" covered="1"/><counter type="METHOD" missed="0" covered="1"/></method><method name="lambda$12" desc="(Ljava/math/BigDecimal;)Lorg/springframework/web/server/ResponseStatusException;" line="190"><counter type="INSTRUCTION" missed="8" covered="0"/><counter type="LINE" missed="2" covered="0"/><counter type="COMPLEXITY" missed="1" covered="0"/><counter type="METHOD" missed="1" covered="0"/></method><method name="lambda$13" desc="(Lec/edu/uteq/sga/domain/entity/PeriodoEvaluacion;Lec/edu/uteq/sga/domain/entity/PeriodoEvaluacion;)I" line="200"><counter type="INSTRUCTION" missed="6" covered="0"/><counter type="LINE" missed="1" covered="0"/><counter type="COMPLEXITY" missed="1" covered="0"/><counter type="METHOD" missed="1" covered="0"/></method><method name="lambda$15" desc="()Lorg/springframework/web/server/ResponseStatusException;" line="208"><counter type="INSTRUCTION" missed="6" covered="0"/><counter type="LINE" missed="1" covered="0"/><counter type="COMPLEXITY" missed="1" covered="0"/><counter type="METHOD" missed="1" covered="0"/></method><counter type="INSTRUCTION" missed="287" covered="314"/><counter type="BRANCH" missed="22" covered="14"/><counter type="LINE" missed="58" covered="80"/><counter type="COMPLEXITY" missed="34" covered="17"/><counter type="METHOD" missed="18" covered="15"/><counter type="CLASS" missed="0" covered="1"/></class><class name="ec/edu/uteq/sga/application/service/AsignaturaService" sourcefilename="AsignaturaService.java"><method name="listarTodos" desc="()Ljava/util/List;" line="22"><counter type="INSTRUCTION" missed="0" covered="11"/><counter type="LINE" missed="0" covered="1"/><counter type="COMPLEXITY" missed="0" covered="1"/><counter type="METHOD" missed="0" covered="1"/></method><method name="listarActivos" desc="()Ljava/util/List;" line="26"><counter type="INSTRUCTION" missed="0" covered="11"/><counter type="LINE" missed="0" covered="1"/><counter type="COMPLEXITY" missed="0" covered="1"/><counter type="METHOD" missed="0" covered="1"/></method><method name="obtenerPorId" desc="(Ljava/lang/Long;)Lec/edu/uteq/sga/domain/dto/asignatura/AsignaturaResponseDTO;" line="30"><counter type="INSTRUCTION" missed="0" covered="6"/><counter type="LINE" missed="0" covered="1"/><counter type="COMPLEXITY" missed="0" covered="1"/><counter type="METHOD" missed="0" covered="1"/></method><method name="crear" desc="(Lec/edu/uteq/sga/domain/dto/asignatura/AsignaturaRequestDTO;)Lec/edu/uteq/sga/domain/dto/asignatura/AsignaturaResponseDTO;" line="35"><counter type="INSTRUCTION" missed="0" covered="52"/><counter type="BRANCH" missed="1" covered="5"/><counter type="LINE" missed="0" covered="12"/><counter type="COMPLEXITY" missed="1" covered="3"/><counter type="METHOD" missed="0" covered="1"/></method><method name="actualizar" desc="(Ljava/lang/Long;Lec/edu/uteq/sga/domain/dto/asignatura/AsignaturaRequestDTO;)Lec/edu/uteq/sga/domain/dto/asignatura/AsignaturaResponseDTO;" line="54"><counter type="INSTRUCTION" missed="0" covered="28"/><counter type="LINE" missed="0" covered="6"/><counter type="COMPLEXITY" missed="0" covered="1"/><counter type="METHOD" missed="0" covered="1"/></method><method name="cambiarEstado" desc="(Ljava/lang/Long;Z)V" line="66"><counter type="INSTRUCTION" missed="0" covered="13"/><counter type="LINE" missed="0" covered="4"/><counter type="COMPLEXITY" missed="0" covered="1"/><counter type="METHOD" missed="0" covered="1"/></method><method name="buscarPorId" desc="(Ljava/lang/Long;)Lec/edu/uteq/sga/domain/entity/Asignatura;" line="72"><counter type="INSTRUCTION" missed="0" covered="8"/><counter type="LINE" missed="0" covered="2"/><counter type="COMPLEXITY" missed="0" covered="1"/><counter type="METHOD" missed="0" covered="1"/></method><method name="toDTO" desc="(Lec/edu/uteq/sga/domain/entity/Asignatura;)Lec/edu/uteq/sga/domain/dto/asignatura/AsignaturaResponseDTO;" line="77"><counter type="INSTRUCTION" missed="0" covered="24"/><counter type="LINE" missed="0" covered="9"/><counter type="COMPLEXITY" missed="0" covered="1"/><counter type="METHOD" missed="0" covered="1"/></method><method name="lambda$2" desc="()Lorg/springframework/web/server/ResponseStatusException;" line="73"><counter type="INSTRUCTION" missed="0" covered="6"/><counter type="LINE" missed="0" covered="1"/><counter type="COMPLEXITY" missed="0" covered="1"/><counter type="METHOD" missed="0" covered="1"/></method><counter type="INSTRUCTION" missed="0" covered="159"/><counter type="BRANCH" missed="1" covered="5"/><counter type="LINE" missed="0" covered="36"/><counter type="COMPLEXITY" missed="1" covered="11"/><counter type="METHOD" missed="0" covered="9"/><counter type="CLASS" missed="0" covered="1"/></class><class name="ec/edu/uteq/sga/application/service/MatriculaService" sourcefilename="MatriculaService.java"><method name="&lt;clinit&gt;" desc="()V" line="25"><counter type="INSTRUCTION" missed="0" covered="8"/><counter type="LINE" missed="0" covered="1"/><counter type="COMPLEXITY" missed="0" covered="1"/><counter type="METHOD" missed="0" covered="1"/></method><method name="listar" desc="(Ljava/lang/Long;Ljava/lang/Long;Ljava/lang/Long;Ljava/lang/String;II)Lec/edu/uteq/sga/application/service/MatriculaService$PaginaMatriculas;" line="39"><counter type="INSTRUCTION" missed="5" covered="154"/><counter type="BRANCH" missed="13" covered="15"/><counter type="LINE" missed="1" covered="27"/><counter type="COMPLEXITY" missed="13" covered="2"/><counter type="METHOD" missed="0" covered="1"/></method><method name="coincide" desc="(Lec/edu/uteq/sga/domain/entity/Estudiante;Ljava/lang/String;)Z" line="81"><counter type="INSTRUCTION" missed="8" covered="14"/><counter type="BRANCH" missed="4" covered="2"/><counter type="LINE" missed="0" covered="1"/><counter type="COMPLEXITY" missed="3" covered="1"/><counter type="METHOD" missed="0" covered="1"/></method><method name="contiene" desc="(Ljava/lang/String;Ljava/lang/String;)Z" line="85"><counter type="INSTRUCTION" missed="0" covered="11"/><counter type="BRANCH" missed="1" covered="3"/><counter type="LINE" missed="0" covered="1"/><counter type="COMPLEXITY" missed="1" covered="2"/><counter type="METHOD" missed="0" covered="1"/></method><method name="obtener" desc="(Ljava/lang/Long;)Lec/edu/uteq/sga/domain/dto/matricula/MatriculaResponseDTO;" line="90"><counter type="INSTRUCTION" missed="0" covered="6"/><counter type="LINE" missed="0" covered="1"/><counter type="COMPLEXITY" missed="0" covered="1"/><counter type="METHOD" missed="0" covered="1"/></method><method name="crear" desc="(Lec/edu/uteq/sga/domain/dto/matricula/MatriculaRequestDTO;Ljava/lang/Long;)Lec/edu/uteq/sga/domain/dto/matricula/MatriculaResponseDTO;" line="95"><counter type="INSTRUCTION" missed="8" covered="132"/><counter type="BRANCH" missed="1" covered="5"/><counter type="LINE" missed="0" covered="32"/><counter type="COMPLEXITY" missed="1" covered="3"/><counter type="METHOD" missed="0" covered="1"/></method><method name="cambiarEstado" desc="(Ljava/lang/Long;Ljava/lang/String;)V" line="137"><counter type="INSTRUCTION" missed="6" covered="0"/><counter type="LINE" missed="2" covered="0"/><counter type="COMPLEXITY" missed="1" covered="0"/><counter type="METHOD" missed="1" covered="0"/></method><method name="cambiarEstado" desc="(Ljava/lang/Long;Ljava/lang/String;Ljava/lang/String;)V" line="142"><counter type="INSTRUCTION" missed="0" covered="34"/><counter type="BRANCH" missed="2" covered="2"/><counter type="LINE" missed="0" covered="8"/><counter type="COMPLEXITY" missed="2" covered="1"/><counter type="METHOD" missed="0" covered="1"/></method><method name="validarEstado" desc="(Ljava/lang/String;Ljava/lang/String;)Ljava/lang/String;" line="153"><counter type="INSTRUCTION" missed="2" covered="22"/><counter type="BRANCH" missed="2" covered="4"/><counter type="LINE" missed="0" covered="5"/><counter type="COMPLEXITY" missed="2" covered="2"/><counter type="METHOD" missed="0" covered="1"/></method><method name="buscarPorId" desc="(Ljava/lang/Long;)Lec/edu/uteq/sga/domain/entity/Matricula;" line="161"><counter type="INSTRUCTION" missed="0" covered="8"/><counter type="LINE" missed="0" covered="2"/><counter type="COMPLEXITY" missed="0" covered="1"/><counter type="METHOD" missed="0" covered="1"/></method><method name="generarPdfMatricula" desc="(Ljava/lang/Long;)[B" line="167"><counter type="INSTRUCTION" missed="49" covered="550"/><counter type="BRANCH" missed="26" covered="24"/><counter type="LINE" missed="2" covered="81"/><counter type="COMPLEXITY" missed="25" covered="1"/><counter type="METHOD" missed="0" covered="1"/></method><method name="addSectionHeader" desc="(Lcom/lowagie/text/Document;Ljava/lang/String;Lcom/lowagie/text/Font;)V" line="277"><counter type="INSTRUCTION" missed="0" covered="17"/><counter type="LINE" missed="0" covered="5"/><counter type="COMPLEXITY" missed="0" covered="1"/><counter type="METHOD" missed="0" covered="1"/></method><method name="addCell" desc="(Lcom/lowagie/text/pdf/PdfPTable;Ljava/lang/String;Ljava/lang/String;Lcom/lowagie/text/Font;Lcom/lowagie/text/Font;)V" line="284"><counter type="INSTRUCTION" missed="0" covered="39"/><counter type="LINE" missed="0" covered="8"/><counter type="COMPLEXITY" missed="0" covered="1"/><counter type="METHOD" missed="0" covered="1"/></method><method name="toDTO" desc="(Lec/edu/uteq/sga/domain/entity/Matricula;)Lec/edu/uteq/sga/domain/dto/matricula/MatriculaResponseDTO;" line="294"><counter type="INSTRUCTION" missed="23" covered="156"/><counter type="BRANCH" missed="19" covered="19"/><counter type="LINE" missed="0" covered="30"/><counter type="COMPLEXITY" missed="19" covered="1"/><counter type="METHOD" missed="0" covered="1"/></method><method name="lambda$0" desc="(Ljava/lang/Long;Lec/edu/uteq/sga/domain/entity/Matricula;)Z" line="42"><counter type="INSTRUCTION" missed="0" covered="6"/><counter type="LINE" missed="0" covered="1"/><counter type="COMPLEXITY" missed="0" covered="1"/><counter type="METHOD" missed="0" covered="1"/></method><method name="lambda$1" desc="(Ljava/lang/Long;Lec/edu/uteq/sga/domain/entity/Matricula;)Z" line="45"><counter type="INSTRUCTION" missed="1" covered="12"/><counter type="BRANCH" missed="2" covered="2"/><counter type="LINE" missed="0" covered="1"/><counter type="COMPLEXITY" missed="2" covered="1"/><counter type="METHOD" missed="0" covered="1"/></method><method name="lambda$3" desc="(Ljava/lang/Long;Lec/edu/uteq/sga/domain/entity/Matricula;)Z" line="56"><counter type="INSTRUCTION" missed="1" covered="12"/><counter type="BRANCH" missed="2" covered="2"/><counter type="LINE" missed="0" covered="1"/><counter type="COMPLEXITY" missed="2" covered="1"/><counter type="METHOD" missed="0" covered="1"/></method><method name="lambda$4" desc="(Ljava/lang/String;Lec/edu/uteq/sga/domain/entity/Matricula;)Z" line="61"><counter type="INSTRUCTION" missed="0" covered="6"/><counter type="LINE" missed="0" covered="1"/><counter type="COMPLEXITY" missed="0" covered="1"/><counter type="METHOD" missed="0" covered="1"/></method><method name="lambda$5" desc="(Lec/edu/uteq/sga/domain/entity/Matricula;)Ljava/lang/Long;" line="66"><counter type="INSTRUCTION" missed="11" covered="0"/><counter type="BRANCH" missed="2" covered="0"/><counter type="LINE" missed="1" covered="0"/><counter type="COMPLEXITY" missed="2" covered="0"/><counter type="METHOD" missed="1" covered="0"/></method><method name="lambda$6" desc="(Lec/edu/uteq/sga/domain/entity/Matricula;)Ljava/lang/String;" line="67"><counter type="INSTRUCTION" missed="9" covered="0"/><counter type="BRANCH" missed="2" covered="0"/><counter type="LINE" missed="1" covered="0"/><counter type="COMPLEXITY" missed="2" covered="0"/><counter type="METHOD" missed="1" covered="0"/></method><method name="lambda$7" desc="(Lec/edu/uteq/sga/domain/entity/Matricula;)Ljava/lang/String;" line="68"><counter type="INSTRUCTION" missed="9" covered="0"/><counter type="BRANCH" missed="2" covered="0"/><counter type="LINE" missed="1" covered="0"/><counter type="COMPLEXITY" missed="2" covered="0"/><counter type="METHOD" missed="1" covered="0"/></method><method name="lambda$9" desc="()Lorg/springframework/web/server/ResponseStatusException;" line="96"><counter type="INSTRUCTION" missed="6" covered="0"/><counter type="LINE" missed="1" covered="0"/><counter type="COMPLEXITY" missed="1" covered="0"/><counter type="METHOD" missed="1" covered="0"/></method><method name="lambda$10" desc="()Lorg/springframework/web/server/ResponseStatusException;" line="98"><counter type="INSTRUCTION" missed="6" covered="0"/><counter type="LINE" missed="1" covered="0"/><counter type="COMPLEXITY" missed="1" covered="0"/><counter type="METHOD" missed="1" covered="0"/></method><method name="lambda$11" desc="()Lorg/springframework/web/server/ResponseStatusException;" line="100"><counter type="INSTRUCTION" missed="6" covered="0"/><counter type="LINE" missed="1" covered="0"/><counter type="COMPLEXITY" missed="1" covered="0"/><counter type="METHOD" missed="1" covered="0"/></method><method name="lambda$12" desc="()Lorg/springframework/web/server/ResponseStatusException;" line="104"><counter type="INSTRUCTION" missed="6" covered="0"/><counter type="LINE" missed="1" covered="0"/><counter type="COMPLEXITY" missed="1" covered="0"/><counter type="METHOD" missed="1" covered="0"/></method><method name="lambda$14" desc="()Lorg/springframework/web/server/ResponseStatusException;" line="162"><counter type="INSTRUCTION" missed="0" covered="6"/><counter type="LINE" missed="0" covered="1"/><counter type="COMPLEXITY" missed="0" covered="1"/><counter type="METHOD" missed="0" covered="1"/></method><counter type="INSTRUCTION" missed="156" covered="1193"/><counter type="BRANCH" missed="78" covered="78"/><counter type="LINE" missed="5" covered="202"/><counter type="COMPLEXITY" missed="81" covered="23"/><counter type="METHOD" missed="8" covered="18"/><counter type="CLASS" missed="0" covered="1"/></class><class name="ec/edu/uteq/sga/application/service/ImportacionExcelService" sourcefilename="ImportacionExcelService.java"><method name="&lt;clinit&gt;" desc="()V" line="40"><counter type="INSTRUCTION" missed="0" covered="9"/><counter type="LINE" missed="0" covered="2"/><counter type="COMPLEXITY" missed="0" covered="1"/><counter type="METHOD" missed="0" covered="1"/></method><method name="parsearArchivo" desc="(Lorg/springframework/web/multipart/MultipartFile;)Lec/edu/uteq/sga/domain/dto/importacion/ExcelImportResultDTO;" line="54"><counter type="INSTRUCTION" missed="218" covered="0"/><counter type="BRANCH" missed="34" covered="0"/><counter type="LINE" missed="52" covered="0"/><counter type="COMPLEXITY" missed="18" covered="0"/><counter type="METHOD" missed="1" covered="0"/></method><method name="leerCsv" desc="(Lorg/springframework/web/multipart/MultipartFile;)Ljava/util/List;" line="127"><counter type="INSTRUCTION" missed="64" covered="0"/><counter type="BRANCH" missed="2" covered="0"/><counter type="LINE" missed="16" covered="0"/><counter type="COMPLEXITY" missed="2" covered="0"/><counter type="METHOD" missed="1" covered="0"/></method><method name="leerExcel" desc="(Lorg/springframework/web/multipart/MultipartFile;)Ljava/util/List;" line="150"><counter type="INSTRUCTION" missed="135" covered="0"/><counter type="BRANCH" missed="12" covered="0"/><counter type="LINE" missed="25" covered="0"/><counter type="COMPLEXITY" missed="7" covered="0"/><counter type="METHOD" missed="1" covered="0"/></method><method name="leerPdf" desc="(Lorg/springframework/web/multipart/MultipartFile;)Ljava/util/List;" line="193"><counter type="INSTRUCTION" missed="283" covered="0"/><counter type="BRANCH" missed="60" covered="0"/><counter type="LINE" missed="46" covered="0"/><counter type="COMPLEXITY" missed="31" covered="0"/><counter type="METHOD" missed="1" covered="0"/></method><method name="construirFilaPdf" desc="(Ljava/lang/String;Ljava/lang/String;Ljava/lang/String;)Ljava/util/Map;" line="263"><counter type="INSTRUCTION" missed="92" covered="0"/><counter type="BRANCH" missed="6" covered="0"/><counter type="LINE" missed="20" covered="0"/><counter type="COMPLEXITY" missed="4" covered="0"/><counter type="METHOD" missed="1" covered="0"/></method><method name="mapearEncabezados" desc="(Ljava/util/List;)Ljava/util/Map;" line="291"><counter type="INSTRUCTION" missed="43" covered="0"/><counter type="BRANCH" missed="9" covered="0"/><counter type="LINE" missed="11" covered="0"/><counter type="COMPLEXITY" missed="7" covered="0"/><counter type="METHOD" missed="1" covered="0"/></method><method name="validarEncabezados" desc="(Ljava/util/Map;)V" line="307"><counter type="INSTRUCTION" missed="17" covered="0"/><counter type="BRANCH" missed="2" covered="0"/><counter type="LINE" missed="5" covered="0"/><counter type="COMPLEXITY" missed="2" covered="0"/><counter type="METHOD" missed="1" covered="0"/></method><method name="normalizar" desc="(Ljava/lang/String;)Ljava/lang/String;" line="314"><counter type="INSTRUCTION" missed="11" covered="0"/><counter type="LINE" missed="3" covered="0"/><counter type="COMPLEXITY" missed="1" covered="0"/><counter type=
[...]
XITY" missed="16" covered="1"/><counter type="METHOD" missed="6" covered="1"/><counter type="CLASS" missed="0" covered="1"/></sourcefile><sourcefile name="SecurityConfig.java"><line nr="40" mi="0" ci="4" mb="0" cb="0"/><line nr="41" mi="0" ci="5" mb="0" cb="0"/><line nr="42" mi="0" ci="9" mb="0" cb="0"/><line nr="43" mi="0" ci="4" mb="0" cb="0"/><line nr="44" mi="0" ci="4" mb="0" cb="0"/><line nr="45" mi="0" ci="4" mb="0" cb="0"/><line nr="46" mi="0" ci="4" mb="0" cb="0"/><line nr="47" mi="0" ci="2" mb="0" cb="0"/><line nr="52" mi="0" ci="6" mb="0" cb="0"/><line nr="57" mi="0" ci="1" mb="0" cb="0"/><line nr="58" mi="0" ci="8" mb="0" cb="0"/><line nr="59" mi="0" ci="5" mb="0" cb="0"/><line nr="60" mi="0" ci="3" mb="0" cb="0"/><line nr="61" mi="0" ci="3" mb="0" cb="0"/><line nr="62" mi="0" ci="7" mb="0" cb="0"/><line nr="63" mi="0" ci="9" mb="0" cb="0"/><line nr="64" mi="0" ci="9" mb="0" cb="0"/><line nr="65" mi="0" ci="5" mb="0" cb="0"/><line nr="67" mi="0" ci="10" mb="0" cb="0"/><line nr="68" mi="0" ci="14" mb="0" cb="0"/><line nr="69" mi="0" ci="9" mb="0" cb="0"/><line nr="70" mi="0" ci="19" mb="0" cb="0"/><line nr="71" mi="0" ci="15" mb="0" cb="0"/><line nr="72" mi="0" ci="15" mb="0" cb="0"/><line nr="73" mi="0" ci="15" mb="0" cb="0"/><line nr="74" mi="0" ci="19" mb="0" cb="0"/><line nr="75" mi="0" ci="19" mb="0" cb="0"/><line nr="76" mi="0" ci="19" mb="0" cb="0"/><line nr="77" mi="0" ci="19" mb="0" cb="0"/><line nr="78" mi="0" ci="19" mb="0" cb="0"/><line nr="79" mi="0" ci="19" mb="0" cb="0"/><line nr="80" mi="0" ci="10" mb="0" cb="0"/><line nr="81" mi="0" ci="23" mb="0" cb="0"/><line nr="82" mi="0" ci="23" mb="0" cb="0"/><line nr="83" mi="0" ci="23" mb="0" cb="0"/><line nr="84" mi="0" ci="27" mb="0" cb="0"/><line nr="85" mi="0" ci="9" mb="0" cb="0"/><line nr="86" mi="0" ci="23" mb="0" cb="0"/><line nr="87" mi="0" ci="15" mb="0" cb="0"/><line nr="88" mi="0" ci="15" mb="0" cb="0"/><line nr="89" mi="0" ci="9" mb="0" cb="0"/><line nr="90" mi="0" ci="9" mb="0" cb="0"/><line nr="91" mi="0" ci="9" mb="0" cb="0"/><line nr="92" mi="0" ci="5" mb="0" cb="0"/><line nr="93" mi="0" ci="4" mb="0" cb="0"/><line nr="95" mi="0" ci="3" mb="0" cb="0"/><line nr="96" mi="0" ci="6" mb="0" cb="0"/><line nr="97" mi="0" ci="3" mb="0" cb="0"/><line nr="98" mi="0" ci="5" mb="0" cb="0"/><line nr="100" mi="0" ci="4" mb="0" cb="0"/><line nr="105" mi="0" ci="4" mb="0" cb="0"/><line nr="110" mi="0" ci="4" mb="0" cb="0"/><line nr="111" mi="0" ci="4" mb="0" cb="0"/><line nr="112" mi="0" ci="4" mb="0" cb="0"/><line nr="113" mi="0" ci="2" mb="0" cb="0"/><line nr="119" mi="0" ci="3" mb="0" cb="0"/><counter type="INSTRUCTION" missed="0" covered="549"/><counter type="LINE" missed="0" covered="56"/><counter type="COMPLEXITY" missed="0" covered="11"/><counter type="METHOD" missed="0" covered="11"/><counter type="CLASS" missed="0" covered="1"/></sourcefile><counter type="INSTRUCTION" missed="837" covered="585"/><counter type="BRANCH" missed="41" covered="1"/><counter type="LINE" missed="161" covered="62"/><counter type="COMPLEXITY" missed="45" covered="14"/><counter type="METHOD" missed="24" covered="14"/><counter type="CLASS" missed="1" covered="3"/></package><package name="ec/edu/uteq/sga/domain/entity"><class name="ec/edu/uteq/sga/domain/entity/MallaCurricular" sourcefilename="MallaCurricular.java"/><class name="ec/edu/uteq/sga/domain/entity/Grado$GradoBuilder" sourcefilename="Grado.java"/><class name="ec/edu/uteq/sga/domain/entity/EstadoUsuario" sourcefilename="EstadoUsuario.java"><method name="&lt;clinit&gt;" desc="()V" line="3"><counter type="INSTRUCTION" missed="34" covered="0"/><counter type="LINE" missed="4" covered="0"/><counter type="COMPLEXITY" missed="1" covered="0"/><counter type="METHOD" missed="1" covered="0"/></method><counter type="INSTRUCTION" missed="34" covered="0"/><counter type="LINE" missed="4" covered="0"/><counter type="COMPLEXITY" missed="1" covered="0"/><counter type="METHOD" missed="1" covered="0"/><counter type="CLASS" missed="1" covered="0"/></class><class name="ec/edu/uteq/sga/domain/entity/EscalaCalificaciones" sourcefilename="EscalaCalificaciones.java"/><class name="ec/edu/uteq/sga/domain/entity/Usuario" sourcefilename="Usuario.java"/><class name="ec/edu/uteq/sga/domain/entity/PeriodoHorario$PeriodoHorarioBuilder" sourcefilename="PeriodoHorario.java"/><class name="ec/edu/uteq/sga/domain/entity/AnoLectivo$AnoLectivoBuilder" sourcefilename="AnoLectivo.java"/><class name="ec/edu/uteq/sga/domain/entity/TipoAporte$TipoAporteBuilder" sourcefilename="TipoAporte.java"/><class name="ec/edu/uteq/sga/domain/entity/Paralelo" sourcefilename="Paralelo.java"/><class name="ec/edu/uteq/sga/domain/entity/Representante" sourcefilename="Representante.java"/><class name="ec/edu/uteq/sga/domain/entity/Asignacion$AsignacionBuilder" sourcefilename="Asignacion.java"/><class name="ec/edu/uteq/sga/domain/entity/Asignatura" sourcefilename="Asignatura.java"/><class name="ec/edu/uteq/sga/domain/entity/PeriodoEvaluacion" sourcefilename="PeriodoEvaluacion.java"/><class name="ec/edu/uteq/sga/domain/entity/Persona$PersonaBuilder" sourcefilename="Persona.java"/><class name="ec/edu/uteq/sga/domain/entity/NivelEducativo$NivelEducativoBuilder" sourcefilename="NivelEducativo.java"/><class name="ec/edu/uteq/sga/domain/entity/EscalaCalificaciones$EscalaCalificacionesBuilder" sourcefilename="EscalaCalificaciones.java"/><class name="ec/edu/uteq/sga/domain/entity/NivelEducativo" sourcefilename="NivelEducativo.java"/><class name="ec/edu/uteq/sga/domain/entity/MallaCurricular$MallaCurricularBuilder" sourcefilename="MallaCurricular.java"/><class name="ec/edu/uteq/sga/domain/entity/Notificacion" sourcefilename="Notificacion.java"/><class name="ec/edu/uteq/sga/domain/entity/EsquemaCalificacion" sourcefilename="EsquemaCalificacion.java"/><class name="ec/edu/uteq/sga/domain/entity/Matricula$MatriculaBuilder" sourcefilename="Matricula.java"/><class name="ec/edu/uteq/sga/domain/entity/Paralelo$ParaleloBuilder" sourcefilename="Paralelo.java"/><class name="ec/edu/uteq/sga/domain/entity/FichaEstudiante$FichaEstudianteBuilder" sourcefilename="FichaEstudiante.java"/><class name="ec/edu/uteq/sga/domain/entity/Estudiante" sourcefilename="Estudiante.java"/><class name="ec/edu/uteq/sga/domain/entity/Auditoria$AuditoriaBuilder" sourcefilename="Auditoria.java"/><class name="ec/edu/uteq/sga/domain/entity/PeriodoHorario" sourcefilename="PeriodoHorario.java"/><class name="ec/edu/uteq/sga/domain/entity/Rol$RolBuilder" sourcefilename="Rol.java"/><class name="ec/edu/uteq/sga/domain/entity/Rol" sourcefilename="Rol.java"/><class name="ec/edu/uteq/sga/domain/entity/TipoAporte" sourcefilename="TipoAporte.java"/><class name="ec/edu/uteq/sga/domain/entity/Asignacion" sourcefilename="Asignacion.java"/><class name="ec/edu/uteq/sga/domain/entity/Matricula" sourcefilename="Matricula.java"/><class name="ec/edu/uteq/sga/domain/entity/Representante$RepresentanteBuilder" sourcefilename="Representante.java"/><class name="ec/edu/uteq/sga/domain/entity/Persona" sourcefilename="Persona.java"/><class name="ec/edu/uteq/sga/domain/entity/Horario" sourcefilename="Horario.java"/><class name="ec/edu/uteq/sga/domain/entity/Estudiante$EstudianteBuilder" sourcefilename="Estudiante.java"/><class name="ec/edu/uteq/sga/domain/entity/Auditoria" sourcefilename="Auditoria.java"/><class name="ec/edu/uteq/sga/domain/entity/PeriodoEvaluacion$PeriodoEvaluacionBuilder" sourcefilename="PeriodoEvaluacion.java"/><class name="ec/edu/uteq/sga/domain/entity/AnoLectivo" sourcefilename="AnoLectivo.java"/><class name="ec/edu/uteq/sga/domain/entity/Horario$HorarioBuilder" sourcefilename="Horario.java"/><class name="ec/edu/uteq/sga/domain/entity/Usuario$UsuarioBuilder" sourcefilename="Usuario.java"/><class name="ec/edu/uteq/sga/domain/entity/Notificacion$NotificacionBuilder" sourcefilename="Notificacion.java"/><class name="ec/edu/uteq/sga/domain/entity/FichaEstudiante" sourcefilename="FichaEstudiante.java"/><class name="ec/edu/uteq/sga/domain/entity/Asignatura$AsignaturaBuilder" sourcefilename="Asignatura.java"/><class name="ec/edu/uteq/sga/domain/entity/EsquemaCalificacion$EsquemaCalificacionBuilder" sourcefilename="EsquemaCalificacion.java"/><class name="ec/edu/uteq/sga/domain/entity/Grado" sourcefilename="Grado.java"/><sourcefile name="Notificacion.java"/><sourcefile name="AnoLectivo.java"/><sourcefile name="Asignatura.java"/><sourcefile name="EsquemaCalificacion.java"/><sourcefile name="NivelEducativo.java"/><sourcefile name="Usuario.java"/><sourcefile name="MallaCurricular.java"/><sourcefile name="FichaEstudiante.java"/><sourcefile name="Asignacion.java"/><sourcefile name="PeriodoHorario.java"/><sourcefile name="Auditoria.java"/><sourcefile name="Estudiante.java"/><sourcefile name="Matricula.java"/><sourcefile name="EstadoUsuario.java"><line nr="3" mi="16" ci="0" mb="0" cb="0"/><line nr="4" mi="6" ci="0" mb="0" cb="0"/><line nr="5" mi="6" ci="0" mb="0" cb="0"/><line nr="6" mi="6" ci="0" mb="0" cb="0"/><counter type="INSTRUCTION" missed="34" covered="0"/><counter type="LINE" missed="4" covered="0"/><counter type="COMPLEXITY" missed="1" covered="0"/><counter type="METHOD" missed="1" covered="0"/><counter type="CLASS" missed="1" covered="0"/></sourcefile><sourcefile name="Horario.java"/><sourcefile name="TipoAporte.java"/><sourcefile name="Representante.java"/><sourcefile name="Grado.java"/><sourcefile name="PeriodoEvaluacion.java"/><sourcefile name="EscalaCalificaciones.java"/><sourcefile name="Paralelo.java"/><sourcefile name="Persona.java"/><sourcefile name="Rol.java"/><counter type="INSTRUCTION" missed="34" covered="0"/><counter type="LINE" missed="4" covered="0"/><counter type="COMPLEXITY" missed="1" covered="0"/><counter type="METHOD" missed="1" covered="0"/><counter type="CLASS" missed="1" covered="0"/></package><package name="ec/edu/uteq/sga/domain/strategy"><class name="ec/edu/uteq/sga/domain/strategy/PromedioPonderado7030Strategy" sourcefilename="PromedioPonderado7030Strategy.java"><method name="&lt;init&gt;" desc="()V" line="12"><counter type="INSTRUCTION" missed="0" covered="3"/><counter type="LINE" missed="0" covered="1"/><counter type="COMPLEXITY" missed="0" covered="1"/><counter type="METHOD" missed="0" covered="1"/></method><method name="calcularPromedio" desc="(Ljava/util/List;)Ljava/math/BigDecimal;" line="16"><counter type="INSTRUCTION" missed="73" covered="0"/><counter type="BRANCH" missed="8" covered="0"/><counter type="LINE" missed="13" covered="0"/><counter type="COMPLEXITY" missed="5" covered="0"/><counter type="METHOD" missed="1" covered="0"/></method><method name="getIdentificador" desc="()Ljava/lang/String;" line="43"><counter type="INSTRUCTION" missed="2" covered="0"/><counter type="LINE" missed="1" covered="0"/><counter type="COMPLEXITY" missed="1" covered="0"/><counter type="METHOD" missed="1" covered="0"/></method><counter type="INSTRUCTION" missed="75" covered="3"/><counter type="BRANCH" missed="8" covered="0"/><counter type="LINE" missed="14" covered="1"/><counter type="COMPLEXITY" missed="6" covered="1"/><counter type="METHOD" missed="2" covered="1"/><counter type="CLASS" missed="0" covered="1"/></class><class name="ec/edu/uteq/sga/domain/strategy/CalculoPromedioStrategy" sourcefilename="CalculoPromedioStrategy.java"/><class name="ec/edu/uteq/sga/domain/strategy/PromedioAritmeticoSimpleStrategy" sourcefilename="PromedioAritmeticoSimpleStrategy.java"><method name="&lt;init&gt;" desc="()V" line="12"><counter type="INSTRUCTION" missed="0" covered="3"/><counter type="LINE" missed="0" covered="1"/><counter type="COMPLEXITY" missed="0" covered="1"/><counter type="METHOD" missed="0" covered="1"/></method><method name="calcularPromedio" desc="(Ljava/util/List;)Ljava/math/BigDecimal;" line="16"><counter type="INSTRUCTION" missed="33" covered="0"/><counter type="BRANCH" missed="6" covered="0"/><counter type="LINE" missed="6" covered="0"/><counter type="COMPLEXITY" missed="4" covered="0"/><counter type="METHOD" missed="1" covered="0"/></method><method name="getIdentificador" desc="()Ljava/lang/String;" line="30"><counter type="INSTRUCTION" missed="2" covered="0"/><counter type="LINE" missed="1" covered="0"/><counter type="COMPLEXITY" missed="1" covered="0"/><counter type="METHOD" missed="1" covered="0"/></method><counter type="INSTRUCTION" missed="35" covered="3"/><counter type="BRANCH" missed="6" covered="0"/><counter type="LINE" missed="7" covered="1"/><counter type="COMPLEXITY" missed="5" covered="1"/><counter type="METHOD" missed="2" covered="1"/><counter type="CLASS" missed="0" covered="1"/></class><sourcefile name="PromedioPonderado7030Strategy.java"><line nr="12" mi="0" ci="3" mb="0" cb="0"/><line nr="16" mi="5" ci="0" mb="4" cb="0"/><line nr="17" mi="2" ci="0" mb="0" cb="0"/><line nr="20" mi="4" ci="0" mb="2" cb="0"/><line nr="21" mi="8" ci="0" mb="0" cb="0"/><line nr="24" mi="2" ci="0" mb="0" cb="0"/><line nr="25" mi="5" ci="0" mb="0" cb="0"/><line nr="27" mi="7" ci="0" mb="2" cb="0"/><line nr="28" mi="7" ci="0" mb="0" cb="0"/><line nr="31" mi="8" ci="0" mb="0" cb="0"/><line nr="32" mi="8" ci="0" mb="0" cb="0"/><line nr="35" mi="5" ci="0" mb="0" cb="0"/><line nr="36" mi="5" ci="0" mb="0" cb="0"/><line nr="38" mi="7" ci="0" mb="0" cb="0"/><line nr="43" mi="2" ci="0" mb="0" cb="0"/><counter type="INSTRUCTION" missed="75" covered="3"/><counter type="BRANCH" missed="8" covered="0"/><counter type="LINE" missed="14" covered="1"/><counter type="COMPLEXITY" missed="6" covered="1"/><counter type="METHOD" missed="2" covered="1"/><counter type="CLASS" missed="0" covered="1"/></sourcefile><sourcefile name="CalculoPromedioStrategy.java"/><sourcefile name="PromedioAritmeticoSimpleStrategy.java"><line nr="12" mi="0" ci="3" mb="0" cb="0"/><line nr="16" mi="5" ci="0" mb="4" cb="0"/><line nr="17" mi="2" ci="0" mb="0" cb="0"/><line nr="20" mi="2" ci="0" mb="0" cb="0"/><line nr="21" mi="11" ci="0" mb="2" cb="0"/><line nr="22" mi="4" ci="0" mb="0" cb="0"/><line nr="25" mi="9" ci="0" mb="0" cb="0"/><line nr="30" mi="2" ci="0" mb="0" cb="0"/><counter type="INSTRUCTION" missed="35" covered="3"/><counter type="BRANCH" missed="6" covered="0"/><counter type="LINE" missed="7" covered="1"/><counter type="COMPLEXITY" missed="5" covered="1"/><counter type="METHOD" missed="2" covered="1"/><counter type="CLASS" missed="0" covered="1"/></sourcefile><counter type="INSTRUCTION" missed="110" covered="6"/><counter type="BRANCH" missed="14" covered="0"/><counter type="LINE" missed="21" covered="2"/><counter type="COMPLEXITY" missed="11" covered="2"/><counter type="METHOD" missed="4" covered="2"/><counter type="CLASS" missed="0" covered="2"/></package><package name="ec/edu/uteq/sga/domain/dto/usuario"><class name="ec/edu/uteq/sga/domain/dto/usuario/UsuarioUpdateDTO$UsuarioUpdateDTOBuilder" sourcefilename="UsuarioUpdateDTO.java"/><class name="ec/edu/uteq/sga/domain/dto/usuario/UsuarioUpdateDTO" sourcefilename="UsuarioUpdateDTO.java"/><class name="ec/edu/uteq/sga/domain/dto/usuario/CambioPasswordDTO" sourcefilename="CambioPasswordDTO.java"/><class name="ec/edu/uteq/sga/domain/dto/usuario/UsuarioCreacionResponseDTO$UsuarioCreacionResponseDTOBuilder" sourcefilename="UsuarioCreacionResponseDTO.java"/><class name="ec/edu/uteq/sga/domain/dto/usuario/UsuarioResponseDTO$UsuarioResponseDTOBuilder" sourcefilename="UsuarioResponseDTO.java"/><class name="ec/edu/uteq/sga/domain/dto/usuario/UsuarioRequestDTO$UsuarioRequestDTOBuilder" sourcefilename="UsuarioRequestDTO.java"/><class name="ec/edu/uteq/sga/domain/dto/usuario/UsuarioResponseDTO" sourcefilename="UsuarioResponseDTO.java"/><class name="ec/edu/uteq/sga/domain/dto/usuario/UsuarioRequestDTO" sourcefilename="UsuarioRequestDTO.java"/><class name="ec/edu/uteq/sga/domain/dto/usuario/UsuarioCreacionResponseDTO" sourcefilename="UsuarioCreacionResponseDTO.java"/><class name="ec/edu/uteq/sga/domain/dto/usuario/CambioPasswordDTO$CambioPasswordDTOBuilder" sourcefilename="CambioPasswordDTO.java"/><sourcefile name="UsuarioUpdateDTO.java"/><sourcefile name="UsuarioCreacionResponseDTO.java"/><sourcefile name="UsuarioRequestDTO.java"/><sourcefile name="CambioPasswordDTO.java"/><sourcefile name="UsuarioResponseDTO.java"/></package><package name="ec/edu/uteq/sga/application/facade"><class name="ec/edu/uteq/sga/application/facade/PortalAcademicoFacade" sourcefilename="PortalAcademicoFacade.java"><method name="&lt;clinit&gt;" desc="()V" line="25"><counter type="INSTRUCTION" missed="0" covered="4"/><counter type="LINE" missed="0" covered="1"/><counter type="COMPLEXITY" missed="0" covered="1"/><counter type="METHOD" missed="0" covered="1"/></method><method name="&lt;init&gt;" desc="(Lec/edu/uteq/sga/application/service/EstudianteService;Lec/edu/uteq/sga/domain/strategy/CalculoPromedioStrategy;Lorg/springframework/context/ApplicationEventPublisher;)V" line="31"><counter type="INSTRUCTION" missed="0" covered="12"/><counter type="LINE" missed="0" covered="5"/><counter type="COMPLEXITY" missed="0" covered="1"/><counter type="METHOD" missed="0" covered="1"/></method><method name="obtenerExpedienteConsolidado" desc="(Ljava/lang/Long;Ljava/util/List;)Ljava/util/Map;" line="43"><counter type="INSTRUCTION" missed="49" covered="0"/><counter type="BRANCH" missed="2" covered="0"/><counter type="LINE" missed="9" covered="0"/><counter type="COMPLEXITY" missed="2" covered="0"/><counter type="METHOD" missed="1" covered="0"/></method><method name="registrarCalificacionYNotificar" desc="(Ljava/lang/Long;Ljava/lang/String;Ljava/math/BigDecimal;Ljava/lang/String;)V" line="61"><counter type="INSTRUCTION" missed="36" covered="0"/><counter type="LINE" missed="9" covered="0"/><counter type="COMPLEXITY" missed="1" covered="0"/><counter type="METHOD" missed="1" covered="0"/></method><counter type="INSTRUCTION" missed="85" covered="16"/><counter type="BRANCH" missed="2" covered="0"/><counter type="LINE" missed="18" covered="6"/><counter type="COMPLEXITY" missed="3" covered="2"/><counter type="METHOD" missed="2" covered="2"/><counter type="CLASS" missed="0" covered="1"/></class><sourcefile name="PortalAcademicoFacade.java"><line nr="25" mi="0" ci="4" mb="0" cb="0"/><line nr="31" mi="0" ci="2" mb="0" cb="0"/><line nr="34" mi="0" ci="3" mb="0" cb="0"/><line nr="35" mi="0" ci="3" mb="0" cb="0"/><line nr="36" mi="0" ci="3" mb="0" cb="0"/><line nr="37" mi="0" ci="1" mb="0" cb="0"/><line nr="43" mi="4" ci="0" mb="0" cb="0"/><line nr="45" mi="5" ci="0" mb="0" cb="0"/><line nr="46" mi="5" ci="0" mb="0" cb="0"/><line nr="48" mi="4" ci="0" mb="0" cb="0"/><line nr="49" mi="5" ci="0" mb="0" cb="0"/><line nr="50" mi="5" ci="0" mb="0" cb="0"/><line nr="51" mi="7" ci="0" mb="0" cb="0"/><line nr="52" mi="12" ci="0" mb="2" cb="0"/><line nr="54" mi="2" ci="0" mb="0" cb="0"/><line nr="61" mi="5" ci="0" mb="0" cb="0"/><line nr="63" mi="18" ci="0" mb="0" cb="0"/><line nr="66" mi="5" ci="0" mb="0" cb="0"/><line nr="67" mi="1" ci="0" mb="0" cb="0"/><line nr="68" mi="2" ci="0" mb="0" cb="0"/><line nr="69" mi="1" ci="0" mb="0" cb="0"/><line nr="70" mi="1" ci="0" mb="0" cb="0"/><line nr="71" mi="2" ci="0" mb="0" cb="0"/><line nr="73" mi="1" ci="0" mb="0" cb="0"/><counter type="INSTRUCTION" missed="85" covered="16"/><counter type="BRANCH" missed="2" covered="0"/><counter type="LINE" missed="18" covered="6"/><counter type="COMPLEXITY" missed="3" covered="2"/><counter type="METHOD" missed="2" covered="2"/><counter type="CLASS" missed="0" covered="1"/></sourcefile><counter type="INSTRUCTION" missed="85" covered="16"/><counter type="BRANCH" missed="2" covered="0"/><counter type="LINE" missed="18" covered="6"/><counter type="COMPLEXITY" missed="3" covered="2"/><counter type="METHOD" missed="2" covered="2"/><counter type="CLASS" missed="0" covered="1"/></package><counter type="INSTRUCTION" missed="10084" covered="4294"/><counter type="BRANCH" missed="771" covered="191"/><counter type="LINE" missed="1952" covered="849"/><counter type="COMPLEXITY" missed="818" covered="188"/><counter type="METHOD" missed="369" covered="154"/><counter type="CLASS" missed="30" covered="35"/></report>